# JRE version: OpenJDK Runtime Environment Temurin-21.0.8+9 (21.0.8+9) (build 21.0.8+9-LTS)
# Java VM: OpenJDK 64-Bit Server VM Temurin-21.0.8+9 (21.0.8+9-LTS, mixed mode, sharing, tiered, compressed oops, compressed class ptrs, parallel gc, windows-amd64)
GC Precious Log:
 CardTable entry size: 512
 CPUs: 12 total, 12 available
 Memory: 5981M
 Large Page Support: Disabled
 NUMA Support: Disabled
 Compressed Oops: Enabled (32-bit)
 Alignments: Space 512K, Generation 512K, Heap 2M
 Heap Min Capacity: 100M
 Heap Initial Capacity: 100M
 Heap Max Capacity: 2G
 Pre-touch: Disabled
 Parallel Workers: 10
Heap:
 PSYoungGen      total 9728K, used 3541K [0x00000000d5580000, 0x00000000d6300000, 0x0000000100000000)
  eden space 9216K, 32% used [0x00000000d5580000,0x00000000d5875490,0x00000000d5e80000)
  from space 512K, 100% used [0x00000000d6280000,0x00000000d6300000,0x00000000d6300000)
  to   space 1536K, 0% used [0x00000000d6000000,0x00000000d6000000,0x00000000d6180000)
 ParOldGen       total 685056K, used 148623K [0x0000000080000000, 0x00000000a9d00000, 0x00000000d5580000)
  object space 685056K, 21% used [0x0000000080000000,0x0000000089123f08,0x00000000a9d00000)
 Metaspace       used 89270K, committed 90944K, reserved 1179648K
  class space    used 9051K, committed 9792K, reserved 1048576K
GC Heap History (20 events):
Event: 3768.509 GC heap before
{Heap before GC invocations=1190 (full 5):
 PSYoungGen      total 11264K, used 11215K [0x00000000d5580000, 0x00000000d6500000, 0x0000000100000000)
  eden space 9216K, 100% used [0x00000000d5580000,0x00000000d5e80000,0x00000000d5e80000)
  from space 2048K, 97% used [0x00000000d6300000,0x00000000d64f3d50,0x00000000d6500000)
  to   space 2560K, 0% used [0x00000000d6000000,0x00000000d6000000,0x00000000d6280000)
 ParOldGen       total 685056K, used 143442K [0x0000000080000000, 0x00000000a9d00000, 0x00000000d5580000)
  object space 685056K, 20% used [0x0000000080000000,0x0000000088c14bb0,0x00000000a9d00000)
 Metaspace       used 89063K, committed 90752K, reserved 1179648K
  class space    used 9038K, committed 9792K, reserved 1048576K
}
Event: 3768.514 GC heap after
{Heap after GC invocations=1190 (full 5):
 PSYoungGen      total 10752K, used 1470K [0x00000000d5580000, 0x00000000d6380000, 0x0000000100000000)
  eden space 9216K, 0% used [0x00000000d5580000,0x00000000d5580000,0x00000000d5e80000)
  from space 1536K, 95% used [0x00000000d6000000,0x00000000d616faa0,0x00000000d6180000)
  to   space 2048K, 0% used [0x00000000d6180000,0x00000000d6180000,0x00000000d6380000)
 ParOldGen       total 685056K, used 144130K [0x0000000080000000, 0x00000000a9d00000, 0x00000000d5580000)
  object space 685056K, 21% used [0x0000000080000000,0x0000000088cc0be0,0x00000000a9d00000)
 Metaspace       used 89063K, committed 90752K, reserved 1179648K
  class space    used 9038K, committed 9792K, reserved 1048576K
}
Event: 3780.286 GC heap before
{Heap before GC invocations=1191 (full 5):
 PSYoungGen      total 10752K, used 10686K [0x00000000d5580000, 0x00000000d6380000, 0x0000000100000000)
  eden space 9216K, 100% used [0x00000000d5580000,0x00000000d5e80000,0x00000000d5e80000)
  from space 1536K, 95% used [0x00000000d6000000,0x00000000d616faa0,0x00000000d6180000)
  to   space 2048K, 0% used [0x00000000d6180000,0x00000000d6180000,0x00000000d6380000)
 ParOldGen       total 685056K, used 144130K [0x0000000080000000, 0x00000000a9d00000, 0x00000000d5580000)
  object space 685056K, 21% used [0x0000000080000000,0x0000000088cc0be0,0x00000000a9d00000)
 Metaspace       used 89072K, committed 90752K, reserved 1179648K
  class space    used 9038K, committed 9792K, reserved 1048576K
}
Event: 3780.288 GC heap after
{Heap after GC invocations=1191 (full 5):
 PSYoungGen      total 10240K, used 573K [0x00000000d5580000, 0x00000000d6280000, 0x0000000100000000)
  eden space 9216K, 0% used [0x00000000d5580000,0x00000000d5580000,0x00000000d5e80000)
  from space 1024K, 56% used [0x00000000d6180000,0x00000000d620f7c0,0x00000000d6280000)
  to   space 1024K, 0% used [0x00000000d6080000,0x00000000d6080000,0x00000000d6180000)
 ParOldGen       total 685056K, used 144210K [0x0000000080000000, 0x00000000a9d00000, 0x00000000d5580000)
  object space 685056K, 21% used [0x0000000080000000,0x0000000088cd4be0,0x00000000a9d00000)
 Metaspace       used 89072K, committed 90752K, reserved 1179648K
  class space    used 9038K, committed 9792K, reserved 1048576K
}
Event: 3781.475 GC heap before
{Heap before GC invocations=1192 (full 5):
 PSYoungGen      total 10240K, used 9789K [0x00000000d5580000, 0x00000000d6280000, 0x0000000100000000)
  eden space 9216K, 100% used [0x00000000d5580000,0x00000000d5e80000,0x00000000d5e80000)
  from space 1024K, 56% used [0x00000000d6180000,0x00000000d620f7c0,0x00000000d6280000)
  to   space 1024K, 0% used [0x00000000d6080000,0x00000000d6080000,0x00000000d6180000)
 ParOldGen       total 685056K, used 144210K [0x0000000080000000, 0x00000000a9d00000, 0x00000000d5580000)
  object space 685056K, 21% used [0x0000000080000000,0x0000000088cd4be0,0x00000000a9d00000)
 Metaspace       used 89087K, committed 90752K, reserved 1179648K
  class space    used 9038K, committed 9792K, reserved 1048576K
}
Event: 3781.478 GC heap after
{Heap after GC invocations=1192 (full 5):
 PSYoungGen      total 10240K, used 256K [0x00000000d5580000, 0x00000000d6200000, 0x0000000100000000)
  eden space 9216K, 0% used [0x00000000d5580000,0x00000000d5580000,0x00000000d5e80000)
  from space 1024K, 25% used [0x00000000d6080000,0x00000000d60c0000,0x00000000d6180000)
  to   space 512K, 0% used [0x00000000d6180000,0x00000000d6180000,0x00000000d6200000)
 ParOldGen       total 685056K, used 144266K [0x0000000080000000, 0x00000000a9d00000, 0x00000000d5580000)
  object space 685056K, 21% used [0x0000000080000000,0x0000000088ce2920,0x00000000a9d00000)
 Metaspace       used 89087K, committed 90752K, reserved 1179648K
  class space    used 9038K, committed 9792K, reserved 1048576K
}
Event: 3785.564 GC heap before
{Heap before GC invocations=1193 (full 5):
 PSYoungGen      total 10240K, used 9472K [0x00000000d5580000, 0x00000000d6200000, 0x0000000100000000)
  eden space 9216K, 100% used [0x00000000d5580000,0x00000000d5e80000,0x00000000d5e80000)
  from space 1024K, 25% used [0x00000000d6080000,0x00000000d60c0000,0x00000000d6180000)
  to   space 512K, 0% used [0x00000000d6180000,0x00000000d6180000,0x00000000d6200000)
 ParOldGen       total 685056K, used 144266K [0x0000000080000000, 0x00000000a9d00000, 0x00000000d5580000)
  object space 685056K, 21% used [0x0000000080000000,0x0000000088ce2920,0x00000000a9d00000)
 Metaspace       used 89113K, committed 90816K, reserved 1179648K
  class space    used 9038K, committed 9792K, reserved 1048576K
}
Event: 3785.566 GC heap after
{Heap after GC invocations=1193 (full 5):
 PSYoungGen      total 9728K, used 511K [0x00000000d5580000, 0x00000000d6200000, 0x0000000100000000)
  eden space 9216K, 0% used [0x00000000d5580000,0x00000000d5580000,0x00000000d5e80000)
  from space 512K, 99% used [0x00000000d6180000,0x00000000d61ffd40,0x00000000d6200000)
  to   space 1024K, 0% used [0x00000000d6000000,0x00000000d6000000,0x00000000d6100000)
 ParOldGen       total 685056K, used 144338K [0x0000000080000000, 0x00000000a9d00000, 0x00000000d5580000)
  object space 685056K, 21% used [0x0000000080000000,0x0000000088cf4920,0x00000000a9d00000)
 Metaspace       used 89113K, committed 90816K, reserved 1179648K
  class space    used 9038K, committed 9792K, reserved 1048576K
}
Event: 3785.631 GC heap before
{Heap before GC invocations=1194 (full 5):
 PSYoungGen      total 9728K, used 9727K [0x00000000d5580000, 0x00000000d6200000, 0x0000000100000000)
  eden space 9216K, 100% used [0x00000000d5580000,0x00000000d5e80000,0x00000000d5e80000)
  from space 512K, 99% used [0x00000000d6180000,0x00000000d61ffd40,0x00000000d6200000)
  to   space 1024K, 0% used [0x00000000d6000000,0x00000000d6000000,0x00000000d6100000)
 ParOldGen       total 685056K, used 144338K [0x0000000080000000, 0x00000000a9d00000, 0x00000000d5580000)
  object space 685056K, 21% used [0x0000000080000000,0x0000000088cf4920,0x00000000a9d00000)
 Metaspace       used 89139K, committed 90816K, reserved 1179648K
  class space    used 9040K, committed 9792K, reserved 1048576K
}
Event: 3785.641 GC heap after
{Heap after GC invocations=1194 (full 5):
 PSYoungGen      total 10240K, used 997K [0x00000000d5580000, 0x00000000d6880000, 0x0000000100000000)
  eden space 9216K, 0% used [0x00000000d5580000,0x00000000d5580000,0x00000000d5e80000)
  from space 1024K, 97% used [0x00000000d6000000,0x00000000d60f97c8,0x00000000d6100000)
  to   space 5120K, 0% used [0x00000000d6380000,0x00000000d6380000,0x00000000d6880000)
 ParOldGen       total 685056K, used 147368K [0x0000000080000000, 0x00000000a9d00000, 0x00000000d5580000)
  object space 685056K, 21% used [0x0000000080000000,0x0000000088fea1a8,0x00000000a9d00000)
 Metaspace       used 89139K, committed 90816K, reserved 1179648K
  class space    used 9040K, committed 9792K, reserved 1048576K
}
Event: 3785.672 GC heap before
{Heap before GC invocations=1195 (full 5):
 PSYoungGen      total 10240K, used 10213K [0x00000000d5580000, 0x00000000d6880000, 0x0000000100000000)
  eden space 9216K, 99% used [0x00000000d5580000,0x00000000d5e7ffe8,0x00000000d5e80000)
  from space 1024K, 97% used [0x00000000d6000000,0x00000000d60f97c8,0x00000000d6100000)
  to   space 5120K, 0% used [0x00000000d6380000,0x00000000d6380000,0x00000000d6880000)
 ParOldGen       total 685056K, used 147368K [0x0000000080000000, 0x00000000a9d00000, 0x00000000d5580000)
  object space 685056K, 21% used [0x0000000080000000,0x0000000088fea1a8,0x00000000a9d00000)
 Metaspace       used 89148K, committed 90816K, reserved 1179648K
  class space    used 9040K, committed 9792K, reserved 1048576K
}
Event: 3785.676 GC heap after
{Heap after GC invocations=1195 (full 5):
 PSYoungGen      total 11776K, used 2249K [0x00000000d5580000, 0x00000000d6600000, 0x0000000100000000)
  eden space 9216K, 0% used [0x00000000d5580000,0x00000000d5580000,0x00000000d5e80000)
  from space 2560K, 87% used [0x00000000d6380000,0x00000000d65b2750,0x00000000d6600000)
  to   space 3072K, 0% used [0x00000000d6000000,0x00000000d6000000,0x00000000d6300000)
 ParOldGen       total 685056K, used 147760K [0x0000000080000000, 0x00000000a9d00000, 0x00000000d5580000)
  object space 685056K, 21% used [0x0000000080000000,0x000000008904c1a8,0x00000000a9d00000)
 Metaspace       used 89148K, committed 90816K, reserved 1179648K
  class space    used 9040K, committed 9792K, reserved 1048576K
}
Event: 3788.323 GC heap before
{Heap before GC invocations=1196 (full 5):
 PSYoungGen      total 11776K, used 11465K [0x00000000d5580000, 0x00000000d6600000, 0x0000000100000000)
  eden space 9216K, 100% used [0x00000000d5580000,0x00000000d5e80000,0x00000000d5e80000)
  from space 2560K, 87% used [0x00000000d6380000,0x00000000d65b2750,0x00000000d6600000)
  to   space 3072K, 0% used [0x00000000d6000000,0x00000000d6000000,0x00000000d6300000)
 ParOldGen       total 685056K, used 147760K [0x0000000080000000, 0x00000000a9d00000, 0x00000000d5580000)
  object space 685056K, 21% used [0x0000000080000000,0x000000008904c1a8,0x00000000a9d00000)
 Metaspace       used 89150K, committed 90816K, reserved 1179648K
  class space    used 9040K, committed 9792K, reserved 1048576K
}
Event: 3788.324 GC heap after
{Heap after GC invocations=1196 (full 5):
 PSYoungGen      total 9728K, used 256K [0x00000000d5580000, 0x00000000d6400000, 0x0000000100000000)
  eden space 9216K, 0% used [0x00000000d5580000,0x00000000d5580000,0x00000000d5e80000)
  from space 512K, 50% used [0x00000000d6000000,0x00000000d6040000,0x00000000d6080000)
  to   space 1536K, 0% used [0x00000000d6280000,0x00000000d6280000,0x00000000d6400000)
 ParOldGen       total 685056K, used 147904K [0x0000000080000000, 0x00000000a9d00000, 0x00000000d5580000)
  object space 685056K, 21% used [0x0000000080000000,0x00000000890701a8,0x00000000a9d00000)
 Metaspace       used 89150K, committed 90816K, reserved 1179648K
  class space    used 9040K, committed 9792K, reserved 1048576K
}
Event: 3788.947 GC heap before
{Heap before GC invocations=1197 (full 5):
 PSYoungGen      total 9728K, used 9472K [0x00000000d5580000, 0x00000000d6400000, 0x0000000100000000)
  eden space 9216K, 100% used [0x00000000d5580000,0x00000000d5e80000,0x00000000d5e80000)
  from space 512K, 50% used [0x00000000d6000000,0x00000000d6040000,0x00000000d6080000)
  to   space 1536K, 0% used [0x00000000d6280000,0x00000000d6280000,0x00000000d6400000)
 ParOldGen       total 685056K, used 147904K [0x0000000080000000, 0x00000000a9d00000, 0x00000000d5580000)
  object space 685056K, 21% used [0x0000000080000000,0x00000000890701a8,0x00000000a9d00000)
 Metaspace       used 89182K, committed 90880K, reserved 1179648K
  class space    used 9049K, committed 9792K, reserved 1048576K
}
Event: 3788.949 GC heap after
{Heap after GC invocations=1197 (full 5):
 PSYoungGen      total 10240K, used 622K [0x00000000d5580000, 0x00000000d6380000, 0x0000000100000000)
  eden space 9216K, 0% used [0x00000000d5580000,0x00000000d5580000,0x00000000d5e80000)
  from space 1024K, 60% used [0x00000000d6280000,0x00000000d631ba90,0x00000000d6380000)
  to   space 1024K, 0% used [0x00000000d6180000,0x00000000d6180000,0x00000000d6280000)
 ParOldGen       total 685056K, used 147944K [0x0000000080000000, 0x00000000a9d00000, 0x00000000d5580000)
  object space 685056K, 21% used [0x0000000080000000,0x000000008907a1a8,0x00000000a9d00000)
 Metaspace       used 89182K, committed 90880K, reserved 1179648K
  class space    used 9049K, committed 9792K, reserved 1048576K
}
Event: 3823.538 GC heap before
{Heap before GC invocations=1198 (full 5):
 PSYoungGen      total 10240K, used 9838K [0x00000000d5580000, 0x00000000d6380000, 0x0000000100000000)
  eden space 9216K, 100% used [0x00000000d5580000,0x00000000d5e80000,0x00000000d5e80000)
  from space 1024K, 60% used [0x00000000d6280000,0x00000000d631ba90,0x00000000d6380000)
  to   space 1024K, 0% used [0x00000000d6180000,0x00000000d6180000,0x00000000d6280000)
 ParOldGen       total 685056K, used 147944K [0x0000000080000000, 0x00000000a9d00000, 0x00000000d5580000)
  object space 685056K, 21% used [0x0000000080000000,0x000000008907a1a8,0x00000000a9d00000)
 Metaspace       used 89206K, committed 90880K, reserved 1179648K
  class space    used 9049K, committed 9792K, reserved 1048576K
}
Event: 3823.564 GC heap after
{Heap after GC invocations=1198 (full 5):
 PSYoungGen      total 10240K, used 686K [0x00000000d5580000, 0x00000000d6300000, 0x0000000100000000)
  eden space 9216K, 0% used [0x00000000d5580000,0x00000000d5580000,0x00000000d5e80000)
  from space 1024K, 67% used [0x00000000d6180000,0x00000000d622ba90,0x00000000d6280000)
  to   space 512K, 0% used [0x00000000d6280000,0x00000000d6280000,0x00000000d6300000)
 ParOldGen       total 685056K, used 148008K [0x0000000080000000, 0x00000000a9d00000, 0x00000000d5580000)
  object space 685056K, 21% used [0x0000000080000000,0x000000008908a1a8,0x00000000a9d00000)
 Metaspace       used 89206K, committed 90880K, reserved 1179648K
  class space    used 9049K, committed 9792K, reserved 1048576K
}
Event: 3824.483 GC heap before
{Heap before GC invocations=1199 (full 5):
 PSYoungGen      total 10240K, used 9902K [0x00000000d5580000, 0x00000000d6300000, 0x0000000100000000)
  eden space 9216K, 100% used [0x00000000d5580000,0x00000000d5e80000,0x00000000d5e80000)
  from space 1024K, 67% used [0x00000000d6180000,0x00000000d622ba90,0x00000000d6280000)
  to   space 512K, 0% used [0x00000000d6280000,0x00000000d6280000,0x00000000d6300000)
 ParOldGen       total 685056K, used 148008K [0x0000000080000000, 0x00000000a9d00000, 0x00000000d5580000)
  object space 685056K, 21% used [0x0000000080000000,0x000000008908a1a8,0x00000000a9d00000)
 Metaspace       used 89268K, committed 90944K, reserved 1179648K
  class space    used 9051K, committed 9792K, reserved 1048576K
}
Event: 3824.487 GC heap after
{Heap after GC invocations=1199 (full 5):
 PSYoungGen      total 9728K, used 512K [0x00000000d5580000, 0x00000000d6300000, 0x0000000100000000)
  eden space 9216K, 0% used [0x00000000d5580000,0x00000000d5580000,0x00000000d5e80000)
  from space 512K, 100% used [0x00000000d6280000,0x00000000d6300000,0x00000000d6300000)
  to   space 1536K, 0% used [0x00000000d6000000,0x00000000d6000000,0x00000000d6180000)
 ParOldGen       total 685056K, used 148623K [0x0000000080000000, 0x00000000a9d00000, 0x00000000d5580000)
  object space 685056K, 21% used [0x0000000080000000,0x0000000089123f08,0x00000000a9d00000)
 Metaspace       used 89268K, committed 90944K, reserved 1179648K
  class space    used 9051K, committed 9792K, reserved 1048576K
}

