# JRE version: OpenJDK Runtime Environment Temurin-21.0.8+9 (21.0.8+9) (build 21.0.8+9-LTS)
# Java VM: OpenJDK 64-Bit Server VM Temurin-21.0.8+9 (21.0.8+9-LTS, mixed mode, sharing, tiered, compressed oops, compressed class ptrs, parallel gc, windows-amd64)
GC Precious Log:
 CardTable entry size: 512
 CPUs: 12 total, 12 available
 Memory: 5981M
 Large Page Support: Disabled
 NUMA Support: Disabled
 Compressed Oops: Enabled (32-bit)
 Alignments: Space 512K, Generation 512K, Heap 2M
 Heap Min Capacity: 100M
 Heap Initial Capacity: 100M
 Heap Max Capacity: 2G
 Pre-touch: Disabled
 Parallel Workers: 10
Heap:
 PSYoungGen      total 6144K, used 4687K [0x00000000d5580000, 0x00000000d5c80000, 0x0000000100000000)
  eden space 5120K, 72% used [0x00000000d5580000,0x00000000d5923cd0,0x00000000d5a80000)
  from space 1024K, 93% used [0x00000000d5b00000,0x00000000d5bf0000,0x00000000d5c00000)
  to   space 512K, 0% used [0x00000000d5c00000,0x00000000d5c00000,0x00000000d5c80000)
 ParOldGen       total 215552K, used 178622K [0x0000000080000000, 0x000000008d280000, 0x00000000d5580000)
  object space 215552K, 82% used [0x0000000080000000,0x000000008ae6fa98,0x000000008d280000)
 Metaspace       used 78743K, committed 80448K, reserved 1179648K
  class space    used 8004K, committed 8768K, reserved 1048576K
GC Heap History (20 events):
Event: 136.399 GC heap before
{Heap before GC invocations=280 (full 4):
 PSYoungGen      total 4608K, used 4304K [0x00000000d5580000, 0x00000000d5c00000, 0x0000000100000000)
  eden space 3584K, 100% used [0x00000000d5580000,0x00000000d5900000,0x00000000d5900000)
  from space 1024K, 70% used [0x00000000d5900000,0x00000000d59b4010,0x00000000d5a00000)
  to   space 1024K, 0% used [0x00000000d5b00000,0x00000000d5b00000,0x00000000d5c00000)
 ParOldGen       total 215552K, used 169435K [0x0000000080000000, 0x000000008d280000, 0x00000000d5580000)
  object space 215552K, 78% used [0x0000000080000000,0x000000008a576ca0,0x000000008d280000)
 Metaspace       used 78514K, committed 80256K, reserved 1179648K
  class space    used 7976K, committed 8768K, reserved 1048576K
}
Event: 136.402 GC heap after
{Heap after GC invocations=280 (full 4):
 PSYoungGen      total 4096K, used 256K [0x00000000d5580000, 0x00000000d5b80000, 0x0000000100000000)
  eden space 3584K, 0% used [0x00000000d5580000,0x00000000d5580000,0x00000000d5900000)
  from space 512K, 50% used [0x00000000d5b00000,0x00000000d5b40000,0x00000000d5b80000)
  to   space 512K, 0% used [0x00000000d5a80000,0x00000000d5a80000,0x00000000d5b00000)
 ParOldGen       total 215552K, used 169671K [0x0000000080000000, 0x000000008d280000, 0x00000000d5580000)
  object space 215552K, 78% used [0x0000000080000000,0x000000008a5b1f28,0x000000008d280000)
 Metaspace       used 78514K, committed 80256K, reserved 1179648K
  class space    used 7976K, committed 8768K, reserved 1048576K
}
Event: 136.429 GC heap before
{Heap before GC invocations=281 (full 4):
 PSYoungGen      total 4096K, used 3840K [0x00000000d5580000, 0x00000000d5b80000, 0x0000000100000000)
  eden space 3584K, 100% used [0x00000000d5580000,0x00000000d5900000,0x00000000d5900000)
  from space 512K, 50% used [0x00000000d5b00000,0x00000000d5b40000,0x00000000d5b80000)
  to   space 512K, 0% used [0x00000000d5a80000,0x00000000d5a80000,0x00000000d5b00000)
 ParOldGen       total 215552K, used 169671K [0x0000000080000000, 0x000000008d280000, 0x00000000d5580000)
  object space 215552K, 78% used [0x0000000080000000,0x000000008a5b1f28,0x000000008d280000)
 Metaspace       used 78517K, committed 80256K, reserved 1179648K
  class space    used 7976K, committed 8768K, reserved 1048576K
}
Event: 136.431 GC heap after
{Heap after GC invocations=281 (full 4):
 PSYoungGen      total 4096K, used 512K [0x00000000d5580000, 0x00000000d5b80000, 0x0000000100000000)
  eden space 3584K, 0% used [0x00000000d5580000,0x00000000d5580000,0x00000000d5900000)
  from space 512K, 100% used [0x00000000d5a80000,0x00000000d5b00000,0x00000000d5b00000)
  to   space 512K, 0% used [0x00000000d5b00000,0x00000000d5b00000,0x00000000d5b80000)
 ParOldGen       total 215552K, used 169935K [0x0000000080000000, 0x000000008d280000, 0x00000000d5580000)
  object space 215552K, 78% used [0x0000000080000000,0x000000008a5f3f28,0x000000008d280000)
 Metaspace       used 78517K, committed 80256K, reserved 1179648K
  class space    used 7976K, committed 8768K, reserved 1048576K
}
Event: 136.453 GC heap before
{Heap before GC invocations=282 (full 4):
 PSYoungGen      total 4096K, used 4095K [0x00000000d5580000, 0x00000000d5b80000, 0x0000000100000000)
  eden space 3584K, 99% used [0x00000000d5580000,0x00000000d58ffff0,0x00000000d5900000)
  from space 512K, 100% used [0x00000000d5a80000,0x00000000d5b00000,0x00000000d5b00000)
  to   space 512K, 0% used [0x00000000d5b00000,0x00000000d5b00000,0x00000000d5b80000)
 ParOldGen       total 215552K, used 169935K [0x0000000080000000, 0x000000008d280000, 0x00000000d5580000)
  object space 215552K, 78% used [0x0000000080000000,0x000000008a5f3f28,0x000000008d280000)
 Metaspace       used 78519K, committed 80256K, reserved 1179648K
  class space    used 7976K, committed 8768K, reserved 1048576K
}
Event: 136.460 GC heap after
{Heap after GC invocations=282 (full 4):
 PSYoungGen      total 2560K, used 491K [0x00000000d5580000, 0x00000000d6000000, 0x0000000100000000)
  eden space 2048K, 0% used [0x00000000d5580000,0x00000000d5580000,0x00000000d5780000)
  from space 512K, 96% used [0x00000000d5b00000,0x00000000d5b7af90,0x00000000d5b80000)
  to   space 3584K, 0% used [0x00000000d5780000,0x00000000d5780000,0x00000000d5b00000)
 ParOldGen       total 215552K, used 172442K [0x0000000080000000, 0x000000008d280000, 0x00000000d5580000)
  object space 215552K, 80% used [0x0000000080000000,0x000000008a866828,0x000000008d280000)
 Metaspace       used 78519K, committed 80256K, reserved 1179648K
  class space    used 7976K, committed 8768K, reserved 1048576K
}
Event: 136.472 GC heap before
{Heap before GC invocations=283 (full 4):
 PSYoungGen      total 2560K, used 2539K [0x00000000d5580000, 0x00000000d6000000, 0x0000000100000000)
  eden space 2048K, 99% used [0x00000000d5580000,0x00000000d577fff0,0x00000000d5780000)
  from space 512K, 96% used [0x00000000d5b00000,0x00000000d5b7af90,0x00000000d5b80000)
  to   space 3584K, 0% used [0x00000000d5780000,0x00000000d5780000,0x00000000d5b00000)
 ParOldGen       total 215552K, used 172442K [0x0000000080000000, 0x000000008d280000, 0x00000000d5580000)
  object space 215552K, 80% used [0x0000000080000000,0x000000008a866828,0x000000008d280000)
 Metaspace       used 78519K, committed 80256K, reserved 1179648K
  class space    used 7976K, committed 8768K, reserved 1048576K
}
Event: 136.477 GC heap after
{Heap after GC invocations=283 (full 4):
 PSYoungGen      total 4096K, used 1691K [0x00000000d5580000, 0x00000000d5c80000, 0x0000000100000000)
  eden space 2048K, 0% used [0x00000000d5580000,0x00000000d5580000,0x00000000d5780000)
  from space 2048K, 82% used [0x00000000d5780000,0x00000000d5926d28,0x00000000d5980000)
  to   space 2560K, 0% used [0x00000000d5a00000,0x00000000d5a00000,0x00000000d5c80000)
 ParOldGen       total 215552K, used 173131K [0x0000000080000000, 0x000000008d280000, 0x00000000d5580000)
  object space 215552K, 80% used [0x0000000080000000,0x000000008a912f80,0x000000008d280000)
 Metaspace       used 78519K, committed 80256K, reserved 1179648K
  class space    used 7976K, committed 8768K, reserved 1048576K
}
Event: 136.483 GC heap before
{Heap before GC invocations=284 (full 4):
 PSYoungGen      total 4096K, used 3739K [0x00000000d5580000, 0x00000000d5c80000, 0x0000000100000000)
  eden space 2048K, 99% used [0x00000000d5580000,0x00000000d577ffd8,0x00000000d5780000)
  from space 2048K, 82% used [0x00000000d5780000,0x00000000d5926d28,0x00000000d5980000)
  to   space 2560K, 0% used [0x00000000d5a00000,0x00000000d5a00000,0x00000000d5c80000)
 ParOldGen       total 215552K, used 173131K [0x0000000080000000, 0x000000008d280000, 0x00000000d5580000)
  object space 215552K, 80% used [0x0000000080000000,0x000000008a912f80,0x000000008d280000)
 Metaspace       used 78520K, committed 80256K, reserved 1179648K
  class space    used 7976K, committed 8768K, reserved 1048576K
}
Event: 136.490 GC heap after
{Heap after GC invocations=284 (full 4):
 PSYoungGen      total 4608K, used 1547K [0x00000000d5580000, 0x00000000d5c00000, 0x0000000100000000)
  eden space 2560K, 0% used [0x00000000d5580000,0x00000000d5580000,0x00000000d5800000)
  from space 2048K, 75% used [0x00000000d5a00000,0x00000000d5b82f90,0x00000000d5c00000)
  to   space 2048K, 0% used [0x00000000d5800000,0x00000000d5800000,0x00000000d5a00000)
 ParOldGen       total 215552K, used 174587K [0x0000000080000000, 0x000000008d280000, 0x00000000d5580000)
  object space 215552K, 80% used [0x0000000080000000,0x000000008aa7ef80,0x000000008d280000)
 Metaspace       used 78520K, committed 80256K, reserved 1179648K
  class space    used 7976K, committed 8768K, reserved 1048576K
}
Event: 136.499 GC heap before
{Heap before GC invocations=285 (full 4):
 PSYoungGen      total 4608K, used 4107K [0x00000000d5580000, 0x00000000d5c00000, 0x0000000100000000)
  eden space 2560K, 100% used [0x00000000d5580000,0x00000000d5800000,0x00000000d5800000)
  from space 2048K, 75% used [0x00000000d5a00000,0x00000000d5b82f90,0x00000000d5c00000)
  to   space 2048K, 0% used [0x00000000d5800000,0x00000000d5800000,0x00000000d5a00000)
 ParOldGen       total 215552K, used 174587K [0x0000000080000000, 0x000000008d280000, 0x00000000d5580000)
  object space 215552K, 80% used [0x0000000080000000,0x000000008aa7ef80,0x000000008d280000)
 Metaspace       used 78522K, committed 80256K, reserved 1179648K
  class space    used 7976K, committed 8768K, reserved 1048576K
}
Event: 136.508 GC heap after
{Heap after GC invocations=285 (full 4):
 PSYoungGen      total 4608K, used 2048K [0x00000000d5580000, 0x00000000d6080000, 0x0000000100000000)
  eden space 2560K, 0% used [0x00000000d5580000,0x00000000d5580000,0x00000000d5800000)
  from space 2048K, 100% used [0x00000000d5800000,0x00000000d5a00000,0x00000000d5a00000)
  to   space 4096K, 0% used [0x00000000d5c80000,0x00000000d5c80000,0x00000000d6080000)
 ParOldGen       total 215552K, used 176028K [0x0000000080000000, 0x000000008d280000, 0x00000000d5580000)
  object space 215552K, 81% used [0x0000000080000000,0x000000008abe7198,0x000000008d280000)
 Metaspace       used 78522K, committed 80256K, reserved 1179648K
  class space    used 7976K, committed 8768K, reserved 1048576K
}
Event: 136.519 GC heap before
{Heap before GC invocations=286 (full 4):
 PSYoungGen      total 4608K, used 4608K [0x00000000d5580000, 0x00000000d6080000, 0x0000000100000000)
  eden space 2560K, 100% used [0x00000000d5580000,0x00000000d5800000,0x00000000d5800000)
  from space 2048K, 100% used [0x00000000d5800000,0x00000000d5a00000,0x00000000d5a00000)
  to   space 4096K, 0% used [0x00000000d5c80000,0x00000000d5c80000,0x00000000d6080000)
 ParOldGen       total 215552K, used 176028K [0x0000000080000000, 0x000000008d280000, 0x00000000d5580000)
  object space 215552K, 81% used [0x0000000080000000,0x000000008abe7198,0x000000008d280000)
 Metaspace       used 78535K, committed 80256K, reserved 1179648K
  class space    used 7977K, committed 8768K, reserved 1048576K
}
Event: 136.524 GC heap after
{Heap after GC invocations=286 (full 4):
 PSYoungGen      total 4096K, used 912K [0x00000000d5580000, 0x00000000d5d80000, 0x0000000100000000)
  eden space 3072K, 0% used [0x00000000d5580000,0x00000000d5580000,0x00000000d5880000)
  from space 1024K, 89% used [0x00000000d5c80000,0x00000000d5d64010,0x00000000d5d80000)
  to   space 2048K, 0% used [0x00000000d5980000,0x00000000d5980000,0x00000000d5b80000)
 ParOldGen       total 215552K, used 178084K [0x0000000080000000, 0x000000008d280000, 0x00000000d5580000)
  object space 215552K, 82% used [0x0000000080000000,0x000000008ade9198,0x000000008d280000)
 Metaspace       used 78535K, committed 80256K, reserved 1179648K
  class space    used 7977K, committed 8768K, reserved 1048576K
}
Event: 136.548 GC heap before
{Heap before GC invocations=287 (full 4):
 PSYoungGen      total 4096K, used 3984K [0x00000000d5580000, 0x00000000d5d80000, 0x0000000100000000)
  eden space 3072K, 100% used [0x00000000d5580000,0x00000000d5880000,0x00000000d5880000)
  from space 1024K, 89% used [0x00000000d5c80000,0x00000000d5d64010,0x00000000d5d80000)
  to   space 2048K, 0% used [0x00000000d5980000,0x00000000d5980000,0x00000000d5b80000)
 ParOldGen       total 215552K, used 178084K [0x0000000080000000, 0x000000008d280000, 0x00000000d5580000)
  object space 215552K, 82% used [0x0000000080000000,0x000000008ade9198,0x000000008d280000)
 Metaspace       used 78535K, committed 80256K, reserved 1179648K
  class space    used 7977K, committed 8768K, reserved 1048576K
}
Event: 136.550 GC heap after
{Heap after GC invocations=287 (full 4):
 PSYoungGen      total 6144K, used 320K [0x00000000d5580000, 0x00000000d5d00000, 0x0000000100000000)
  eden space 4096K, 0% used [0x00000000d5580000,0x00000000d5580000,0x00000000d5980000)
  from space 2048K, 15% used [0x00000000d5980000,0x00000000d59d0000,0x00000000d5b80000)
  to   space 1024K, 0% used [0x00000000d5c00000,0x00000000d5c00000,0x00000000d5d00000)
 ParOldGen       total 215552K, used 178492K [0x0000000080000000, 0x000000008d280000, 0x00000000d5580000)
  object space 215552K, 82% used [0x0000000080000000,0x000000008ae4f198,0x000000008d280000)
 Metaspace       used 78535K, committed 80256K, reserved 1179648K
  class space    used 7977K, committed 8768K, reserved 1048576K
}
Event: 136.577 GC heap before
{Heap before GC invocations=288 (full 4):
 PSYoungGen      total 6144K, used 4416K [0x00000000d5580000, 0x00000000d5d00000, 0x0000000100000000)
  eden space 4096K, 100% used [0x00000000d5580000,0x00000000d5980000,0x00000000d5980000)
  from space 2048K, 15% used [0x00000000d5980000,0x00000000d59d0000,0x00000000d5b80000)
  to   space 1024K, 0% used [0x00000000d5c00000,0x00000000d5c00000,0x00000000d5d00000)
 ParOldGen       total 215552K, used 178492K [0x0000000080000000, 0x000000008d280000, 0x00000000d5580000)
  object space 215552K, 82% used [0x0000000080000000,0x000000008ae4f198,0x000000008d280000)
 Metaspace       used 78537K, committed 80256K, reserved 1179648K
  class space    used 7977K, committed 8768K, reserved 1048576K
}
Event: 136.580 GC heap after
{Heap after GC invocations=288 (full 4):
 PSYoungGen      total 6144K, used 896K [0x00000000d5580000, 0x00000000d5d00000, 0x0000000100000000)
  eden space 5120K, 0% used [0x00000000d5580000,0x00000000d5580000,0x00000000d5a80000)
  from space 1024K, 87% used [0x00000000d5c00000,0x00000000d5ce0000,0x00000000d5d00000)
  to   space 1024K, 0% used [0x00000000d5b00000,0x00000000d5b00000,0x00000000d5c00000)
 ParOldGen       total 215552K, used 178582K [0x0000000080000000, 0x000000008d280000, 0x00000000d5580000)
  object space 215552K, 82% used [0x0000000080000000,0x000000008ae65a98,0x000000008d280000)
 Metaspace       used 78537K, committed 80256K, reserved 1179648K
  class space    used 7977K, committed 8768K, reserved 1048576K
}
Event: 136.886 GC heap before
{Heap before GC invocations=289 (full 4):
 PSYoungGen      total 6144K, used 6016K [0x00000000d5580000, 0x00000000d5d00000, 0x0000000100000000)
  eden space 5120K, 100% used [0x00000000d5580000,0x00000000d5a80000,0x00000000d5a80000)
  from space 1024K, 87% used [0x00000000d5c00000,0x00000000d5ce0000,0x00000000d5d00000)
  to   space 1024K, 0% used [0x00000000d5b00000,0x00000000d5b00000,0x00000000d5c00000)
 ParOldGen       total 215552K, used 178582K [0x0000000080000000, 0x000000008d280000, 0x00000000d5580000)
  object space 215552K, 82% used [0x0000000080000000,0x000000008ae65a98,0x000000008d280000)
 Metaspace       used 78538K, committed 80256K, reserved 1179648K
  class space    used 7977K, committed 8768K, reserved 1048576K
}
Event: 136.888 GC heap after
{Heap after GC invocations=289 (full 4):
 PSYoungGen      total 6144K, used 960K [0x00000000d5580000, 0x00000000d5c80000, 0x0000000100000000)
  eden space 5120K, 0% used [0x00000000d5580000,0x00000000d5580000,0x00000000d5a80000)
  from space 1024K, 93% used [0x00000000d5b00000,0x00000000d5bf0000,0x00000000d5c00000)
  to   space 512K, 0% used [0x00000000d5c00000,0x00000000d5c00000,0x00000000d5c80000)
 ParOldGen       total 215552K, used 178622K [0x0000000080000000, 0x000000008d280000, 0x00000000d5580000)
  object space 215552K, 82% used [0x0000000080000000,0x000000008ae6fa98,0x000000008d280000)
 Metaspace       used 78538K, committed 80256K, reserved 1179648K
  class space    used 7977K, committed 8768K, reserved 1048576K
}

