# JRE version: OpenJDK Runtime Environment Temurin-21.0.8+9 (21.0.8+9) (build 21.0.8+9-LTS)
# Java VM: OpenJDK 64-Bit Server VM Temurin-21.0.8+9 (21.0.8+9-LTS, mixed mode, sharing, tiered, compressed oops, compressed class ptrs, parallel gc, windows-amd64)
GC Precious Log:
 CardTable entry size: 512
 CPUs: 12 total, 12 available
 Memory: 5981M
 Large Page Support: Disabled
 NUMA Support: Disabled
 Compressed Oops: Enabled (32-bit)
 Alignments: Space 512K, Generation 512K, Heap 2M
 Heap Min Capacity: 100M
 Heap Initial Capacity: 100M
 Heap Max Capacity: 2G
 Pre-touch: Disabled
 Parallel Workers: 10
Heap:
 PSYoungGen      total 3584K, used 2357K [0x00000000d5580000, 0x00000000d5a00000, 0x0000000100000000)
  eden space 3072K, 64% used [0x00000000d5580000,0x00000000d576d438,0x00000000d5880000)
  from space 512K, 75% used [0x00000000d5900000,0x00000000d5960020,0x00000000d5980000)
  to   space 512K, 0% used [0x00000000d5980000,0x00000000d5980000,0x00000000d5a00000)
 ParOldGen       total 1254400K, used 1254317K [0x0000000080000000, 0x00000000cc900000, 0x00000000d5580000)
  object space 1254400K, 99% used [0x0000000080000000,0x00000000cc8eb570,0x00000000cc900000)
 Metaspace       used 92145K, committed 93696K, reserved 1179648K
  class space    used 9220K, committed 9920K, reserved 1048576K
GC Heap History (20 events):
Event: 35599.370 GC heap before
{Heap before GC invocations=4004 (full 6):
 PSYoungGen      total 7168K, used 7161K [0x00000000d5580000, 0x00000000d6080000, 0x0000000100000000)
  eden space 4096K, 100% used [0x00000000d5580000,0x00000000d5980000,0x00000000d5980000)
  from space 3072K, 99% used [0x00000000d5a00000,0x00000000d5cfe690,0x00000000d5d00000)
  to   space 3584K, 0% used [0x00000000d5d00000,0x00000000d5d00000,0x00000000d6080000)
 ParOldGen       total 1243648K, used 1243524K [0x0000000080000000, 0x00000000cbe80000, 0x00000000d5580000)
  object space 1243648K, 99% used [0x0000000080000000,0x00000000cbe61028,0x00000000cbe80000)
 Metaspace       used 92145K, committed 93696K, reserved 1179648K
  class space    used 9220K, committed 9920K, reserved 1048576K
}
Event: 35599.381 GC heap after
{Heap after GC invocations=4004 (full 6):
 PSYoungGen      total 4096K, used 3556K [0x00000000d5580000, 0x00000000d6880000, 0x0000000100000000)
  eden space 512K, 0% used [0x00000000d5580000,0x00000000d5580000,0x00000000d5600000)
  from space 3584K, 99% used [0x00000000d5d00000,0x00000000d60793f0,0x00000000d6080000)
  to   space 7168K, 0% used [0x00000000d5600000,0x00000000d5600000,0x00000000d5d00000)
 ParOldGen       total 1246720K, used 1246358K [0x0000000080000000, 0x00000000cc180000, 0x00000000d5580000)
  object space 1246720K, 99% used [0x0000000080000000,0x00000000cc125bb8,0x00000000cc180000)
 Metaspace       used 92145K, committed 93696K, reserved 1179648K
  class space    used 9220K, committed 9920K, reserved 1048576K
}
Event: 35599.383 GC heap before
{Heap before GC invocations=4005 (full 6):
 PSYoungGen      total 4096K, used 4068K [0x00000000d5580000, 0x00000000d6880000, 0x0000000100000000)
  eden space 512K, 99% used [0x00000000d5580000,0x00000000d55fffe0,0x00000000d5600000)
  from space 3584K, 99% used [0x00000000d5d00000,0x00000000d60793f0,0x00000000d6080000)
  to   space 7168K, 0% used [0x00000000d5600000,0x00000000d5600000,0x00000000d5d00000)
 ParOldGen       total 1246720K, used 1246358K [0x0000000080000000, 0x00000000cc180000, 0x00000000d5580000)
  object space 1246720K, 99% used [0x0000000080000000,0x00000000cc125bb8,0x00000000cc180000)
 Metaspace       used 92145K, committed 93696K, reserved 1179648K
  class space    used 9220K, committed 9920K, reserved 1048576K
}
Event: 35599.391 GC heap after
{Heap after GC invocations=4005 (full 6):
 PSYoungGen      total 1536K, used 612K [0x00000000d5580000, 0x00000000d5d80000, 0x0000000100000000)
  eden space 512K, 0% used [0x00000000d5580000,0x00000000d5580000,0x00000000d5600000)
  from space 1024K, 59% used [0x00000000d5600000,0x00000000d5699158,0x00000000d5700000)
  to   space 3072K, 0% used [0x00000000d5a80000,0x00000000d5a80000,0x00000000d5d80000)
 ParOldGen       total 1250304K, used 1249960K [0x0000000080000000, 0x00000000cc500000, 0x00000000d5580000)
  object space 1250304K, 99% used [0x0000000080000000,0x00000000cc4aa0f8,0x00000000cc500000)
 Metaspace       used 92145K, committed 93696K, reserved 1179648K
  class space    used 9220K, committed 9920K, reserved 1048576K
}
Event: 35599.395 GC heap before
{Heap before GC invocations=4006 (full 6):
 PSYoungGen      total 1536K, used 1124K [0x00000000d5580000, 0x00000000d5d80000, 0x0000000100000000)
  eden space 512K, 100% used [0x00000000d5580000,0x00000000d5600000,0x00000000d5600000)
  from space 1024K, 59% used [0x00000000d5600000,0x00000000d5699158,0x00000000d5700000)
  to   space 3072K, 0% used [0x00000000d5a80000,0x00000000d5a80000,0x00000000d5d80000)
 ParOldGen       total 1250304K, used 1249960K [0x0000000080000000, 0x00000000cc500000, 0x00000000d5580000)
  object space 1250304K, 99% used [0x0000000080000000,0x00000000cc4aa0f8,0x00000000cc500000)
 Metaspace       used 92145K, committed 93696K, reserved 1179648K
  class space    used 9220K, committed 9920K, reserved 1048576K
}
Event: 35599.400 GC heap after
{Heap after GC invocations=4006 (full 6):
 PSYoungGen      total 2048K, used 598K [0x00000000d5580000, 0x00000000d5b80000, 0x0000000100000000)
  eden space 1024K, 0% used [0x00000000d5580000,0x00000000d5580000,0x00000000d5680000)
  from space 1024K, 58% used [0x00000000d5a80000,0x00000000d5b15bf8,0x00000000d5b80000)
  to   space 1024K, 0% used [0x00000000d5980000,0x00000000d5980000,0x00000000d5a80000)
 ParOldGen       total 1250816K, used 1250492K [0x0000000080000000, 0x00000000cc580000, 0x00000000d5580000)
  object space 1250816K, 99% used [0x0000000080000000,0x00000000cc52f250,0x00000000cc580000)
 Metaspace       used 92145K, committed 93696K, reserved 1179648K
  class space    used 9220K, committed 9920K, reserved 1048576K
}
Event: 35599.408 GC heap before
{Heap before GC invocations=4007 (full 6):
 PSYoungGen      total 2048K, used 1611K [0x00000000d5580000, 0x00000000d5b80000, 0x0000000100000000)
  eden space 1024K, 98% used [0x00000000d5580000,0x00000000d567d020,0x00000000d5680000)
  from space 1024K, 58% used [0x00000000d5a80000,0x00000000d5b15bf8,0x00000000d5b80000)
  to   space 1024K, 0% used [0x00000000d5980000,0x00000000d5980000,0x00000000d5a80000)
 ParOldGen       total 1250816K, used 1250492K [0x0000000080000000, 0x00000000cc580000, 0x00000000d5580000)
  object space 1250816K, 99% used [0x0000000080000000,0x00000000cc52f250,0x00000000cc580000)
 Metaspace       used 92145K, committed 93696K, reserved 1179648K
  class space    used 9220K, committed 9920K, reserved 1048576K
}
Event: 35599.414 GC heap after
{Heap after GC invocations=4007 (full 6):
 PSYoungGen      total 2560K, used 1013K [0x00000000d5580000, 0x00000000d5b00000, 0x0000000100000000)
  eden space 1536K, 0% used [0x00000000d5580000,0x00000000d5580000,0x00000000d5700000)
  from space 1024K, 99% used [0x00000000d5980000,0x00000000d5a7d7a8,0x00000000d5a80000)
  to   space 512K, 0% used [0x00000000d5a80000,0x00000000d5a80000,0x00000000d5b00000)
 ParOldGen       total 1251328K, used 1251015K [0x0000000080000000, 0x00000000cc600000, 0x00000000d5580000)
  object space 1251328K, 99% used [0x0000000080000000,0x00000000cc5b1cc0,0x00000000cc600000)
 Metaspace       used 92145K, committed 93696K, reserved 1179648K
  class space    used 9220K, committed 9920K, reserved 1048576K
}
Event: 35599.433 GC heap before
{Heap before GC invocations=4008 (full 6):
 PSYoungGen      total 2560K, used 2357K [0x00000000d5580000, 0x00000000d5b00000, 0x0000000100000000)
  eden space 1536K, 87% used [0x00000000d5580000,0x00000000d56cffb0,0x00000000d5700000)
  from space 1024K, 99% used [0x00000000d5980000,0x00000000d5a7d7a8,0x00000000d5a80000)
  to   space 512K, 0% used [0x00000000d5a80000,0x00000000d5a80000,0x00000000d5b00000)
 ParOldGen       total 1251328K, used 1251015K [0x0000000080000000, 0x00000000cc600000, 0x00000000d5580000)
  object space 1251328K, 99% used [0x0000000080000000,0x00000000cc5b1cc0,0x00000000cc600000)
 Metaspace       used 92145K, committed 93696K, reserved 1179648K
  class space    used 9220K, committed 9920K, reserved 1048576K
}
Event: 35599.440 GC heap after
{Heap after GC invocations=4008 (full 6):
 PSYoungGen      total 2560K, used 485K [0x00000000d5580000, 0x00000000d5c80000, 0x0000000100000000)
  eden space 2048K, 0% used [0x00000000d5580000,0x00000000d5580000,0x00000000d5780000)
  from space 512K, 94% used [0x00000000d5a80000,0x00000000d5af95c8,0x00000000d5b00000)
  to   space 2560K, 0% used [0x00000000d5780000,0x00000000d5780000,0x00000000d5a00000)
 ParOldGen       total 1252864K, used 1252555K [0x0000000080000000, 0x00000000cc780000, 0x00000000d5580000)
  object space 1252864K, 99% used [0x0000000080000000,0x00000000cc732c60,0x00000000cc780000)
 Metaspace       used 92145K, committed 93696K, reserved 1179648K
  class space    used 9220K, committed 9920K, reserved 1048576K
}
Event: 35599.537 GC heap before
{Heap before GC invocations=4009 (full 6):
 PSYoungGen      total 2560K, used 2533K [0x00000000d5580000, 0x00000000d5c80000, 0x0000000100000000)
  eden space 2048K, 100% used [0x00000000d5580000,0x00000000d5780000,0x00000000d5780000)
  from space 512K, 94% used [0x00000000d5a80000,0x00000000d5af95c8,0x00000000d5b00000)
  to   space 2560K, 0% used [0x00000000d5780000,0x00000000d5780000,0x00000000d5a00000)
 ParOldGen       total 1252864K, used 1252555K [0x0000000080000000, 0x00000000cc780000, 0x00000000d5580000)
  object space 1252864K, 99% used [0x0000000080000000,0x00000000cc732c60,0x00000000cc780000)
 Metaspace       used 92145K, committed 93696K, reserved 1179648K
  class space    used 9220K, committed 9920K, reserved 1048576K
}
Event: 35599.546 GC heap after
{Heap after GC invocations=4009 (full 6):
 PSYoungGen      total 4608K, used 1280K [0x00000000d5580000, 0x00000000d5c00000, 0x0000000100000000)
  eden space 2048K, 0% used [0x00000000d5580000,0x00000000d5580000,0x00000000d5780000)
  from space 2560K, 50% used [0x00000000d5780000,0x00000000d58c0000,0x00000000d5a00000)
  to   space 2048K, 0% used [0x00000000d5a00000,0x00000000d5a00000,0x00000000d5c00000)
 ParOldGen       total 1252864K, used 1252707K [0x0000000080000000, 0x00000000cc780000, 0x00000000d5580000)
  object space 1252864K, 99% used [0x0000000080000000,0x00000000cc758c60,0x00000000cc780000)
 Metaspace       used 92145K, committed 93696K, reserved 1179648K
  class space    used 9220K, committed 9920K, reserved 1048576K
}
Event: 35599.582 GC heap before
{Heap before GC invocations=4010 (full 6):
 PSYoungGen      total 4608K, used 3328K [0x00000000d5580000, 0x00000000d5c00000, 0x0000000100000000)
  eden space 2048K, 100% used [0x00000000d5580000,0x00000000d5780000,0x00000000d5780000)
  from space 2560K, 50% used [0x00000000d5780000,0x00000000d58c0000,0x00000000d5a00000)
  to   space 2048K, 0% used [0x00000000d5a00000,0x00000000d5a00000,0x00000000d5c00000)
 ParOldGen       total 1252864K, used 1252707K [0x0000000080000000, 0x00000000cc780000, 0x00000000d5580000)
  object space 1252864K, 99% used [0x0000000080000000,0x00000000cc758c60,0x00000000cc780000)
 Metaspace       used 92145K, committed 93696K, reserved 1179648K
  class space    used 9220K, committed 9920K, reserved 1048576K
}
Event: 35599.595 GC heap after
{Heap after GC invocations=4010 (full 6):
 PSYoungGen      total 3584K, used 624K [0x00000000d5580000, 0x00000000d5b00000, 0x0000000100000000)
  eden space 2560K, 0% used [0x00000000d5580000,0x00000000d5580000,0x00000000d5800000)
  from space 1024K, 60% used [0x00000000d5a00000,0x00000000d5a9c010,0x00000000d5b00000)
  to   space 1024K, 0% used [0x00000000d5900000,0x00000000d5900000,0x00000000d5a00000)
 ParOldGen       total 1253888K, used 1253811K [0x0000000080000000, 0x00000000cc880000, 0x00000000d5580000)
  object space 1253888K, 99% used [0x0000000080000000,0x00000000cc86cc60,0x00000000cc880000)
 Metaspace       used 92145K, committed 93696K, reserved 1179648K
  class space    used 9220K, committed 9920K, reserved 1048576K
}
Event: 35599.698 GC heap before
{Heap before GC invocations=4011 (full 6):
 PSYoungGen      total 3584K, used 3184K [0x00000000d5580000, 0x00000000d5b00000, 0x0000000100000000)
  eden space 2560K, 100% used [0x00000000d5580000,0x00000000d5800000,0x00000000d5800000)
  from space 1024K, 60% used [0x00000000d5a00000,0x00000000d5a9c010,0x00000000d5b00000)
  to   space 1024K, 0% used [0x00000000d5900000,0x00000000d5900000,0x00000000d5a00000)
 ParOldGen       total 1253888K, used 1253811K [0x0000000080000000, 0x00000000cc880000, 0x00000000d5580000)
  object space 1253888K, 99% used [0x0000000080000000,0x00000000cc86cc60,0x00000000cc880000)
 Metaspace       used 92145K, committed 93696K, reserved 1179648K
  class space    used 9220K, committed 9920K, reserved 1048576K
}
Event: 35599.703 GC heap after
{Heap after GC invocations=4011 (full 6):
 PSYoungGen      total 3584K, used 384K [0x00000000d5580000, 0x00000000d5a80000, 0x0000000100000000)
  eden space 3072K, 0% used [0x00000000d5580000,0x00000000d5580000,0x00000000d5880000)
  from space 512K, 75% used [0x00000000d5900000,0x00000000d5960000,0x00000000d5980000)
  to   space 1024K, 0% used [0x00000000d5980000,0x00000000d5980000,0x00000000d5a80000)
 ParOldGen       total 1254400K, used 1254197K [0x0000000080000000, 0x00000000cc900000, 0x00000000d5580000)
  object space 1254400K, 99% used [0x0000000080000000,0x00000000cc8cd570,0x00000000cc900000)
 Metaspace       used 92145K, committed 93696K, reserved 1179648K
  class space    used 9220K, committed 9920K, reserved 1048576K
}
Event: 35599.979 GC heap before
{Heap before GC invocations=4012 (full 6):
 PSYoungGen      total 3584K, used 3455K [0x00000000d5580000, 0x00000000d5a80000, 0x0000000100000000)
  eden space 3072K, 99% used [0x00000000d5580000,0x00000000d587fff0,0x00000000d5880000)
  from space 512K, 75% used [0x00000000d5900000,0x00000000d5960000,0x00000000d5980000)
  to   space 1024K, 0% used [0x00000000d5980000,0x00000000d5980000,0x00000000d5a80000)
 ParOldGen       total 1254400K, used 1254197K [0x0000000080000000, 0x00000000cc900000, 0x00000000d5580000)
  object space 1254400K, 99% used [0x0000000080000000,0x00000000cc8cd570,0x00000000cc900000)
 Metaspace       used 92145K, committed 93696K, reserved 1179648K
  class space    used 9220K, committed 9920K, reserved 1048576K
}
Event: 35599.983 GC heap after
{Heap after GC invocations=4012 (full 6):
 PSYoungGen      total 3584K, used 224K [0x00000000d5580000, 0x00000000d5a00000, 0x0000000100000000)
  eden space 3072K, 0% used [0x00000000d5580000,0x00000000d5580000,0x00000000d5880000)
  from space 512K, 43% used [0x00000000d5980000,0x00000000d59b8000,0x00000000d5a00000)
  to   space 512K, 0% used [0x00000000d5900000,0x00000000d5900000,0x00000000d5980000)
 ParOldGen       total 1254400K, used 1254261K [0x0000000080000000, 0x00000000cc900000, 0x00000000d5580000)
  object space 1254400K, 99% used [0x0000000080000000,0x00000000cc8dd570,0x00000000cc900000)
 Metaspace       used 92145K, committed 93696K, reserved 1179648K
  class space    used 9220K, committed 9920K, reserved 1048576K
}
Event: 35601.091 GC heap before
{Heap before GC invocations=4013 (full 6):
 PSYoungGen      total 3584K, used 3296K [0x00000000d5580000, 0x00000000d5a00000, 0x0000000100000000)
  eden space 3072K, 100% used [0x00000000d5580000,0x00000000d5880000,0x00000000d5880000)
  from space 512K, 43% used [0x00000000d5980000,0x00000000d59b8000,0x00000000d5a00000)
  to   space 512K, 0% used [0x00000000d5900000,0x00000000d5900000,0x00000000d5980000)
 ParOldGen       total 1254400K, used 1254261K [0x0000000080000000, 0x00000000cc900000, 0x00000000d5580000)
  object space 1254400K, 99% used [0x0000000080000000,0x00000000cc8dd570,0x00000000cc900000)
 Metaspace       used 92145K, committed 93696K, reserved 1179648K
  class space    used 9220K, committed 9920K, reserved 1048576K
}
Event: 35601.094 GC heap after
{Heap after GC invocations=4013 (full 6):
 PSYoungGen      total 3584K, used 384K [0x00000000d5580000, 0x00000000d5a00000, 0x0000000100000000)
  eden space 3072K, 0% used [0x00000000d5580000,0x00000000d5580000,0x00000000d5880000)
  from space 512K, 75% used [0x00000000d5900000,0x00000000d5960020,0x00000000d5980000)
  to   space 512K, 0% used [0x00000000d5980000,0x00000000d5980000,0x00000000d5a00000)
 ParOldGen       total 1254400K, used 1254317K [0x0000000080000000, 0x00000000cc900000, 0x00000000d5580000)
  object space 1254400K, 99% used [0x0000000080000000,0x00000000cc8eb570,0x00000000cc900000)
 Metaspace       used 92145K, committed 93696K, reserved 1179648K
  class space    used 9220K, committed 9920K, reserved 1048576K
}

