# JRE version: OpenJDK Runtime Environment Temurin-21.0.8+9 (21.0.8+9) (build 21.0.8+9-LTS)
# Java VM: OpenJDK 64-Bit Server VM Temurin-21.0.8+9 (21.0.8+9-LTS, mixed mode, sharing, tiered, compressed oops, compressed class ptrs, parallel gc, windows-amd64)
GC Precious Log:
 CardTable entry size: 512
 CPUs: 12 total, 12 available
 Memory: 5981M
 Large Page Support: Disabled
 NUMA Support: Disabled
 Compressed Oops: Enabled (32-bit)
 Alignments: Space 512K, Generation 512K, Heap 2M
 Heap Min Capacity: 100M
 Heap Initial Capacity: 100M
 Heap Max Capacity: 2G
 Pre-touch: Disabled
 Parallel Workers: 10
Heap:
 PSYoungGen      total 3584K, used 1108K [0x00000000d5580000, 0x00000000d5c80000, 0x0000000100000000)
  eden space 2560K, 5% used [0x00000000d5580000,0x00000000d55a1250,0x00000000d5800000)
  from space 1024K, 95% used [0x00000000d5980000,0x00000000d5a74010,0x00000000d5a80000)
  to   space 1536K, 0% used [0x00000000d5800000,0x00000000d5800000,0x00000000d5980000)
 ParOldGen       total 180736K, used 180265K [0x0000000080000000, 0x000000008b080000, 0x00000000d5580000)
  object space 180736K, 99% used [0x0000000080000000,0x000000008b00a680,0x000000008b080000)
 Metaspace       used 74514K, committed 76288K, reserved 1179648K
  class space    used 7660K, committed 8448K, reserved 1048576K
GC Heap History (20 events):
Event: 319.671 GC heap before
{Heap before GC invocations=150 (full 3):
 PSYoungGen      total 4096K, used 3968K [0x00000000d5580000, 0x00000000d5a80000, 0x0000000100000000)
  eden space 3072K, 100% used [0x00000000d5580000,0x00000000d5880000,0x00000000d5880000)
  from space 1024K, 87% used [0x00000000d5980000,0x00000000d5a60000,0x00000000d5a80000)
  to   space 1024K, 0% used [0x00000000d5880000,0x00000000d5880000,0x00000000d5980000)
 ParOldGen       total 172032K, used 171985K [0x0000000080000000, 0x000000008a800000, 0x00000000d5580000)
  object space 172032K, 99% used [0x0000000080000000,0x000000008a7f4538,0x000000008a800000)
 Metaspace       used 74426K, committed 76160K, reserved 1179648K
  class space    used 7655K, committed 8448K, reserved 1048576K
}
Event: 319.675 GC heap after
{Heap after GC invocations=150 (full 3):
 PSYoungGen      total 4096K, used 863K [0x00000000d5580000, 0x00000000d5a80000, 0x0000000100000000)
  eden space 3072K, 0% used [0x00000000d5580000,0x00000000d5580000,0x00000000d5880000)
  from space 1024K, 84% used [0x00000000d5880000,0x00000000d5957d60,0x00000000d5980000)
  to   space 1024K, 0% used [0x00000000d5980000,0x00000000d5980000,0x00000000d5a80000)
 ParOldGen       total 173056K, used 172749K [0x0000000080000000, 0x000000008a900000, 0x00000000d5580000)
  object space 173056K, 99% used [0x0000000080000000,0x000000008a8b36d0,0x000000008a900000)
 Metaspace       used 74426K, committed 76160K, reserved 1179648K
  class space    used 7655K, committed 8448K, reserved 1048576K
}
Event: 319.700 GC heap before
{Heap before GC invocations=151 (full 3):
 PSYoungGen      total 4096K, used 3935K [0x00000000d5580000, 0x00000000d5a80000, 0x0000000100000000)
  eden space 3072K, 100% used [0x00000000d5580000,0x00000000d5880000,0x00000000d5880000)
  from space 1024K, 84% used [0x00000000d5880000,0x00000000d5957d60,0x00000000d5980000)
  to   space 1024K, 0% used [0x00000000d5980000,0x00000000d5980000,0x00000000d5a80000)
 ParOldGen       total 173056K, used 172749K [0x0000000080000000, 0x000000008a900000, 0x00000000d5580000)
  object space 173056K, 99% used [0x0000000080000000,0x000000008a8b36d0,0x000000008a900000)
 Metaspace       used 74429K, committed 76224K, reserved 1179648K
  class space    used 7655K, committed 8448K, reserved 1048576K
}
Event: 319.703 GC heap after
{Heap after GC invocations=151 (full 3):
 PSYoungGen      total 4096K, used 736K [0x00000000d5580000, 0x00000000d5a80000, 0x0000000100000000)
  eden space 3072K, 0% used [0x00000000d5580000,0x00000000d5580000,0x00000000d5880000)
  from space 1024K, 71% used [0x00000000d5980000,0x00000000d5a38000,0x00000000d5a80000)
  to   space 1024K, 0% used [0x00000000d5880000,0x00000000d5880000,0x00000000d5980000)
 ParOldGen       total 173568K, used 173277K [0x0000000080000000, 0x000000008a980000, 0x00000000d5580000)
  object space 173568K, 99% used [0x0000000080000000,0x000000008a9376c8,0x000000008a980000)
 Metaspace       used 74429K, committed 76224K, reserved 1179648K
  class space    used 7655K, committed 8448K, reserved 1048576K
}
Event: 319.764 GC heap before
{Heap before GC invocations=152 (full 3):
 PSYoungGen      total 4096K, used 3808K [0x00000000d5580000, 0x00000000d5a80000, 0x0000000100000000)
  eden space 3072K, 100% used [0x00000000d5580000,0x00000000d5880000,0x00000000d5880000)
  from space 1024K, 71% used [0x00000000d5980000,0x00000000d5a38000,0x00000000d5a80000)
  to   space 1024K, 0% used [0x00000000d5880000,0x00000000d5880000,0x00000000d5980000)
 ParOldGen       total 173568K, used 173277K [0x0000000080000000, 0x000000008a980000, 0x00000000d5580000)
  object space 173568K, 99% used [0x0000000080000000,0x000000008a9376c8,0x000000008a980000)
 Metaspace       used 74466K, committed 76224K, reserved 1179648K
  class space    used 7655K, committed 8448K, reserved 1048576K
}
Event: 319.767 GC heap after
{Heap after GC invocations=152 (full 3):
 PSYoungGen      total 4096K, used 864K [0x00000000d5580000, 0x00000000d5a80000, 0x0000000100000000)
  eden space 3072K, 0% used [0x00000000d5580000,0x00000000d5580000,0x00000000d5880000)
  from space 1024K, 84% used [0x00000000d5880000,0x00000000d5958000,0x00000000d5980000)
  to   space 1024K, 0% used [0x00000000d5980000,0x00000000d5980000,0x00000000d5a80000)
 ParOldGen       total 174080K, used 173959K [0x0000000080000000, 0x000000008aa00000, 0x00000000d5580000)
  object space 174080K, 99% used [0x0000000080000000,0x000000008a9e1ff8,0x000000008aa00000)
 Metaspace       used 74466K, committed 76224K, reserved 1179648K
  class space    used 7655K, committed 8448K, reserved 1048576K
}
Event: 319.785 GC heap before
{Heap before GC invocations=153 (full 3):
 PSYoungGen      total 4096K, used 3936K [0x00000000d5580000, 0x00000000d5a80000, 0x0000000100000000)
  eden space 3072K, 100% used [0x00000000d5580000,0x00000000d5880000,0x00000000d5880000)
  from space 1024K, 84% used [0x00000000d5880000,0x00000000d5958000,0x00000000d5980000)
  to   space 1024K, 0% used [0x00000000d5980000,0x00000000d5980000,0x00000000d5a80000)
 ParOldGen       total 174080K, used 173959K [0x0000000080000000, 0x000000008aa00000, 0x00000000d5580000)
  object space 174080K, 99% used [0x0000000080000000,0x000000008a9e1ff8,0x000000008aa00000)
 Metaspace       used 74470K, committed 76224K, reserved 1179648K
  class space    used 7655K, committed 8448K, reserved 1048576K
}
Event: 319.788 GC heap after
{Heap after GC invocations=153 (full 3):
 PSYoungGen      total 4096K, used 863K [0x00000000d5580000, 0x00000000d5a80000, 0x0000000100000000)
  eden space 3072K, 0% used [0x00000000d5580000,0x00000000d5580000,0x00000000d5880000)
  from space 1024K, 84% used [0x00000000d5980000,0x00000000d5a57d40,0x00000000d5a80000)
  to   space 1024K, 0% used [0x00000000d5880000,0x00000000d5880000,0x00000000d5980000)
 ParOldGen       total 175104K, used 174723K [0x0000000080000000, 0x000000008ab00000, 0x00000000d5580000)
  object space 175104K, 99% used [0x0000000080000000,0x000000008aaa0d38,0x000000008ab00000)
 Metaspace       used 74470K, committed 76224K, reserved 1179648K
  class space    used 7655K, committed 8448K, reserved 1048576K
}
Event: 319.804 GC heap before
{Heap before GC invocations=154 (full 3):
 PSYoungGen      total 4096K, used 3935K [0x00000000d5580000, 0x00000000d5a80000, 0x0000000100000000)
  eden space 3072K, 100% used [0x00000000d5580000,0x00000000d5880000,0x00000000d5880000)
  from space 1024K, 84% used [0x00000000d5980000,0x00000000d5a57d40,0x00000000d5a80000)
  to   space 1024K, 0% used [0x00000000d5880000,0x00000000d5880000,0x00000000d5980000)
 ParOldGen       total 175104K, used 174723K [0x0000000080000000, 0x000000008ab00000, 0x00000000d5580000)
  object space 175104K, 99% used [0x0000000080000000,0x000000008aaa0d38,0x000000008ab00000)
 Metaspace       used 74476K, committed 76224K, reserved 1179648K
  class space    used 7657K, committed 8448K, reserved 1048576K
}
Event: 319.808 GC heap after
{Heap after GC invocations=154 (full 3):
 PSYoungGen      total 4096K, used 879K [0x00000000d5580000, 0x00000000d5a80000, 0x0000000100000000)
  eden space 3072K, 0% used [0x00000000d5580000,0x00000000d5580000,0x00000000d5880000)
  from space 1024K, 85% used [0x00000000d5880000,0x00000000d595bd70,0x00000000d5980000)
  to   space 1024K, 0% used [0x00000000d5980000,0x00000000d5980000,0x00000000d5a80000)
 ParOldGen       total 175616K, used 175468K [0x0000000080000000, 0x000000008ab80000, 0x00000000d5580000)
  object space 175616K, 99% used [0x0000000080000000,0x000000008ab5b398,0x000000008ab80000)
 Metaspace       used 74476K, committed 76224K, reserved 1179648K
  class space    used 7657K, committed 8448K, reserved 1048576K
}
Event: 319.822 GC heap before
{Heap before GC invocations=155 (full 3):
 PSYoungGen      total 4096K, used 3951K [0x00000000d5580000, 0x00000000d5a80000, 0x0000000100000000)
  eden space 3072K, 100% used [0x00000000d5580000,0x00000000d5880000,0x00000000d5880000)
  from space 1024K, 85% used [0x00000000d5880000,0x00000000d595bd70,0x00000000d5980000)
  to   space 1024K, 0% used [0x00000000d5980000,0x00000000d5980000,0x00000000d5a80000)
 ParOldGen       total 175616K, used 175468K [0x0000000080000000, 0x000000008ab80000, 0x00000000d5580000)
  object space 175616K, 99% used [0x0000000080000000,0x000000008ab5b398,0x000000008ab80000)
 Metaspace       used 74477K, committed 76224K, reserved 1179648K
  class space    used 7657K, committed 8448K, reserved 1048576K
}
Event: 319.825 GC heap after
{Heap after GC invocations=155 (full 3):
 PSYoungGen      total 4096K, used 928K [0x00000000d5580000, 0x00000000d5a80000, 0x0000000100000000)
  eden space 3072K, 0% used [0x00000000d5580000,0x00000000d5580000,0x00000000d5880000)
  from space 1024K, 90% used [0x00000000d5980000,0x00000000d5a68000,0x00000000d5a80000)
  to   space 1024K, 0% used [0x00000000d5880000,0x00000000d5880000,0x00000000d5980000)
 ParOldGen       total 176640K, used 176195K [0x0000000080000000, 0x000000008ac80000, 0x00000000d5580000)
  object space 176640K, 99% used [0x0000000080000000,0x000000008ac10c90,0x000000008ac80000)
 Metaspace       used 74477K, committed 76224K, reserved 1179648K
  class space    used 7657K, committed 8448K, reserved 1048576K
}
Event: 319.873 GC heap before
{Heap before GC invocations=156 (full 3):
 PSYoungGen      total 4096K, used 4000K [0x00000000d5580000, 0x00000000d5a80000, 0x0000000100000000)
  eden space 3072K, 100% used [0x00000000d5580000,0x00000000d5880000,0x00000000d5880000)
  from space 1024K, 90% used [0x00000000d5980000,0x00000000d5a68000,0x00000000d5a80000)
  to   space 1024K, 0% used [0x00000000d5880000,0x00000000d5880000,0x00000000d5980000)
 ParOldGen       total 176640K, used 176195K [0x0000000080000000, 0x000000008ac80000, 0x00000000d5580000)
  object space 176640K, 99% used [0x0000000080000000,0x000000008ac10c90,0x000000008ac80000)
 Metaspace       used 74485K, committed 76224K, reserved 1179648K
  class space    used 7657K, committed 8448K, reserved 1048576K
}
Event: 319.877 GC heap after
{Heap after GC invocations=156 (full 3):
 PSYoungGen      total 4096K, used 1024K [0x00000000d5580000, 0x00000000d5b80000, 0x0000000100000000)
  eden space 3072K, 0% used [0x00000000d5580000,0x00000000d5580000,0x00000000d5880000)
  from space 1024K, 100% used [0x00000000d5880000,0x00000000d5980000,0x00000000d5980000)
  to   space 1536K, 0% used [0x00000000d5a00000,0x00000000d5a00000,0x00000000d5b80000)
 ParOldGen       total 177152K, used 176940K [0x0000000080000000, 0x000000008ad00000, 0x00000000d5580000)
  object space 177152K, 99% used [0x0000000080000000,0x000000008accb358,0x000000008ad00000)
 Metaspace       used 74485K, committed 76224K, reserved 1179648K
  class space    used 7657K, committed 8448K, reserved 1048576K
}
Event: 319.893 GC heap before
{Heap before GC invocations=157 (full 3):
 PSYoungGen      total 4096K, used 4096K [0x00000000d5580000, 0x00000000d5b80000, 0x0000000100000000)
  eden space 3072K, 100% used [0x00000000d5580000,0x00000000d5880000,0x00000000d5880000)
  from space 1024K, 100% used [0x00000000d5880000,0x00000000d5980000,0x00000000d5980000)
  to   space 1536K, 0% used [0x00000000d5a00000,0x00000000d5a00000,0x00000000d5b80000)
 ParOldGen       total 177152K, used 176940K [0x0000000080000000, 0x000000008ad00000, 0x00000000d5580000)
  object space 177152K, 99% used [0x0000000080000000,0x000000008accb358,0x000000008ad00000)
 Metaspace       used 74487K, committed 76224K, reserved 1179648K
  class space    used 7657K, committed 8448K, reserved 1048576K
}
Event: 319.896 GC heap after
{Heap after GC invocations=157 (full 3):
 PSYoungGen      total 4096K, used 1007K [0x00000000d5580000, 0x00000000d5b00000, 0x0000000100000000)
  eden space 3072K, 0% used [0x00000000d5580000,0x00000000d5580000,0x00000000d5880000)
  from space 1024K, 98% used [0x00000000d5a00000,0x00000000d5afbd50,0x00000000d5b00000)
  to   space 1024K, 0% used [0x00000000d5880000,0x00000000d5880000,0x00000000d5980000)
 ParOldGen       total 178176K, used 177748K [0x0000000080000000, 0x000000008ae00000, 0x00000000d5580000)
  object space 178176K, 99% used [0x0000000080000000,0x000000008ad95358,0x000000008ae00000)
 Metaspace       used 74487K, committed 76224K, reserved 1179648K
  class space    used 7657K, committed 8448K, reserved 1048576K
}
Event: 319.919 GC heap before
{Heap before GC invocations=158 (full 3):
 PSYoungGen      total 4096K, used 4079K [0x00000000d5580000, 0x00000000d5b00000, 0x0000000100000000)
  eden space 3072K, 100% used [0x00000000d5580000,0x00000000d5880000,0x00000000d5880000)
  from space 1024K, 98% used [0x00000000d5a00000,0x00000000d5afbd50,0x00000000d5b00000)
  to   space 1024K, 0% used [0x00000000d5880000,0x00000000d5880000,0x00000000d5980000)
 ParOldGen       total 178176K, used 177748K [0x0000000080000000, 0x000000008ae00000, 0x00000000d5580000)
  object space 178176K, 99% used [0x0000000080000000,0x000000008ad95358,0x000000008ae00000)
 Metaspace       used 74491K, committed 76224K, reserved 1179648K
  class space    used 7657K, committed 8448K, reserved 1048576K
}
Event: 319.924 GC heap after
{Heap after GC invocations=158 (full 3):
 PSYoungGen      total 4096K, used 816K [0x00000000d5580000, 0x00000000d5a80000, 0x0000000100000000)
  eden space 3072K, 0% used [0x00000000d5580000,0x00000000d5580000,0x00000000d5880000)
  from space 1024K, 79% used [0x00000000d5880000,0x00000000d594c010,0x00000000d5980000)
  to   space 1024K, 0% used [0x00000000d5980000,0x00000000d5980000,0x00000000d5a80000)
 ParOldGen       total 178688K, used 178518K [0x0000000080000000, 0x000000008ae80000, 0x00000000d5580000)
  object space 178688K, 99% used [0x0000000080000000,0x000000008ae55aa0,0x000000008ae80000)
 Metaspace       used 74491K, committed 76224K, reserved 1179648K
  class space    used 7657K, committed 8448K, reserved 1048576K
}
Event: 319.965 GC heap before
{Heap before GC invocations=159 (full 3):
 PSYoungGen      total 4096K, used 3888K [0x00000000d5580000, 0x00000000d5a80000, 0x0000000100000000)
  eden space 3072K, 100% used [0x00000000d5580000,0x00000000d5880000,0x00000000d5880000)
  from space 1024K, 79% used [0x00000000d5880000,0x00000000d594c010,0x00000000d5980000)
  to   space 1024K, 0% used [0x00000000d5980000,0x00000000d5980000,0x00000000d5a80000)
 ParOldGen       total 178688K, used 178518K [0x0000000080000000, 0x000000008ae80000, 0x00000000d5580000)
  object space 178688K, 99% used [0x0000000080000000,0x000000008ae55aa0,0x000000008ae80000)
 Metaspace       used 74496K, committed 76224K, reserved 1179648K
  class space    used 7657K, committed 8448K, reserved 1048576K
}
Event: 319.969 GC heap after
{Heap after GC invocations=159 (full 3):
 PSYoungGen      total 4096K, used 672K [0x00000000d5580000, 0x00000000d5a80000, 0x0000000100000000)
  eden space 3072K, 0% used [0x00000000d5580000,0x00000000d5580000,0x00000000d5880000)
  from space 1024K, 65% used [0x00000000d5980000,0x00000000d5a28000,0x00000000d5a80000)
  to   space 1024K, 0% used [0x00000000d5880000,0x00000000d5880000,0x00000000d5980000)
 ParOldGen       total 179712K, used 179214K [0x0000000080000000, 0x000000008af80000, 0x00000000d5580000)
  object space 179712K, 99% used [0x0000000080000000,0x000000008af03ad0,0x000000008af80000)
 Metaspace       used 74496K, committed 76224K, reserved 1179648K
  class space    used 7657K, committed 8448K, reserved 1048576K
}

