# JRE version: OpenJDK Runtime Environment Temurin-21.0.8+9 (21.0.8+9) (build 21.0.8+9-LTS)
# Java VM: OpenJDK 64-Bit Server VM Temurin-21.0.8+9 (21.0.8+9-LTS, mixed mode, sharing, tiered, compressed oops, compressed class ptrs, parallel gc, windows-amd64)
GC Precious Log:
 CardTable entry size: 512
 CPUs: 12 total, 12 available
 Memory: 5981M
 Large Page Support: Disabled
 NUMA Support: Disabled
 Compressed Oops: Enabled (32-bit)
 Alignments: Space 512K, Generation 512K, Heap 2M
 Heap Min Capacity: 100M
 Heap Initial Capacity: 100M
 Heap Max Capacity: 2G
 Pre-touch: Disabled
 Parallel Workers: 10
Heap:
 PSYoungGen      total 7680K, used 6223K [0x00000000d5580000, 0x00000000d5f80000, 0x0000000100000000)
  eden space 6656K, 78% used [0x00000000d5580000,0x00000000d5a95350,0x00000000d5c00000)
  from space 1024K, 99% used [0x00000000d5e80000,0x00000000d5f7eb80,0x00000000d5f80000)
  to   space 1536K, 0% used [0x00000000d5c80000,0x00000000d5c80000,0x00000000d5e00000)
 ParOldGen       total 355840K, used 355359K [0x0000000080000000, 0x0000000095b80000, 0x00000000d5580000)
  object space 355840K, 99% used [0x0000000080000000,0x0000000095b07e68,0x0000000095b80000)
 Metaspace       used 71840K, committed 73344K, reserved 1114112K
  class space    used 7554K, committed 8192K, reserved 1048576K
GC Heap History (20 events):
Event: 32.369 GC heap before
{Heap before GC invocations=449 (full 3):
 PSYoungGen      total 8704K, used 8328K [0x00000000d5580000, 0x00000000d5f80000, 0x0000000100000000)
  eden space 7168K, 100% used [0x00000000d5580000,0x00000000d5c80000,0x00000000d5c80000)
  from space 1536K, 75% used [0x00000000d5c80000,0x00000000d5da2240,0x00000000d5e00000)
  to   space 1536K, 0% used [0x00000000d5e00000,0x00000000d5e00000,0x00000000d5f80000)
 ParOldGen       total 343552K, used 343230K [0x0000000080000000, 0x0000000094f80000, 0x00000000d5580000)
  object space 343552K, 99% used [0x0000000080000000,0x0000000094f2f940,0x0000000094f80000)
 Metaspace       used 71445K, committed 73024K, reserved 1114112K
  class space    used 7515K, committed 8128K, reserved 1048576K
}
Event: 32.372 GC heap after
{Heap after GC invocations=449 (full 3):
 PSYoungGen      total 8704K, used 1449K [0x00000000d5580000, 0x00000000d5f80000, 0x0000000100000000)
  eden space 7168K, 0% used [0x00000000d5580000,0x00000000d5580000,0x00000000d5c80000)
  from space 1536K, 94% used [0x00000000d5e00000,0x00000000d5f6a440,0x00000000d5f80000)
  to   space 1536K, 0% used [0x00000000d5c80000,0x00000000d5c80000,0x00000000d5e00000)
 ParOldGen       total 344576K, used 344171K [0x0000000080000000, 0x0000000095080000, 0x00000000d5580000)
  object space 344576K, 99% used [0x0000000080000000,0x000000009501ae18,0x0000000095080000)
 Metaspace       used 71445K, committed 73024K, reserved 1114112K
  class space    used 7515K, committed 8128K, reserved 1048576K
}
Event: 32.386 GC heap before
{Heap before GC invocations=450 (full 3):
 PSYoungGen      total 8704K, used 8617K [0x00000000d5580000, 0x00000000d5f80000, 0x0000000100000000)
  eden space 7168K, 100% used [0x00000000d5580000,0x00000000d5c80000,0x00000000d5c80000)
  from space 1536K, 94% used [0x00000000d5e00000,0x00000000d5f6a440,0x00000000d5f80000)
  to   space 1536K, 0% used [0x00000000d5c80000,0x00000000d5c80000,0x00000000d5e00000)
 ParOldGen       total 344576K, used 344179K [0x0000000080000000, 0x0000000095080000, 0x00000000d5580000)
  object space 344576K, 99% used [0x0000000080000000,0x000000009501cfd8,0x0000000095080000)
 Metaspace       used 71452K, committed 73024K, reserved 1114112K
  class space    used 7515K, committed 8128K, reserved 1048576K
}
Event: 32.388 GC heap after
{Heap after GC invocations=450 (full 3):
 PSYoungGen      total 8704K, used 1257K [0x00000000d5580000, 0x00000000d5f80000, 0x0000000100000000)
  eden space 7168K, 0% used [0x00000000d5580000,0x00000000d5580000,0x00000000d5c80000)
  from space 1536K, 81% used [0x00000000d5c80000,0x00000000d5dba760,0x00000000d5e00000)
  to   space 1536K, 0% used [0x00000000d5e00000,0x00000000d5e00000,0x00000000d5f80000)
 ParOldGen       total 345600K, used 345361K [0x0000000080000000, 0x0000000095180000, 0x00000000d5580000)
  object space 345600K, 99% used [0x0000000080000000,0x00000000951444a8,0x0000000095180000)
 Metaspace       used 71452K, committed 73024K, reserved 1114112K
  class space    used 7515K, committed 8128K, reserved 1048576K
}
Event: 32.406 GC heap before
{Heap before GC invocations=451 (full 3):
 PSYoungGen      total 8704K, used 8366K [0x00000000d5580000, 0x00000000d5f80000, 0x0000000100000000)
  eden space 7168K, 99% used [0x00000000d5580000,0x00000000d5c71330,0x00000000d5c80000)
  from space 1536K, 81% used [0x00000000d5c80000,0x00000000d5dba760,0x00000000d5e00000)
  to   space 1536K, 0% used [0x00000000d5e00000,0x00000000d5e00000,0x00000000d5f80000)
 ParOldGen       total 345600K, used 345361K [0x0000000080000000, 0x0000000095180000, 0x00000000d5580000)
  object space 345600K, 99% used [0x0000000080000000,0x00000000951444a8,0x0000000095180000)
 Metaspace       used 71458K, committed 73024K, reserved 1114112K
  class space    used 7515K, committed 8128K, reserved 1048576K
}
Event: 32.409 GC heap after
{Heap after GC invocations=451 (full 3):
 PSYoungGen      total 8704K, used 1362K [0x00000000d5580000, 0x00000000d5f80000, 0x0000000100000000)
  eden space 7168K, 0% used [0x00000000d5580000,0x00000000d5580000,0x00000000d5c80000)
  from space 1536K, 88% used [0x00000000d5e00000,0x00000000d5f548c0,0x00000000d5f80000)
  to   space 1536K, 0% used [0x00000000d5c80000,0x00000000d5c80000,0x00000000d5e00000)
 ParOldGen       total 346624K, used 346523K [0x0000000080000000, 0x0000000095280000, 0x00000000d5580000)
  object space 346624K, 99% used [0x0000000080000000,0x0000000095266f80,0x0000000095280000)
 Metaspace       used 71458K, committed 73024K, reserved 1114112K
  class space    used 7515K, committed 8128K, reserved 1048576K
}
Event: 32.424 GC heap before
{Heap before GC invocations=452 (full 3):
 PSYoungGen      total 8704K, used 8472K [0x00000000d5580000, 0x00000000d5f80000, 0x0000000100000000)
  eden space 7168K, 99% used [0x00000000d5580000,0x00000000d5c71a78,0x00000000d5c80000)
  from space 1536K, 88% used [0x00000000d5e00000,0x00000000d5f548c0,0x00000000d5f80000)
  to   space 1536K, 0% used [0x00000000d5c80000,0x00000000d5c80000,0x00000000d5e00000)
 ParOldGen       total 346624K, used 346523K [0x0000000080000000, 0x0000000095280000, 0x00000000d5580000)
  object space 346624K, 99% used [0x0000000080000000,0x0000000095266f80,0x0000000095280000)
 Metaspace       used 71466K, committed 73024K, reserved 1114112K
  class space    used 7515K, committed 8128K, reserved 1048576K
}
Event: 32.427 GC heap after
{Heap after GC invocations=452 (full 3):
 PSYoungGen      total 8704K, used 1439K [0x00000000d5580000, 0x00000000d5f80000, 0x0000000100000000)
  eden space 7168K, 0% used [0x00000000d5580000,0x00000000d5580000,0x00000000d5c80000)
  from space 1536K, 93% used [0x00000000d5c80000,0x00000000d5de7fe8,0x00000000d5e00000)
  to   space 1536K, 0% used [0x00000000d5e00000,0x00000000d5e00000,0x00000000d5f80000)
 ParOldGen       total 347648K, used 347646K [0x0000000080000000, 0x0000000095380000, 0x00000000d5580000)
  object space 347648K, 99% used [0x0000000080000000,0x000000009537f8d8,0x0000000095380000)
 Metaspace       used 71466K, committed 73024K, reserved 1114112K
  class space    used 7515K, committed 8128K, reserved 1048576K
}
Event: 32.443 GC heap before
{Heap before GC invocations=453 (full 3):
 PSYoungGen      total 8704K, used 8530K [0x00000000d5580000, 0x00000000d5f80000, 0x0000000100000000)
  eden space 7168K, 98% used [0x00000000d5580000,0x00000000d5c6c8e8,0x00000000d5c80000)
  from space 1536K, 93% used [0x00000000d5c80000,0x00000000d5de7fe8,0x00000000d5e00000)
  to   space 1536K, 0% used [0x00000000d5e00000,0x00000000d5e00000,0x00000000d5f80000)
 ParOldGen       total 347648K, used 347646K [0x0000000080000000, 0x0000000095380000, 0x00000000d5580000)
  object space 347648K, 99% used [0x0000000080000000,0x000000009537f8d8,0x0000000095380000)
 Metaspace       used 71466K, committed 73024K, reserved 1114112K
  class space    used 7515K, committed 8128K, reserved 1048576K
}
Event: 32.447 GC heap after
{Heap after GC invocations=453 (full 3):
 PSYoungGen      total 8192K, used 1526K [0x00000000d5580000, 0x00000000d6080000, 0x0000000100000000)
  eden space 6656K, 0% used [0x00000000d5580000,0x00000000d5580000,0x00000000d5c00000)
  from space 1536K, 99% used [0x00000000d5e00000,0x00000000d5f7dad0,0x00000000d5f80000)
  to   space 2048K, 0% used [0x00000000d5c00000,0x00000000d5c00000,0x00000000d5e00000)
 ParOldGen       total 349184K, used 348979K [0x0000000080000000, 0x0000000095500000, 0x00000000d5580000)
  object space 349184K, 99% used [0x0000000080000000,0x00000000954ccf80,0x0000000095500000)
 Metaspace       used 71466K, committed 73024K, reserved 1114112K
  class space    used 7515K, committed 8128K, reserved 1048576K
}
Event: 32.470 GC heap before
{Heap before GC invocations=454 (full 3):
 PSYoungGen      total 8192K, used 8182K [0x00000000d5580000, 0x00000000d6080000, 0x0000000100000000)
  eden space 6656K, 100% used [0x00000000d5580000,0x00000000d5c00000,0x00000000d5c00000)
  from space 1536K, 99% used [0x00000000d5e00000,0x00000000d5f7dad0,0x00000000d5f80000)
  to   space 2048K, 0% used [0x00000000d5c00000,0x00000000d5c00000,0x00000000d5e00000)
 ParOldGen       total 349184K, used 348979K [0x0000000080000000, 0x0000000095500000, 0x00000000d5580000)
  object space 349184K, 99% used [0x0000000080000000,0x00000000954ccf80,0x0000000095500000)
 Metaspace       used 71474K, committed 73024K, reserved 1114112K
  class space    used 7515K, committed 8128K, reserved 1048576K
}
Event: 32.474 GC heap after
{Heap after GC invocations=454 (full 3):
 PSYoungGen      total 8192K, used 1428K [0x00000000d5580000, 0x00000000d5f00000, 0x0000000100000000)
  eden space 6656K, 0% used [0x00000000d5580000,0x00000000d5580000,0x00000000d5c00000)
  from space 1536K, 93% used [0x00000000d5c00000,0x00000000d5d65280,0x00000000d5d80000)
  to   space 1536K, 0% used [0x00000000d5d80000,0x00000000d5d80000,0x00000000d5f00000)
 ParOldGen       total 350720K, used 350215K [0x0000000080000000, 0x0000000095680000, 0x00000000d5580000)
  object space 350720K, 99% used [0x0000000080000000,0x0000000095601ca8,0x0000000095680000)
 Metaspace       used 71474K, committed 73024K, reserved 1114112K
  class space    used 7515K, committed 8128K, reserved 1048576K
}
Event: 32.492 GC heap before
{Heap before GC invocations=455 (full 3):
 PSYoungGen      total 8192K, used 8084K [0x00000000d5580000, 0x00000000d5f00000, 0x0000000100000000)
  eden space 6656K, 100% used [0x00000000d5580000,0x00000000d5c00000,0x00000000d5c00000)
  from space 1536K, 93% used [0x00000000d5c00000,0x00000000d5d65280,0x00000000d5d80000)
  to   space 1536K, 0% used [0x00000000d5d80000,0x00000000d5d80000,0x00000000d5f00000)
 ParOldGen       total 350720K, used 350215K [0x0000000080000000, 0x0000000095680000, 0x00000000d5580000)
  object space 350720K, 99% used [0x0000000080000000,0x0000000095601d90,0x0000000095680000)
 Metaspace       used 71485K, committed 73024K, reserved 1114112K
  class space    used 7515K, committed 8128K, reserved 1048576K
}
Event: 32.495 GC heap after
{Heap after GC invocations=455 (full 3):
 PSYoungGen      total 8192K, used 1377K [0x00000000d5580000, 0x00000000d5f00000, 0x0000000100000000)
  eden space 6656K, 0% used [0x00000000d5580000,0x00000000d5580000,0x00000000d5c00000)
  from space 1536K, 89% used [0x00000000d5d80000,0x00000000d5ed8720,0x00000000d5f00000)
  to   space 1536K, 0% used [0x00000000d5c00000,0x00000000d5c00000,0x00000000d5d80000)
 ParOldGen       total 351744K, used 351443K [0x0000000080000000, 0x0000000095780000, 0x00000000d5580000)
  object space 351744K, 99% used [0x0000000080000000,0x0000000095734f98,0x0000000095780000)
 Metaspace       used 71485K, committed 73024K, reserved 1114112K
  class space    used 7515K, committed 8128K, reserved 1048576K
}
Event: 32.521 GC heap before
{Heap before GC invocations=456 (full 3):
 PSYoungGen      total 8192K, used 8033K [0x00000000d5580000, 0x00000000d5f00000, 0x0000000100000000)
  eden space 6656K, 100% used [0x00000000d5580000,0x00000000d5c00000,0x00000000d5c00000)
  from space 1536K, 89% used [0x00000000d5d80000,0x00000000d5ed8720,0x00000000d5f00000)
  to   space 1536K, 0% used [0x00000000d5c00000,0x00000000d5c00000,0x00000000d5d80000)
 ParOldGen       total 351744K, used 351447K [0x0000000080000000, 0x0000000095780000, 0x00000000d5580000)
  object space 351744K, 99% used [0x0000000080000000,0x0000000095735f00,0x0000000095780000)
 Metaspace       used 71503K, committed 73088K, reserved 1114112K
  class space    used 7517K, committed 8192K, reserved 1048576K
}
Event: 35.533 GC heap after
{Heap after GC invocations=456 (full 3):
 PSYoungGen      total 8192K, used 1488K [0x00000000d5580000, 0x00000000d5f00000, 0x0000000100000000)
  eden space 6656K, 0% used [0x00000000d5580000,0x00000000d5580000,0x00000000d5c00000)
  from space 1536K, 96% used [0x00000000d5c00000,0x00000000d5d74150,0x00000000d5d80000)
  to   space 1536K, 0% used [0x00000000d5d80000,0x00000000d5d80000,0x00000000d5f00000)
 ParOldGen       total 352768K, used 352545K [0x0000000080000000, 0x0000000095880000, 0x00000000d5580000)
  object space 352768K, 99% used [0x0000000080000000,0x0000000095848720,0x0000000095880000)
 Metaspace       used 71503K, committed 73088K, reserved 1114112K
  class space    used 7517K, committed 8192K, reserved 1048576K
}
Event: 35.557 GC heap before
{Heap before GC invocations=457 (full 3):
 PSYoungGen      total 8192K, used 8117K [0x00000000d5580000, 0x00000000d5f00000, 0x0000000100000000)
  eden space 6656K, 99% used [0x00000000d5580000,0x00000000d5bf95d0,0x00000000d5c00000)
  from space 1536K, 96% used [0x00000000d5c00000,0x00000000d5d74150,0x00000000d5d80000)
  to   space 1536K, 0% used [0x00000000d5d80000,0x00000000d5d80000,0x00000000d5f00000)
 ParOldGen       total 352768K, used 352545K [0x0000000080000000, 0x0000000095880000, 0x00000000d5580000)
  object space 352768K, 99% used [0x0000000080000000,0x0000000095848720,0x0000000095880000)
 Metaspace       used 71544K, committed 73152K, reserved 1114112K
  class space    used 7521K, committed 8192K, reserved 1048576K
}
Event: 36.559 GC heap after
{Heap after GC invocations=457 (full 3):
 PSYoungGen      total 8192K, used 1050K [0x00000000d5580000, 0x00000000d6080000, 0x0000000100000000)
  eden space 6656K, 0% used [0x00000000d5580000,0x00000000d5580000,0x00000000d5c00000)
  from space 1536K, 68% used [0x00000000d5d80000,0x00000000d5e86ad8,0x00000000d5f00000)
  to   space 1536K, 0% used [0x00000000d5c00000,0x00000000d5c00000,0x00000000d5d80000)
 ParOldGen       total 353792K, used 353673K [0x0000000080000000, 0x0000000095980000, 0x00000000d5580000)
  object space 353792K, 99% used [0x0000000080000000,0x0000000095962508,0x0000000095980000)
 Metaspace       used 71544K, committed 73152K, reserved 1114112K
  class space    used 7521K, committed 8192K, reserved 1048576K
}
Event: 36.611 GC heap before
{Heap before GC invocations=458 (full 3):
 PSYoungGen      total 8192K, used 7706K [0x00000000d5580000, 0x00000000d6080000, 0x0000000100000000)
  eden space 6656K, 100% used [0x00000000d5580000,0x00000000d5c00000,0x00000000d5c00000)
  from space 1536K, 68% used [0x00000000d5d80000,0x00000000d5e86ad8,0x00000000d5f00000)
  to   space 1536K, 0% used [0x00000000d5c00000,0x00000000d5c00000,0x00000000d5d80000)
 ParOldGen       total 353792K, used 353673K [0x0000000080000000, 0x0000000095980000, 0x00000000d5580000)
  object space 353792K, 99% used [0x0000000080000000,0x0000000095962508,0x0000000095980000)
 Metaspace       used 71717K, committed 73280K, reserved 1114112K
  class space    used 7541K, committed 8192K, reserved 1048576K
}
Event: 36.614 GC heap after
{Heap after GC invocations=458 (full 3):
 PSYoungGen      total 8192K, used 938K [0x00000000d5580000, 0x00000000d5f80000, 0x0000000100000000)
  eden space 6656K, 0% used [0x00000000d5580000,0x00000000d5580000,0x00000000d5c00000)
  from space 1536K, 61% used [0x00000000d5c00000,0x00000000d5ceaa48,0x00000000d5d80000)
  to   space 1024K, 0% used [0x00000000d5e80000,0x00000000d5e80000,0x00000000d5f80000)
 ParOldGen       total 354816K, used 354497K [0x0000000080000000, 0x0000000095a80000, 0x00000000d5580000)
  object space 354816K, 99% used [0x0000000080000000,0x0000000095a307d0,0x0000000095a80000)
 Metaspace       used 71717K, committed 73280K, reserved 1114112K
  class space    used 7541K, committed 8192K, reserved 1048576K
}

