# JRE version: OpenJDK Runtime Environment Temurin-21.0.8+9 (21.0.8+9) (build 21.0.8+9-LTS)
# Java VM: OpenJDK 64-Bit Server VM Temurin-21.0.8+9 (21.0.8+9-LTS, mixed mode, sharing, tiered, compressed oops, compressed class ptrs, parallel gc, windows-amd64)
GC Precious Log:
 CardTable entry size: 512
 CPUs: 12 total, 12 available
 Memory: 5981M
 Large Page Support: Disabled
 NUMA Support: Disabled
 Compressed Oops: Enabled (32-bit)
 Alignments: Space 512K, Generation 512K, Heap 2M
 Heap Min Capacity: 100M
 Heap Initial Capacity: 100M
 Heap Max Capacity: 2G
 Pre-touch: Disabled
 Parallel Workers: 10
Heap:
 PSYoungGen      total 3584K, used 806K [0x00000000d5580000, 0x00000000d5a80000, 0x0000000100000000)
  eden space 3072K, 17% used [0x00000000d5580000,0x00000000d56099c0,0x00000000d5880000)
  from space 512K, 50% used [0x00000000d5a00000,0x00000000d5a40000,0x00000000d5a80000)
  to   space 512K, 0% used [0x00000000d5980000,0x00000000d5980000,0x00000000d5a00000)
 ParOldGen       total 742400K, used 742240K [0x0000000080000000, 0x00000000ad500000, 0x00000000d5580000)
  object space 742400K, 99% used [0x0000000080000000,0x00000000ad4d8060,0x00000000ad500000)
 Metaspace       used 79157K, committed 80768K, reserved 1179648K
  class space    used 8278K, committed 8960K, reserved 1048576K
GC Heap History (20 events):
Event: 14020.833 GC heap before
{Heap before GC invocations=888 (full 3):
 PSYoungGen      total 3584K, used 3360K [0x00000000d5580000, 0x00000000d5b00000, 0x0000000100000000)
  eden space 3072K, 100% used [0x00000000d5580000,0x00000000d5880000,0x00000000d5880000)
  from space 512K, 56% used [0x00000000d5a80000,0x00000000d5ac8000,0x00000000d5b00000)
  to   space 512K, 0% used [0x00000000d5a00000,0x00000000d5a00000,0x00000000d5a80000)
 ParOldGen       total 739328K, used 738900K [0x0000000080000000, 0x00000000ad200000, 0x00000000d5580000)
  object space 739328K, 99% used [0x0000000080000000,0x00000000ad195070,0x00000000ad200000)
 Metaspace       used 78017K, committed 79552K, reserved 1179648K
  class space    used 8174K, committed 8832K, reserved 1048576K
}
Event: 14020.837 GC heap after
{Heap after GC invocations=888 (full 3):
 PSYoungGen      total 3584K, used 501K [0x00000000d5580000, 0x00000000d5b80000, 0x0000000100000000)
  eden space 3072K, 0% used [0x00000000d5580000,0x00000000d5580000,0x00000000d5880000)
  from space 512K, 97% used [0x00000000d5a00000,0x00000000d5a7d490,0x00000000d5a80000)
  to   space 1024K, 0% used [0x00000000d5a80000,0x00000000d5a80000,0x00000000d5b80000)
 ParOldGen       total 739840K, used 739335K [0x0000000080000000, 0x00000000ad280000, 0x00000000d5580000)
  object space 739840K, 99% used [0x0000000080000000,0x00000000ad201f20,0x00000000ad280000)
 Metaspace       used 78017K, committed 79552K, reserved 1179648K
  class space    used 8174K, committed 8832K, reserved 1048576K
}
Event: 14020.988 GC heap before
{Heap before GC invocations=889 (full 3):
 PSYoungGen      total 3584K, used 3573K [0x00000000d5580000, 0x00000000d5b80000, 0x0000000100000000)
  eden space 3072K, 100% used [0x00000000d5580000,0x00000000d5880000,0x00000000d5880000)
  from space 512K, 97% used [0x00000000d5a00000,0x00000000d5a7d490,0x00000000d5a80000)
  to   space 1024K, 0% used [0x00000000d5a80000,0x00000000d5a80000,0x00000000d5b80000)
 ParOldGen       total 739840K, used 739335K [0x0000000080000000, 0x00000000ad280000, 0x00000000d5580000)
  object space 739840K, 99% used [0x0000000080000000,0x00000000ad201f20,0x00000000ad280000)
 Metaspace       used 78118K, committed 79680K, reserved 1179648K
  class space    used 8177K, committed 8832K, reserved 1048576K
}
Event: 14020.994 GC heap after
{Heap after GC invocations=889 (full 3):
 PSYoungGen      total 4096K, used 800K [0x00000000d5580000, 0x00000000d5b80000, 0x0000000100000000)
  eden space 3072K, 0% used [0x00000000d5580000,0x00000000d5580000,0x00000000d5880000)
  from space 1024K, 78% used [0x00000000d5a80000,0x00000000d5b483d8,0x00000000d5b80000)
  to   space 1024K, 0% used [0x00000000d5980000,0x00000000d5980000,0x00000000d5a80000)
 ParOldGen       total 739840K, used 739838K [0x0000000080000000, 0x00000000ad280000, 0x00000000d5580000)
  object space 739840K, 99% used [0x0000000080000000,0x00000000ad27fb40,0x00000000ad280000)
 Metaspace       used 78118K, committed 79680K, reserved 1179648K
  class space    used 8177K, committed 8832K, reserved 1048576K
}
Event: 14021.313 GC heap before
{Heap before GC invocations=890 (full 3):
 PSYoungGen      total 4096K, used 3872K [0x00000000d5580000, 0x00000000d5b80000, 0x0000000100000000)
  eden space 3072K, 99% used [0x00000000d5580000,0x00000000d587ffe8,0x00000000d5880000)
  from space 1024K, 78% used [0x00000000d5a80000,0x00000000d5b483d8,0x00000000d5b80000)
  to   space 1024K, 0% used [0x00000000d5980000,0x00000000d5980000,0x00000000d5a80000)
 ParOldGen       total 739840K, used 739838K [0x0000000080000000, 0x00000000ad280000, 0x00000000d5580000)
  object space 739840K, 99% used [0x0000000080000000,0x00000000ad27fb40,0x00000000ad280000)
 Metaspace       used 78212K, committed 79744K, reserved 1179648K
  class space    used 8186K, committed 8832K, reserved 1048576K
}
Event: 14021.318 GC heap after
{Heap after GC invocations=890 (full 3):
 PSYoungGen      total 4096K, used 754K [0x00000000d5580000, 0x00000000d5b00000, 0x0000000100000000)
  eden space 3072K, 0% used [0x00000000d5580000,0x00000000d5580000,0x00000000d5880000)
  from space 1024K, 73% used [0x00000000d5980000,0x00000000d5a3c810,0x00000000d5a80000)
  to   space 512K, 0% used [0x00000000d5a80000,0x00000000d5a80000,0x00000000d5b00000)
 ParOldGen       total 740864K, used 740530K [0x0000000080000000, 0x00000000ad380000, 0x00000000d5580000)
  object space 740864K, 99% used [0x0000000080000000,0x00000000ad32cbb8,0x00000000ad380000)
 Metaspace       used 78212K, committed 79744K, reserved 1179648K
  class space    used 8186K, committed 8832K, reserved 1048576K
}
Event: 14021.390 GC heap before
{Heap before GC invocations=891 (full 3):
 PSYoungGen      total 4096K, used 3826K [0x00000000d5580000, 0x00000000d5b00000, 0x0000000100000000)
  eden space 3072K, 100% used [0x00000000d5580000,0x00000000d5880000,0x00000000d5880000)
  from space 1024K, 73% used [0x00000000d5980000,0x00000000d5a3c810,0x00000000d5a80000)
  to   space 512K, 0% used [0x00000000d5a80000,0x00000000d5a80000,0x00000000d5b00000)
 ParOldGen       total 740864K, used 740530K [0x0000000080000000, 0x00000000ad380000, 0x00000000d5580000)
  object space 740864K, 99% used [0x0000000080000000,0x00000000ad32cbb8,0x00000000ad380000)
 Metaspace       used 78355K, committed 79936K, reserved 1179648K
  class space    used 8198K, committed 8896K, reserved 1048576K
}
Event: 14021.395 GC heap after
{Heap after GC invocations=891 (full 3):
 PSYoungGen      total 3584K, used 512K [0x00000000d5580000, 0x00000000d5b80000, 0x0000000100000000)
  eden space 3072K, 0% used [0x00000000d5580000,0x00000000d5580000,0x00000000d5880000)
  from space 512K, 100% used [0x00000000d5a80000,0x00000000d5b00000,0x00000000d5b00000)
  to   space 1536K, 0% used [0x00000000d5880000,0x00000000d5880000,0x00000000d5a00000)
 ParOldGen       total 741376K, used 741026K [0x0000000080000000, 0x00000000ad400000, 0x00000000d5580000)
  object space 741376K, 99% used [0x0000000080000000,0x00000000ad3a8bb8,0x00000000ad400000)
 Metaspace       used 78355K, committed 79936K, reserved 1179648K
  class space    used 8198K, committed 8896K, reserved 1048576K
}
Event: 14021.475 GC heap before
{Heap before GC invocations=892 (full 3):
 PSYoungGen      total 3584K, used 3584K [0x00000000d5580000, 0x00000000d5b80000, 0x0000000100000000)
  eden space 3072K, 100% used [0x00000000d5580000,0x00000000d5880000,0x00000000d5880000)
  from space 512K, 100% used [0x00000000d5a80000,0x00000000d5b00000,0x00000000d5b00000)
  to   space 1536K, 0% used [0x00000000d5880000,0x00000000d5880000,0x00000000d5a00000)
 ParOldGen       total 741376K, used 741026K [0x0000000080000000, 0x00000000ad400000, 0x00000000d5580000)
  object space 741376K, 99% used [0x0000000080000000,0x00000000ad3a8bb8,0x00000000ad400000)
 Metaspace       used 78569K, committed 80192K, reserved 1179648K
  class space    used 8217K, committed 8896K, reserved 1048576K
}
Event: 14021.478 GC heap after
{Heap after GC invocations=892 (full 3):
 PSYoungGen      total 4608K, used 512K [0x00000000d5580000, 0x00000000d5b00000, 0x0000000100000000)
  eden space 3072K, 0% used [0x00000000d5580000,0x00000000d5580000,0x00000000d5880000)
  from space 1536K, 33% used [0x00000000d5880000,0x00000000d5900000,0x00000000d5a00000)
  to   space 1024K, 0% used [0x00000000d5a00000,0x00000000d5a00000,0x00000000d5b00000)
 ParOldGen       total 741888K, used 741496K [0x0000000080000000, 0x00000000ad480000, 0x00000000d5580000)
  object space 741888K, 99% used [0x0000000080000000,0x00000000ad41e060,0x00000000ad480000)
 Metaspace       used 78569K, committed 80192K, reserved 1179648K
  class space    used 8217K, committed 8896K, reserved 1048576K
}
Event: 14021.626 GC heap before
{Heap before GC invocations=893 (full 3):
 PSYoungGen      total 4608K, used 3583K [0x00000000d5580000, 0x00000000d5b00000, 0x0000000100000000)
  eden space 3072K, 99% used [0x00000000d5580000,0x00000000d587ffd8,0x00000000d5880000)
  from space 1536K, 33% used [0x00000000d5880000,0x00000000d5900000,0x00000000d5a00000)
  to   space 1024K, 0% used [0x00000000d5a00000,0x00000000d5a00000,0x00000000d5b00000)
 ParOldGen       total 741888K, used 741496K [0x0000000080000000, 0x00000000ad480000, 0x00000000d5580000)
  object space 741888K, 99% used [0x0000000080000000,0x00000000ad41e060,0x00000000ad480000)
 Metaspace       used 79029K, committed 80640K, reserved 1179648K
  class space    used 8258K, committed 8960K, reserved 1048576K
}
Event: 14021.629 GC heap after
{Heap after GC invocations=893 (full 3):
 PSYoungGen      total 3584K, used 320K [0x00000000d5580000, 0x00000000d5a80000, 0x0000000100000000)
  eden space 3072K, 0% used [0x00000000d5580000,0x00000000d5580000,0x00000000d5880000)
  from space 512K, 62% used [0x00000000d5a00000,0x00000000d5a50000,0x00000000d5a80000)
  to   space 512K, 0% used [0x00000000d5980000,0x00000000d5980000,0x00000000d5a00000)
 ParOldGen       total 742400K, used 741904K [0x0000000080000000, 0x00000000ad500000, 0x00000000d5580000)
  object space 742400K, 99% used [0x0000000080000000,0x00000000ad484060,0x00000000ad500000)
 Metaspace       used 79029K, committed 80640K, reserved 1179648K
  class space    used 8258K, committed 8960K, reserved 1048576K
}
Event: 14021.891 GC heap before
{Heap before GC invocations=894 (full 3):
 PSYoungGen      total 3584K, used 3392K [0x00000000d5580000, 0x00000000d5a80000, 0x0000000100000000)
  eden space 3072K, 100% used [0x00000000d5580000,0x00000000d5880000,0x00000000d5880000)
  from space 512K, 62% used [0x00000000d5a00000,0x00000000d5a50000,0x00000000d5a80000)
  to   space 512K, 0% used [0x00000000d5980000,0x00000000d5980000,0x00000000d5a00000)
 ParOldGen       total 742400K, used 741904K [0x0000000080000000, 0x00000000ad500000, 0x00000000d5580000)
  object space 742400K, 99% used [0x0000000080000000,0x00000000ad484060,0x00000000ad500000)
 Metaspace       used 79139K, committed 80704K, reserved 1179648K
  class space    used 8276K, committed 8960K, reserved 1048576K
}
Event: 14021.896 GC heap after
{Heap after GC invocations=894 (full 3):
 PSYoungGen      total 3584K, used 512K [0x00000000d5580000, 0x00000000d5a80000, 0x0000000100000000)
  eden space 3072K, 0% used [0x00000000d5580000,0x00000000d5580000,0x00000000d5880000)
  from space 512K, 100% used [0x00000000d5980000,0x00000000d5a00000,0x00000000d5a00000)
  to   space 512K, 0% used [0x00000000d5a00000,0x00000000d5a00000,0x00000000d5a80000)
 ParOldGen       total 742400K, used 742032K [0x0000000080000000, 0x00000000ad500000, 0x00000000d5580000)
  object space 742400K, 99% used [0x0000000080000000,0x00000000ad4a4060,0x00000000ad500000)
 Metaspace       used 79139K, committed 80704K, reserved 1179648K
  class space    used 8276K, committed 8960K, reserved 1048576K
}
Event: 14021.926 GC heap before
{Heap before GC invocations=895 (full 3):
 PSYoungGen      total 3584K, used 3584K [0x00000000d5580000, 0x00000000d5a80000, 0x0000000100000000)
  eden space 3072K, 100% used [0x00000000d5580000,0x00000000d5880000,0x00000000d5880000)
  from space 512K, 100% used [0x00000000d5980000,0x00000000d5a00000,0x00000000d5a00000)
  to   space 512K, 0% used [0x00000000d5a00000,0x00000000d5a00000,0x00000000d5a80000)
 ParOldGen       total 742400K, used 742032K [0x0000000080000000, 0x00000000ad500000, 0x00000000d5580000)
  object space 742400K, 99% used [0x0000000080000000,0x00000000ad4a4060,0x00000000ad500000)
 Metaspace       used 79139K, committed 80704K, reserved 1179648K
  class space    used 8276K, committed 8960K, reserved 1048576K
}
Event: 14021.929 GC heap after
{Heap after GC invocations=895 (full 3):
 PSYoungGen      total 3584K, used 496K [0x00000000d5580000, 0x00000000d5a80000, 0x0000000100000000)
  eden space 3072K, 0% used [0x00000000d5580000,0x00000000d5580000,0x00000000d5880000)
  from space 512K, 96% used [0x00000000d5a00000,0x00000000d5a7c010,0x00000000d5a80000)
  to   space 1024K, 0% used [0x00000000d5880000,0x00000000d5880000,0x00000000d5980000)
 ParOldGen       total 742400K, used 742152K [0x0000000080000000, 0x00000000ad500000, 0x00000000d5580000)
  object space 742400K, 99% used [0x0000000080000000,0x00000000ad4c2060,0x00000000ad500000)
 Metaspace       used 79139K, committed 80704K, reserved 1179648K
  class space    used 8276K, committed 8960K, reserved 1048576K
}
Event: 14022.456 GC heap before
{Heap before GC invocations=896 (full 3):
 PSYoungGen      total 3584K, used 3568K [0x00000000d5580000, 0x00000000d5a80000, 0x0000000100000000)
  eden space 3072K, 100% used [0x00000000d5580000,0x00000000d5880000,0x00000000d5880000)
  from space 512K, 96% used [0x00000000d5a00000,0x00000000d5a7c010,0x00000000d5a80000)
  to   space 1024K, 0% used [0x00000000d5880000,0x00000000d5880000,0x00000000d5980000)
 ParOldGen       total 742400K, used 742152K [0x0000000080000000, 0x00000000ad500000, 0x00000000d5580000)
  object space 742400K, 99% used [0x0000000080000000,0x00000000ad4c2060,0x00000000ad500000)
 Metaspace       used 79140K, committed 80704K, reserved 1179648K
  class space    used 8276K, committed 8960K, reserved 1048576K
}
Event: 14022.458 GC heap after
{Heap after GC invocations=896 (full 3):
 PSYoungGen      total 4096K, used 288K [0x00000000d5580000, 0x00000000d5a80000, 0x0000000100000000)
  eden space 3072K, 0% used [0x00000000d5580000,0x00000000d5580000,0x00000000d5880000)
  from space 1024K, 28% used [0x00000000d5880000,0x00000000d58c8000,0x00000000d5980000)
  to   space 512K, 0% used [0x00000000d5a00000,0x00000000d5a00000,0x00000000d5a80000)
 ParOldGen       total 742400K, used 742176K [0x0000000080000000, 0x00000000ad500000, 0x00000000d5580000)
  object space 742400K, 99% used [0x0000000080000000,0x00000000ad4c8060,0x00000000ad500000)
 Metaspace       used 79140K, committed 80704K, reserved 1179648K
  class space    used 8276K, committed 8960K, reserved 1048576K
}
Event: 14022.486 GC heap before
{Heap before GC invocations=897 (full 3):
 PSYoungGen      total 4096K, used 3360K [0x00000000d5580000, 0x00000000d5a80000, 0x0000000100000000)
  eden space 3072K, 100% used [0x00000000d5580000,0x00000000d5880000,0x00000000d5880000)
  from space 1024K, 28% used [0x00000000d5880000,0x00000000d58c8000,0x00000000d5980000)
  to   space 512K, 0% used [0x00000000d5a00000,0x00000000d5a00000,0x00000000d5a80000)
 ParOldGen       total 742400K, used 742176K [0x0000000080000000, 0x00000000ad500000, 0x00000000d5580000)
  object space 742400K, 99% used [0x0000000080000000,0x00000000ad4c8060,0x00000000ad500000)
 Metaspace       used 79148K, committed 80704K, reserved 1179648K
  class space    used 8276K, committed 8960K, reserved 1048576K
}
Event: 14022.489 GC heap after
{Heap after GC invocations=897 (full 3):
 PSYoungGen      total 3584K, used 256K [0x00000000d5580000, 0x00000000d5a80000, 0x0000000100000000)
  eden space 3072K, 0% used [0x00000000d5580000,0x00000000d5580000,0x00000000d5880000)
  from space 512K, 50% used [0x00000000d5a00000,0x00000000d5a40000,0x00000000d5a80000)
  to   space 512K, 0% used [0x00000000d5980000,0x00000000d5980000,0x00000000d5a00000)
 ParOldGen       total 742400K, used 742240K [0x0000000080000000, 0x00000000ad500000, 0x00000000d5580000)
  object space 742400K, 99% used [0x0000000080000000,0x00000000ad4d8060,0x00000000ad500000)
 Metaspace       used 79148K, committed 80704K, reserved 1179648K
  class space    used 8276K, committed 8960K, reserved 1048576K
}

