# JRE version: OpenJDK Runtime Environment Temurin-21.0.8+9 (21.0.8+9) (build 21.0.8+9-LTS)
# Java VM: OpenJDK 64-Bit Server VM Temurin-21.0.8+9 (21.0.8+9-LTS, mixed mode, sharing, tiered, compressed oops, compressed class ptrs, parallel gc, windows-amd64)
GC Precious Log:
 CardTable entry size: 512
 CPUs: 12 total, 12 available
 Memory: 5981M
 Large Page Support: Disabled
 NUMA Support: Disabled
 Compressed Oops: Enabled (32-bit)
 Alignments: Space 512K, Generation 512K, Heap 2M
 Heap Min Capacity: 100M
 Heap Initial Capacity: 100M
 Heap Max Capacity: 2G
 Pre-touch: Disabled
 Parallel Workers: 10
Heap:
 PSYoungGen      total 10752K, used 9368K [0x00000000d5580000, 0x00000000d7900000, 0x0000000100000000)
  eden space 6656K, 79% used [0x00000000d5580000,0x00000000d5aab9c8,0x00000000d5c00000)
  from space 4096K, 99% used [0x00000000d6700000,0x00000000d6afa6c8,0x00000000d6b00000)
  to   space 11264K, 0% used [0x00000000d5c00000,0x00000000d5c00000,0x00000000d6700000)
 ParOldGen       total 692736K, used 614938K [0x0000000080000000, 0x00000000aa480000, 0x00000000d5580000)
  object space 692736K, 88% used [0x0000000080000000,0x00000000a5886950,0x00000000aa480000)
 Metaspace       used 86158K, committed 87936K, reserved 1179648K
  class space    used 8773K, committed 9600K, reserved 1048576K
GC Heap History (20 events):
Event: 1825.072 GC heap before
{Heap before GC invocations=1205 (full 4):
 PSYoungGen      total 11264K, used 11254K [0x00000000d5580000, 0x00000000d6700000, 0x0000000100000000)
  eden space 10752K, 100% used [0x00000000d5580000,0x00000000d6000000,0x00000000d6000000)
  from space 512K, 98% used [0x00000000d6380000,0x00000000d63fdbf8,0x00000000d6400000)
  to   space 3584K, 0% used [0x00000000d6000000,0x00000000d6000000,0x00000000d6380000)
 ParOldGen       total 692736K, used 590282K [0x0000000080000000, 0x00000000aa480000, 0x00000000d5580000)
  object space 692736K, 85% used [0x0000000080000000,0x00000000a4072958,0x00000000aa480000)
 Metaspace       used 85964K, committed 87744K, reserved 1179648K
  class space    used 8772K, committed 9600K, reserved 1048576K
}
Event: 1825.080 GC heap after
{Heap after GC invocations=1205 (full 4):
 PSYoungGen      total 12800K, used 2030K [0x00000000d5580000, 0x00000000d6500000, 0x0000000100000000)
  eden space 10752K, 0% used [0x00000000d5580000,0x00000000d5580000,0x00000000d6000000)
  from space 2048K, 99% used [0x00000000d6000000,0x00000000d61fb948,0x00000000d6200000)
  to   space 2560K, 0% used [0x00000000d6280000,0x00000000d6280000,0x00000000d6500000)
 ParOldGen       total 692736K, used 590795K [0x0000000080000000, 0x00000000aa480000, 0x00000000d5580000)
  object space 692736K, 85% used [0x0000000080000000,0x00000000a40f2d78,0x00000000aa480000)
 Metaspace       used 85964K, committed 87744K, reserved 1179648K
  class space    used 8772K, committed 9600K, reserved 1048576K
}
Event: 1825.308 GC heap before
{Heap before GC invocations=1206 (full 4):
 PSYoungGen      total 12800K, used 12782K [0x00000000d5580000, 0x00000000d6500000, 0x0000000100000000)
  eden space 10752K, 100% used [0x00000000d5580000,0x00000000d6000000,0x00000000d6000000)
  from space 2048K, 99% used [0x00000000d6000000,0x00000000d61fb948,0x00000000d6200000)
  to   space 2560K, 0% used [0x00000000d6280000,0x00000000d6280000,0x00000000d6500000)
 ParOldGen       total 692736K, used 590795K [0x0000000080000000, 0x00000000aa480000, 0x00000000d5580000)
  object space 692736K, 85% used [0x0000000080000000,0x00000000a40f2d78,0x00000000aa480000)
 Metaspace       used 85993K, committed 87808K, reserved 1179648K
  class space    used 8772K, committed 9600K, reserved 1048576K
}
Event: 1825.316 GC heap after
{Heap after GC invocations=1206 (full 4):
 PSYoungGen      total 12288K, used 1310K [0x00000000d5580000, 0x00000000d6400000, 0x0000000100000000)
  eden space 10752K, 0% used [0x00000000d5580000,0x00000000d5580000,0x00000000d6000000)
  from space 1536K, 85% used [0x00000000d6280000,0x00000000d63c7938,0x00000000d6400000)
  to   space 2048K, 0% used [0x00000000d6000000,0x00000000d6000000,0x00000000d6200000)
 ParOldGen       total 692736K, used 592712K [0x0000000080000000, 0x00000000aa480000, 0x00000000d5580000)
  object space 692736K, 85% used [0x0000000080000000,0x00000000a42d21f8,0x00000000aa480000)
 Metaspace       used 85993K, committed 87808K, reserved 1179648K
  class space    used 8772K, committed 9600K, reserved 1048576K
}
Event: 1827.901 GC heap before
{Heap before GC invocations=1207 (full 4):
 PSYoungGen      total 12288K, used 12062K [0x00000000d5580000, 0x00000000d6400000, 0x0000000100000000)
  eden space 10752K, 100% used [0x00000000d5580000,0x00000000d6000000,0x00000000d6000000)
  from space 1536K, 85% used [0x00000000d6280000,0x00000000d63c7938,0x00000000d6400000)
  to   space 2048K, 0% used [0x00000000d6000000,0x00000000d6000000,0x00000000d6200000)
 ParOldGen       total 692736K, used 592712K [0x0000000080000000, 0x00000000aa480000, 0x00000000d5580000)
  object space 692736K, 85% used [0x0000000080000000,0x00000000a42d21f8,0x00000000aa480000)
 Metaspace       used 86010K, committed 87808K, reserved 1179648K
  class space    used 8772K, committed 9600K, reserved 1048576K
}
Event: 1827.910 GC heap after
{Heap after GC invocations=1207 (full 4):
 PSYoungGen      total 12800K, used 1634K [0x00000000d5580000, 0x00000000d6400000, 0x0000000100000000)
  eden space 10752K, 0% used [0x00000000d5580000,0x00000000d5580000,0x00000000d6000000)
  from space 2048K, 79% used [0x00000000d6000000,0x00000000d6198898,0x00000000d6200000)
  to   space 2048K, 0% used [0x00000000d6200000,0x00000000d6200000,0x00000000d6400000)
 ParOldGen       total 692736K, used 593280K [0x0000000080000000, 0x00000000aa480000, 0x00000000d5580000)
  object space 692736K, 85% used [0x0000000080000000,0x00000000a4360208,0x00000000aa480000)
 Metaspace       used 86010K, committed 87808K, reserved 1179648K
  class space    used 8772K, committed 9600K, reserved 1048576K
}
Event: 1827.999 GC heap before
{Heap before GC invocations=1208 (full 4):
 PSYoungGen      total 12800K, used 12386K [0x00000000d5580000, 0x00000000d6400000, 0x0000000100000000)
  eden space 10752K, 100% used [0x00000000d5580000,0x00000000d6000000,0x00000000d6000000)
  from space 2048K, 79% used [0x00000000d6000000,0x00000000d6198898,0x00000000d6200000)
  to   space 2048K, 0% used [0x00000000d6200000,0x00000000d6200000,0x00000000d6400000)
 ParOldGen       total 692736K, used 593280K [0x0000000080000000, 0x00000000aa480000, 0x00000000d5580000)
  object space 692736K, 85% used [0x0000000080000000,0x00000000a4360208,0x00000000aa480000)
 Metaspace       used 86042K, committed 87872K, reserved 1179648K
  class space    used 8772K, committed 9600K, reserved 1048576K
}
Event: 1828.009 GC heap after
{Heap after GC invocations=1208 (full 4):
 PSYoungGen      total 11776K, used 608K [0x00000000d5580000, 0x00000000d6300000, 0x0000000100000000)
  eden space 10752K, 0% used [0x00000000d5580000,0x00000000d5580000,0x00000000d6000000)
  from space 1024K, 59% used [0x00000000d6200000,0x00000000d6298000,0x00000000d6300000)
  to   space 1024K, 0% used [0x00000000d6100000,0x00000000d6100000,0x00000000d6200000)
 ParOldGen       total 692736K, used 594739K [0x0000000080000000, 0x00000000aa480000, 0x00000000d5580000)
  object space 692736K, 85% used [0x0000000080000000,0x00000000a44cccc0,0x00000000aa480000)
 Metaspace       used 86042K, committed 87872K, reserved 1179648K
  class space    used 8772K, committed 9600K, reserved 1048576K
}
Event: 1828.230 GC heap before
{Heap before GC invocations=1209 (full 4):
 PSYoungGen      total 11776K, used 11360K [0x00000000d5580000, 0x00000000d6300000, 0x0000000100000000)
  eden space 10752K, 100% used [0x00000000d5580000,0x00000000d6000000,0x00000000d6000000)
  from space 1024K, 59% used [0x00000000d6200000,0x00000000d6298000,0x00000000d6300000)
  to   space 1024K, 0% used [0x00000000d6100000,0x00000000d6100000,0x00000000d6200000)
 ParOldGen       total 692736K, used 594739K [0x0000000080000000, 0x00000000aa480000, 0x00000000d5580000)
  object space 692736K, 85% used [0x0000000080000000,0x00000000a44cccc0,0x00000000aa480000)
 Metaspace       used 86052K, committed 87872K, reserved 1179648K
  class space    used 8773K, committed 9600K, reserved 1048576K
}
Event: 1828.237 GC heap after
{Heap after GC invocations=1209 (full 4):
 PSYoungGen      total 11776K, used 1012K [0x00000000d5580000, 0x00000000d6600000, 0x0000000100000000)
  eden space 10752K, 0% used [0x00000000d5580000,0x00000000d5580000,0x00000000d6000000)
  from space 1024K, 98% used [0x00000000d6100000,0x00000000d61fd100,0x00000000d6200000)
  to   space 3072K, 0% used [0x00000000d6300000,0x00000000d6300000,0x00000000d6600000)
 ParOldGen       total 692736K, used 596128K [0x0000000080000000, 0x00000000aa480000, 0x00000000d5580000)
  object space 692736K, 86% used [0x0000000080000000,0x00000000a4628010,0x00000000aa480000)
 Metaspace       used 86052K, committed 87872K, reserved 1179648K
  class space    used 8773K, committed 9600K, reserved 1048576K
}
Event: 1828.270 GC heap before
{Heap before GC invocations=1210 (full 4):
 PSYoungGen      total 11776K, used 11764K [0x00000000d5580000, 0x00000000d6600000, 0x0000000100000000)
  eden space 10752K, 100% used [0x00000000d5580000,0x00000000d6000000,0x00000000d6000000)
  from space 1024K, 98% used [0x00000000d6100000,0x00000000d61fd100,0x00000000d6200000)
  to   space 3072K, 0% used [0x00000000d6300000,0x00000000d6300000,0x00000000d6600000)
 ParOldGen       total 692736K, used 596128K [0x0000000080000000, 0x00000000aa480000, 0x00000000d5580000)
  object space 692736K, 86% used [0x0000000080000000,0x00000000a4628010,0x00000000aa480000)
 Metaspace       used 86056K, committed 87872K, reserved 1179648K
  class space    used 8773K, committed 9600K, reserved 1048576K
}
Event: 1828.278 GC heap after
{Heap after GC invocations=1210 (full 4):
 PSYoungGen      total 12288K, used 3056K [0x00000000d5580000, 0x00000000d6900000, 0x0000000100000000)
  eden space 9216K, 0% used [0x00000000d5580000,0x00000000d5580000,0x00000000d5e80000)
  from space 3072K, 99% used [0x00000000d6300000,0x00000000d65fc2e8,0x00000000d6600000)
  to   space 4608K, 0% used [0x00000000d5e80000,0x00000000d5e80000,0x00000000d6300000)
 ParOldGen       total 692736K, used 597240K [0x0000000080000000, 0x00000000aa480000, 0x00000000d5580000)
  object space 692736K, 86% used [0x0000000080000000,0x00000000a473e2b8,0x00000000aa480000)
 Metaspace       used 86056K, committed 87872K, reserved 1179648K
  class space    used 8773K, committed 9600K, reserved 1048576K
}
Event: 1828.298 GC heap before
{Heap before GC invocations=1211 (full 4):
 PSYoungGen      total 12288K, used 12272K [0x00000000d5580000, 0x00000000d6900000, 0x0000000100000000)
  eden space 9216K, 100% used [0x00000000d5580000,0x00000000d5e80000,0x00000000d5e80000)
  from space 3072K, 99% used [0x00000000d6300000,0x00000000d65fc2e8,0x00000000d6600000)
  to   space 4608K, 0% used [0x00000000d5e80000,0x00000000d5e80000,0x00000000d6300000)
 ParOldGen       total 692736K, used 597240K [0x0000000080000000, 0x00000000aa480000, 0x00000000d5580000)
  object space 692736K, 86% used [0x0000000080000000,0x00000000a473e2b8,0x00000000aa480000)
 Metaspace       used 86057K, committed 87872K, reserved 1179648K
  class space    used 8773K, committed 9600K, reserved 1048576K
}
Event: 1828.313 GC heap after
{Heap after GC invocations=1211 (full 4):
 PSYoungGen      total 13824K, used 4608K [0x00000000d5580000, 0x00000000d6f80000, 0x0000000100000000)
  eden space 9216K, 0% used [0x00000000d5580000,0x00000000d5580000,0x00000000d5e80000)
  from space 4608K, 100% used [0x00000000d5e80000,0x00000000d6300000,0x00000000d6300000)
  to   space 8704K, 0% used [0x00000000d6700000,0x00000000d6700000,0x00000000d6f80000)
 ParOldGen       total 692736K, used 600369K [0x0000000080000000, 0x00000000aa480000, 0x00000000d5580000)
  object space 692736K, 86% used [0x0000000080000000,0x00000000a4a4c778,0x00000000aa480000)
 Metaspace       used 86057K, committed 87872K, reserved 1179648K
  class space    used 8773K, committed 9600K, reserved 1048576K
}
Event: 1828.334 GC heap before
{Heap before GC invocations=1212 (full 4):
 PSYoungGen      total 13824K, used 13824K [0x00000000d5580000, 0x00000000d6f80000, 0x0000000100000000)
  eden space 9216K, 100% used [0x00000000d5580000,0x00000000d5e80000,0x00000000d5e80000)
  from space 4608K, 100% used [0x00000000d5e80000,0x00000000d6300000,0x00000000d6300000)
  to   space 8704K, 0% used [0x00000000d6700000,0x00000000d6700000,0x00000000d6f80000)
 ParOldGen       total 692736K, used 600369K [0x0000000080000000, 0x00000000aa480000, 0x00000000d5580000)
  object space 692736K, 86% used [0x0000000080000000,0x00000000a4a4c778,0x00000000aa480000)
 Metaspace       used 86061K, committed 87872K, reserved 1179648K
  class space    used 8773K, committed 9600K, reserved 1048576K
}
Event: 1828.365 GC heap after
{Heap after GC invocations=1212 (full 4):
 PSYoungGen      total 16896K, used 5168K [0x00000000d5580000, 0x00000000d6c80000, 0x0000000100000000)
  eden space 11264K, 0% used [0x00000000d5580000,0x00000000d5580000,0x00000000d6080000)
  from space 5632K, 91% used [0x00000000d6700000,0x00000000d6c0c218,0x00000000d6c80000)
  to   space 6144K, 0% used [0x00000000d6080000,0x00000000d6080000,0x00000000d6680000)
 ParOldGen       total 692736K, used 605013K [0x0000000080000000, 0x00000000aa480000, 0x00000000d5580000)
  object space 692736K, 87% used [0x0000000080000000,0x00000000a4ed5668,0x00000000aa480000)
 Metaspace       used 86061K, committed 87872K, reserved 1179648K
  class space    used 8773K, committed 9600K, reserved 1048576K
}
Event: 1828.421 GC heap before
{Heap before GC invocations=1213 (full 4):
 PSYoungGen      total 16896K, used 15808K [0x00000000d5580000, 0x00000000d6c80000, 0x0000000100000000)
  eden space 11264K, 94% used [0x00000000d5580000,0x00000000d5fe4038,0x00000000d6080000)
  from space 5632K, 91% used [0x00000000d6700000,0x00000000d6c0c218,0x00000000d6c80000)
  to   space 6144K, 0% used [0x00000000d6080000,0x00000000d6080000,0x00000000d6680000)
 ParOldGen       total 692736K, used 605013K [0x0000000080000000, 0x00000000aa480000, 0x00000000d5580000)
  object space 692736K, 87% used [0x0000000080000000,0x00000000a4ed5668,0x00000000aa480000)
 Metaspace       used 86075K, committed 87872K, reserved 1179648K
  class space    used 8773K, committed 9600K, reserved 1048576K
}
Event: 1828.440 GC heap after
{Heap after GC invocations=1213 (full 4):
 PSYoungGen      total 17408K, used 2710K [0x00000000d5580000, 0x00000000d6b00000, 0x0000000100000000)
  eden space 11264K, 0% used [0x00000000d5580000,0x00000000d5580000,0x00000000d6080000)
  from space 6144K, 44% used [0x00000000d6080000,0x00000000d6325830,0x00000000d6680000)
  to   space 4096K, 0% used [0x00000000d6700000,0x00000000d6700000,0x00000000d6b00000)
 ParOldGen       total 692736K, used 609244K [0x0000000080000000, 0x00000000aa480000, 0x00000000d5580000)
  object space 692736K, 87% used [0x0000000080000000,0x00000000a52f7278,0x00000000aa480000)
 Metaspace       used 86075K, committed 87872K, reserved 1179648K
  class space    used 8773K, committed 9600K, reserved 1048576K
}
Event: 1828.675 GC heap before
{Heap before GC invocations=1214 (full 4):
 PSYoungGen      total 17408K, used 13973K [0x00000000d5580000, 0x00000000d6b00000, 0x0000000100000000)
  eden space 11264K, 99% used [0x00000000d5580000,0x00000000d607ffc0,0x00000000d6080000)
  from space 6144K, 44% used [0x00000000d6080000,0x00000000d6325830,0x00000000d6680000)
  to   space 4096K, 0% used [0x00000000d6700000,0x00000000d6700000,0x00000000d6b00000)
 ParOldGen       total 692736K, used 609244K [0x0000000080000000, 0x00000000aa480000, 0x00000000d5580000)
  object space 692736K, 87% used [0x0000000080000000,0x00000000a52f7278,0x00000000aa480000)
 Metaspace       used 86093K, committed 87872K, reserved 1179648K
  class space    used 8773K, committed 9600K, reserved 1048576K
}
Event: 1828.694 GC heap after
{Heap after GC invocations=1214 (full 4):
 PSYoungGen      total 10752K, used 4073K [0x00000000d5580000, 0x00000000d7900000, 0x0000000100000000)
  eden space 6656K, 0% used [0x00000000d5580000,0x00000000d5580000,0x00000000d5c00000)
  from space 4096K, 99% used [0x00000000d6700000,0x00000000d6afa6c8,0x00000000d6b00000)
  to   space 11264K, 0% used [0x00000000d5c00000,0x00000000d5c00000,0x00000000d6700000)
 ParOldGen       total 692736K, used 614938K [0x0000000080000000, 0x00000000aa480000, 0x00000000d5580000)
  object space 692736K, 88% used [0x0000000080000000,0x00000000a5886950,0x00000000aa480000)
 Metaspace       used 86093K, committed 87872K, reserved 1179648K
  class space    used 8773K, committed 9600K, reserved 1048576K
}

