# JRE version: OpenJDK Runtime Environment Temurin-21.0.8+9 (21.0.8+9) (build 21.0.8+9-LTS)
# Java VM: OpenJDK 64-Bit Server VM Temurin-21.0.8+9 (21.0.8+9-LTS, mixed mode, sharing, tiered, compressed oops, compressed class ptrs, parallel gc, windows-amd64)
GC Precious Log:
 CardTable entry size: 512
 CPUs: 12 total, 12 available
 Memory: 5981M
 Large Page Support: Disabled
 NUMA Support: Disabled
 Compressed Oops: Enabled (32-bit)
 Alignments: Space 512K, Generation 512K, Heap 2M
 Heap Min Capacity: 100M
 Heap Initial Capacity: 100M
 Heap Max Capacity: 2G
 Pre-touch: Disabled
 Parallel Workers: 10
Heap:
 PSYoungGen      total 10240K, used 1726K [0x00000000d5580000, 0x00000000d6700000, 0x0000000100000000)
  eden space 8704K, 2% used [0x00000000d5580000,0x00000000d55b02a8,0x00000000d5e00000)
  from space 1536K, 99% used [0x00000000d6180000,0x00000000d62ff880,0x00000000d6300000)
  to   space 3584K, 0% used [0x00000000d5e00000,0x00000000d5e00000,0x00000000d6180000)
 ParOldGen       total 190976K, used 190537K [0x0000000080000000, 0x000000008ba80000, 0x00000000d5580000)
  object space 190976K, 99% used [0x0000000080000000,0x000000008ba12470,0x000000008ba80000)
 Metaspace       used 74408K, committed 76160K, reserved 1179648K
  class space    used 7648K, committed 8384K, reserved 1048576K
GC Heap History (20 events):
Event: 29.059 GC heap before
{Heap before GC invocations=143 (full 3):
 PSYoungGen      total 11776K, used 11200K [0x00000000d5580000, 0x00000000d6380000, 0x0000000100000000)
  eden space 10752K, 100% used [0x00000000d5580000,0x00000000d6000000,0x00000000d6000000)
  from space 1024K, 43% used [0x00000000d6180000,0x00000000d61f0020,0x00000000d6280000)
  to   space 1024K, 0% used [0x00000000d6280000,0x00000000d6280000,0x00000000d6380000)
 ParOldGen       total 185856K, used 185661K [0x0000000080000000, 0x000000008b580000, 0x00000000d5580000)
  object space 185856K, 99% used [0x0000000080000000,0x000000008b54f640,0x000000008b580000)
 Metaspace       used 73232K, committed 74880K, reserved 1179648K
  class space    used 7596K, committed 8320K, reserved 1048576K
}
Event: 29.062 GC heap after
{Heap after GC invocations=143 (full 3):
 PSYoungGen      total 11264K, used 384K [0x00000000d5580000, 0x00000000d6300000, 0x0000000100000000)
  eden space 10752K, 0% used [0x00000000d5580000,0x00000000d5580000,0x00000000d6000000)
  from space 512K, 75% used [0x00000000d6280000,0x00000000d62e0000,0x00000000d6300000)
  to   space 512K, 0% used [0x00000000d6200000,0x00000000d6200000,0x00000000d6280000)
 ParOldGen       total 186368K, used 185933K [0x0000000080000000, 0x000000008b600000, 0x00000000d5580000)
  object space 186368K, 99% used [0x0000000080000000,0x000000008b593660,0x000000008b600000)
 Metaspace       used 73232K, committed 74880K, reserved 1179648K
  class space    used 7596K, committed 8320K, reserved 1048576K
}
Event: 29.089 GC heap before
{Heap before GC invocations=144 (full 3):
 PSYoungGen      total 11264K, used 11136K [0x00000000d5580000, 0x00000000d6300000, 0x0000000100000000)
  eden space 10752K, 100% used [0x00000000d5580000,0x00000000d6000000,0x00000000d6000000)
  from space 512K, 75% used [0x00000000d6280000,0x00000000d62e0000,0x00000000d6300000)
  to   space 512K, 0% used [0x00000000d6200000,0x00000000d6200000,0x00000000d6280000)
 ParOldGen       total 186368K, used 185933K [0x0000000080000000, 0x000000008b600000, 0x00000000d5580000)
  object space 186368K, 99% used [0x0000000080000000,0x000000008b593660,0x000000008b600000)
 Metaspace       used 73248K, committed 74880K, reserved 1179648K
  class space    used 7596K, committed 8320K, reserved 1048576K
}
Event: 29.091 GC heap after
{Heap after GC invocations=144 (full 3):
 PSYoungGen      total 11264K, used 439K [0x00000000d5580000, 0x00000000d6300000, 0x0000000100000000)
  eden space 10752K, 0% used [0x00000000d5580000,0x00000000d5580000,0x00000000d6000000)
  from space 512K, 85% used [0x00000000d6200000,0x00000000d626dc20,0x00000000d6280000)
  to   space 512K, 0% used [0x00000000d6280000,0x00000000d6280000,0x00000000d6300000)
 ParOldGen       total 186368K, used 186120K [0x0000000080000000, 0x000000008b600000, 0x00000000d5580000)
  object space 186368K, 99% used [0x0000000080000000,0x000000008b5c2168,0x000000008b600000)
 Metaspace       used 73248K, committed 74880K, reserved 1179648K
  class space    used 7596K, committed 8320K, reserved 1048576K
}
Event: 29.117 GC heap before
{Heap before GC invocations=145 (full 3):
 PSYoungGen      total 11264K, used 11191K [0x00000000d5580000, 0x00000000d6300000, 0x0000000100000000)
  eden space 10752K, 100% used [0x00000000d5580000,0x00000000d6000000,0x00000000d6000000)
  from space 512K, 85% used [0x00000000d6200000,0x00000000d626dc20,0x00000000d6280000)
  to   space 512K, 0% used [0x00000000d6280000,0x00000000d6280000,0x00000000d6300000)
 ParOldGen       total 186368K, used 186120K [0x0000000080000000, 0x000000008b600000, 0x00000000d5580000)
  object space 186368K, 99% used [0x0000000080000000,0x000000008b5c2168,0x000000008b600000)
 Metaspace       used 73255K, committed 74880K, reserved 1179648K
  class space    used 7598K, committed 8320K, reserved 1048576K
}
Event: 29.119 GC heap after
{Heap after GC invocations=145 (full 3):
 PSYoungGen      total 11264K, used 504K [0x00000000d5580000, 0x00000000d6300000, 0x0000000100000000)
  eden space 10752K, 0% used [0x00000000d5580000,0x00000000d5580000,0x00000000d6000000)
  from space 512K, 98% used [0x00000000d6280000,0x00000000d62fe3a0,0x00000000d6300000)
  to   space 1024K, 0% used [0x00000000d6100000,0x00000000d6100000,0x00000000d6200000)
 ParOldGen       total 186880K, used 186387K [0x0000000080000000, 0x000000008b680000, 0x00000000d5580000)
  object space 186880K, 99% used [0x0000000080000000,0x000000008b604c00,0x000000008b680000)
 Metaspace       used 73255K, committed 74880K, reserved 1179648K
  class space    used 7598K, committed 8320K, reserved 1048576K
}
Event: 29.155 GC heap before
{Heap before GC invocations=146 (full 3):
 PSYoungGen      total 11264K, used 11256K [0x00000000d5580000, 0x00000000d6300000, 0x0000000100000000)
  eden space 10752K, 100% used [0x00000000d5580000,0x00000000d6000000,0x00000000d6000000)
  from space 512K, 98% used [0x00000000d6280000,0x00000000d62fe3a0,0x00000000d6300000)
  to   space 1024K, 0% used [0x00000000d6100000,0x00000000d6100000,0x00000000d6200000)
 ParOldGen       total 186880K, used 186387K [0x0000000080000000, 0x000000008b680000, 0x00000000d5580000)
  object space 186880K, 99% used [0x0000000080000000,0x000000008b604c00,0x000000008b680000)
 Metaspace       used 73289K, committed 74944K, reserved 1179648K
  class space    used 7603K, committed 8320K, reserved 1048576K
}
Event: 29.158 GC heap after
{Heap after GC invocations=146 (full 3):
 PSYoungGen      total 11776K, used 546K [0x00000000d5580000, 0x00000000d6300000, 0x0000000100000000)
  eden space 10752K, 0% used [0x00000000d5580000,0x00000000d5580000,0x00000000d6000000)
  from space 1024K, 53% used [0x00000000d6100000,0x00000000d6188a60,0x00000000d6200000)
  to   space 1024K, 0% used [0x00000000d6200000,0x00000000d6200000,0x00000000d6300000)
 ParOldGen       total 186880K, used 186681K [0x0000000080000000, 0x000000008b680000, 0x00000000d5580000)
  object space 186880K, 99% used [0x0000000080000000,0x000000008b64e7a8,0x000000008b680000)
 Metaspace       used 73289K, committed 74944K, reserved 1179648K
  class space    used 7603K, committed 8320K, reserved 1048576K
}
Event: 29.185 GC heap before
{Heap before GC invocations=147 (full 3):
 PSYoungGen      total 11776K, used 11298K [0x00000000d5580000, 0x00000000d6300000, 0x0000000100000000)
  eden space 10752K, 100% used [0x00000000d5580000,0x00000000d6000000,0x00000000d6000000)
  from space 1024K, 53% used [0x00000000d6100000,0x00000000d6188a60,0x00000000d6200000)
  to   space 1024K, 0% used [0x00000000d6200000,0x00000000d6200000,0x00000000d6300000)
 ParOldGen       total 186880K, used 186681K [0x0000000080000000, 0x000000008b680000, 0x00000000d5580000)
  object space 186880K, 99% used [0x0000000080000000,0x000000008b64e7a8,0x000000008b680000)
 Metaspace       used 73337K, committed 74944K, reserved 1179648K
  class space    used 7612K, committed 8320K, reserved 1048576K
}
Event: 29.187 GC heap after
{Heap after GC invocations=147 (full 3):
 PSYoungGen      total 11776K, used 782K [0x00000000d5580000, 0x00000000d6300000, 0x0000000100000000)
  eden space 10752K, 0% used [0x00000000d5580000,0x00000000d5580000,0x00000000d6000000)
  from space 1024K, 76% used [0x00000000d6200000,0x00000000d62c3a10,0x00000000d6300000)
  to   space 1024K, 0% used [0x00000000d6100000,0x00000000d6100000,0x00000000d6200000)
 ParOldGen       total 187392K, used 187039K [0x0000000080000000, 0x000000008b700000, 0x00000000d5580000)
  object space 187392K, 99% used [0x0000000080000000,0x000000008b6a7fd8,0x000000008b700000)
 Metaspace       used 73337K, committed 74944K, reserved 1179648K
  class space    used 7612K, committed 8320K, reserved 1048576K
}
Event: 29.238 GC heap before
{Heap before GC invocations=148 (full 3):
 PSYoungGen      total 11776K, used 11510K [0x00000000d5580000, 0x00000000d6300000, 0x0000000100000000)
  eden space 10752K, 99% used [0x00000000d5580000,0x00000000d5ff9ec8,0x00000000d6000000)
  from space 1024K, 76% used [0x00000000d6200000,0x00000000d62c3a10,0x00000000d6300000)
  to   space 1024K, 0% used [0x00000000d6100000,0x00000000d6100000,0x00000000d6200000)
 ParOldGen       total 187392K, used 187039K [0x0000000080000000, 0x000000008b700000, 0x00000000d5580000)
  object space 187392K, 99% used [0x0000000080000000,0x000000008b6a7fd8,0x000000008b700000)
 Metaspace       used 73642K, committed 75392K, reserved 1179648K
  class space    used 7632K, committed 8384K, reserved 1048576K
}
Event: 29.240 GC heap after
{Heap after GC invocations=148 (full 3):
 PSYoungGen      total 11776K, used 1022K [0x00000000d5580000, 0x00000000d6400000, 0x0000000100000000)
  eden space 10752K, 0% used [0x00000000d5580000,0x00000000d5580000,0x00000000d6000000)
  from space 1024K, 99% used [0x00000000d6100000,0x00000000d61ff878,0x00000000d6200000)
  to   space 2048K, 0% used [0x00000000d6200000,0x00000000d6200000,0x00000000d6400000)
 ParOldGen       total 187904K, used 187501K [0x0000000080000000, 0x000000008b780000, 0x00000000d5580000)
  object space 187904K, 99% used [0x0000000080000000,0x000000008b71b6d8,0x000000008b780000)
 Metaspace       used 73642K, committed 75392K, reserved 1179648K
  class space    used 7632K, committed 8384K, reserved 1048576K
}
Event: 29.422 GC heap before
{Heap before GC invocations=149 (full 3):
 PSYoungGen      total 11776K, used 11774K [0x00000000d5580000, 0x00000000d6400000, 0x0000000100000000)
  eden space 10752K, 100% used [0x00000000d5580000,0x00000000d6000000,0x00000000d6000000)
  from space 1024K, 99% used [0x00000000d6100000,0x00000000d61ff878,0x00000000d6200000)
  to   space 2048K, 0% used [0x00000000d6200000,0x00000000d6200000,0x00000000d6400000)
 ParOldGen       total 187904K, used 187501K [0x0000000080000000, 0x000000008b780000, 0x00000000d5580000)
  object space 187904K, 99% used [0x0000000080000000,0x000000008b71b6d8,0x000000008b780000)
 Metaspace       used 73849K, committed 75584K, reserved 1179648K
  class space    used 7643K, committed 8384K, reserved 1048576K
}
Event: 29.425 GC heap after
{Heap after GC invocations=149 (full 3):
 PSYoungGen      total 12800K, used 1776K [0x00000000d5580000, 0x00000000d6400000, 0x0000000100000000)
  eden space 10752K, 0% used [0x00000000d5580000,0x00000000d5580000,0x00000000d6000000)
  from space 2048K, 86% used [0x00000000d6200000,0x00000000d63bc010,0x00000000d6400000)
  to   space 2048K, 0% used [0x00000000d6000000,0x00000000d6000000,0x00000000d6200000)
 ParOldGen       total 188416K, used 188165K [0x0000000080000000, 0x000000008b800000, 0x00000000d5580000)
  object space 188416K, 99% used [0x0000000080000000,0x000000008b7c1708,0x000000008b800000)
 Metaspace       used 73849K, committed 75584K, reserved 1179648K
  class space    used 7643K, committed 8384K, reserved 1048576K
}
Event: 51.047 GC heap before
{Heap before GC invocations=150 (full 3):
 PSYoungGen      total 12800K, used 12528K [0x00000000d5580000, 0x00000000d6400000, 0x0000000100000000)
  eden space 10752K, 100% used [0x00000000d5580000,0x00000000d6000000,0x00000000d6000000)
  from space 2048K, 86% used [0x00000000d6200000,0x00000000d63bc010,0x00000000d6400000)
  to   space 2048K, 0% used [0x00000000d6000000,0x00000000d6000000,0x00000000d6200000)
 ParOldGen       total 188416K, used 188165K [0x0000000080000000, 0x000000008b800000, 0x00000000d5580000)
  object space 188416K, 99% used [0x0000000080000000,0x000000008b7c1708,0x000000008b800000)
 Metaspace       used 74033K, committed 75712K, reserved 1179648K
  class space    used 7645K, committed 8384K, reserved 1048576K
}
Event: 51.076 GC heap after
{Heap after GC invocations=150 (full 3):
 PSYoungGen      total 11776K, used 561K [0x00000000d5580000, 0x00000000d6280000, 0x0000000100000000)
  eden space 10752K, 0% used [0x00000000d5580000,0x00000000d5580000,0x00000000d6000000)
  from space 1024K, 54% used [0x00000000d6000000,0x00000000d608c7f0,0x00000000d6100000)
  to   space 1024K, 0% used [0x00000000d6180000,0x00000000d6180000,0x00000000d6280000)
 ParOldGen       total 189440K, used 188989K [0x0000000080000000, 0x000000008b900000, 0x00000000d5580000)
  object space 189440K, 99% used [0x0000000080000000,0x000000008b88f720,0x000000008b900000)
 Metaspace       used 74033K, committed 75712K, reserved 1179648K
  class space    used 7645K, committed 8384K, reserved 1048576K
}
Event: 54.487 GC heap before
{Heap before GC invocations=151 (full 3):
 PSYoungGen      total 11776K, used 11313K [0x00000000d5580000, 0x00000000d6280000, 0x0000000100000000)
  eden space 10752K, 100% used [0x00000000d5580000,0x00000000d6000000,0x00000000d6000000)
  from space 1024K, 54% used [0x00000000d6000000,0x00000000d608c7f0,0x00000000d6100000)
  to   space 1024K, 0% used [0x00000000d6180000,0x00000000d6180000,0x00000000d6280000)
 ParOldGen       total 189440K, used 188989K [0x0000000080000000, 0x000000008b900000, 0x00000000d5580000)
  object space 189440K, 99% used [0x0000000080000000,0x000000008b88f720,0x000000008b900000)
 Metaspace       used 74139K, committed 75840K, reserved 1179648K
  class space    used 7645K, committed 8384K, reserved 1048576K
}
Event: 54.492 GC heap after
{Heap after GC invocations=151 (full 3):
 PSYoungGen      total 11776K, used 672K [0x00000000d5580000, 0x00000000d6280000, 0x0000000100000000)
  eden space 10752K, 0% used [0x00000000d5580000,0x00000000d5580000,0x00000000d6000000)
  from space 1024K, 65% used [0x00000000d6180000,0x00000000d6228000,0x00000000d6280000)
  to   space 1024K, 0% used [0x00000000d6000000,0x00000000d6000000,0x00000000d6100000)
 ParOldGen       total 189440K, used 189253K [0x0000000080000000, 0x000000008b900000, 0x00000000d5580000)
  object space 189440K, 99% used [0x0000000080000000,0x000000008b8d1720,0x000000008b900000)
 Metaspace       used 74139K, committed 75840K, reserved 1179648K
  class space    used 7645K, committed 8384K, reserved 1048576K
}
Event: 55.309 GC heap before
{Heap before GC invocations=152 (full 3):
 PSYoungGen      total 11776K, used 11424K [0x00000000d5580000, 0x00000000d6280000, 0x0000000100000000)
  eden space 10752K, 100% used [0x00000000d5580000,0x00000000d6000000,0x00000000d6000000)
  from space 1024K, 65% used [0x00000000d6180000,0x00000000d6228000,0x00000000d6280000)
  to   space 1024K, 0% used [0x00000000d6000000,0x00000000d6000000,0x00000000d6100000)
 ParOldGen       total 189440K, used 189253K [0x0000000080000000, 0x000000008b900000, 0x00000000d5580000)
  object space 189440K, 99% used [0x0000000080000000,0x000000008b8d1720,0x000000008b900000)
 Metaspace       used 74369K, committed 76096K, reserved 1179648K
  class space    used 7645K, committed 8384K, reserved 1048576K
}
Event: 55.311 GC heap after
{Heap after GC invocations=152 (full 3):
 PSYoungGen      total 11776K, used 994K [0x00000000d5580000, 0x00000000d6300000, 0x0000000100000000)
  eden space 10752K, 0% used [0x00000000d5580000,0x00000000d5580000,0x00000000d6000000)
  from space 1024K, 97% used [0x00000000d6000000,0x00000000d60f8800,0x00000000d6100000)
  to   space 1536K, 0% used [0x00000000d6180000,0x00000000d6180000,0x00000000d6300000)
 ParOldGen       total 189440K, used 189309K [0x0000000080000000, 0x000000008b900000, 0x00000000d5580000)
  object space 189440K, 99% used [0x0000000080000000,0x000000008b8df720,0x000000008b900000)
 Metaspace       used 74369K, committed 76096K, reserved 1179648K
  class space    used 7645K, committed 8384K, reserved 1048576K
}

