# JRE version: OpenJDK Runtime Environment Temurin-21.0.8+9 (21.0.8+9) (build 21.0.8+9-LTS)
# Java VM: OpenJDK 64-Bit Server VM Temurin-21.0.8+9 (21.0.8+9-LTS, mixed mode, sharing, tiered, compressed oops, compressed class ptrs, parallel gc, windows-amd64)
GC Precious Log:
 CardTable entry size: 512
 CPUs: 12 total, 12 available
 Memory: 5981M
 Large Page Support: Disabled
 NUMA Support: Disabled
 Compressed Oops: Enabled (32-bit)
 Alignments: Space 512K, Generation 512K, Heap 2M
 Heap Min Capacity: 100M
 Heap Initial Capacity: 100M
 Heap Max Capacity: 2G
 Pre-touch: Disabled
 Parallel Workers: 10
Heap:
 PSYoungGen      total 8192K, used 7213K [0x00000000d5580000, 0x00000000d5e80000, 0x0000000100000000)
  eden space 7168K, 92% used [0x00000000d5580000,0x00000000d5c00808,0x00000000d5c80000)
  from space 1024K, 54% used [0x00000000d5c80000,0x00000000d5d0ad88,0x00000000d5d80000)
  to   space 1024K, 0% used [0x00000000d5d80000,0x00000000d5d80000,0x00000000d5e80000)
 ParOldGen       total 599552K, used 599199K [0x0000000080000000, 0x00000000a4980000, 0x00000000d5580000)
  object space 599552K, 99% used [0x0000000080000000,0x00000000a4927db0,0x00000000a4980000)
 Metaspace       used 79317K, committed 80960K, reserved 1179648K
  class space    used 8162K, committed 8896K, reserved 1048576K
GC Heap History (20 events):
Event: 6278.811 GC heap before
{Heap before GC invocations=680 (full 3):
 PSYoungGen      total 8192K, used 8104K [0x00000000d5580000, 0x00000000d6000000, 0x0000000100000000)
  eden space 7168K, 98% used [0x00000000d5580000,0x00000000d5c6dca8,0x00000000d5c80000)
  from space 1024K, 98% used [0x00000000d5f00000,0x00000000d5ffc3f0,0x00000000d6000000)
  to   space 1536K, 0% used [0x00000000d5d00000,0x00000000d5d00000,0x00000000d5e80000)
 ParOldGen       total 593408K, used 593079K [0x0000000080000000, 0x00000000a4380000, 0x00000000d5580000)
  object space 593408K, 99% used [0x0000000080000000,0x00000000a432dff0,0x00000000a4380000)
 Metaspace       used 75670K, committed 77376K, reserved 1179648K
  class space    used 7863K, committed 8576K, reserved 1048576K
}
Event: 6278.813 GC heap after
{Heap after GC invocations=680 (full 3):
 PSYoungGen      total 8704K, used 1355K [0x00000000d5580000, 0x00000000d5f80000, 0x0000000100000000)
  eden space 7168K, 0% used [0x00000000d5580000,0x00000000d5580000,0x00000000d5c80000)
  from space 1536K, 88% used [0x00000000d5d00000,0x00000000d5e52ea0,0x00000000d5e80000)
  to   space 1024K, 0% used [0x00000000d5e80000,0x00000000d5e80000,0x00000000d5f80000)
 ParOldGen       total 593408K, used 593127K [0x0000000080000000, 0x00000000a4380000, 0x00000000d5580000)
  object space 593408K, 99% used [0x0000000080000000,0x00000000a4339ff0,0x00000000a4380000)
 Metaspace       used 75670K, committed 77376K, reserved 1179648K
  class space    used 7863K, committed 8576K, reserved 1048576K
}
Event: 6278.861 GC heap before
{Heap before GC invocations=681 (full 3):
 PSYoungGen      total 8704K, used 8523K [0x00000000d5580000, 0x00000000d5f80000, 0x0000000100000000)
  eden space 7168K, 100% used [0x00000000d5580000,0x00000000d5c80000,0x00000000d5c80000)
  from space 1536K, 88% used [0x00000000d5d00000,0x00000000d5e52ea0,0x00000000d5e80000)
  to   space 1024K, 0% used [0x00000000d5e80000,0x00000000d5e80000,0x00000000d5f80000)
 ParOldGen       total 593408K, used 593127K [0x0000000080000000, 0x00000000a4380000, 0x00000000d5580000)
  object space 593408K, 99% used [0x0000000080000000,0x00000000a4339ff0,0x00000000a4380000)
 Metaspace       used 76076K, committed 77824K, reserved 1179648K
  class space    used 7891K, committed 8640K, reserved 1048576K
}
Event: 6278.863 GC heap after
{Heap after GC invocations=681 (full 3):
 PSYoungGen      total 7680K, used 288K [0x00000000d5580000, 0x00000000d5f00000, 0x0000000100000000)
  eden space 7168K, 0% used [0x00000000d5580000,0x00000000d5580000,0x00000000d5c80000)
  from space 512K, 56% used [0x00000000d5e80000,0x00000000d5ec8000,0x00000000d5f00000)
  to   space 1024K, 0% used [0x00000000d5d00000,0x00000000d5d00000,0x00000000d5e00000)
 ParOldGen       total 593408K, used 593135K [0x0000000080000000, 0x00000000a4380000, 0x00000000d5580000)
  object space 593408K, 99% used [0x0000000080000000,0x00000000a433bff0,0x00000000a4380000)
 Metaspace       used 76076K, committed 77824K, reserved 1179648K
  class space    used 7891K, committed 8640K, reserved 1048576K
}
Event: 6279.042 GC heap before
{Heap before GC invocations=682 (full 3):
 PSYoungGen      total 7680K, used 7456K [0x00000000d5580000, 0x00000000d5f00000, 0x0000000100000000)
  eden space 7168K, 100% used [0x00000000d5580000,0x00000000d5c80000,0x00000000d5c80000)
  from space 512K, 56% used [0x00000000d5e80000,0x00000000d5ec8000,0x00000000d5f00000)
  to   space 1024K, 0% used [0x00000000d5d00000,0x00000000d5d00000,0x00000000d5e00000)
 ParOldGen       total 593408K, used 593135K [0x0000000080000000, 0x00000000a4380000, 0x00000000d5580000)
  object space 593408K, 99% used [0x0000000080000000,0x00000000a433bff0,0x00000000a4380000)
 Metaspace       used 77331K, committed 79104K, reserved 1179648K
  class space    used 8007K, committed 8768K, reserved 1048576K
}
Event: 6279.044 GC heap after
{Heap after GC invocations=682 (full 3):
 PSYoungGen      total 8192K, used 866K [0x00000000d5580000, 0x00000000d5f00000, 0x0000000100000000)
  eden space 7168K, 0% used [0x00000000d5580000,0x00000000d5580000,0x00000000d5c80000)
  from space 1024K, 84% used [0x00000000d5d00000,0x00000000d5dd8878,0x00000000d5e00000)
  to   space 1024K, 0% used [0x00000000d5e00000,0x00000000d5e00000,0x00000000d5f00000)
 ParOldGen       total 593408K, used 593167K [0x0000000080000000, 0x00000000a4380000, 0x00000000d5580000)
  object space 593408K, 99% used [0x0000000080000000,0x00000000a4343ff0,0x00000000a4380000)
 Metaspace       used 77331K, committed 79104K, reserved 1179648K
  class space    used 8007K, committed 8768K, reserved 1048576K
}
Event: 6279.122 GC heap before
{Heap before GC invocations=683 (full 3):
 PSYoungGen      total 8192K, used 8034K [0x00000000d5580000, 0x00000000d5f00000, 0x0000000100000000)
  eden space 7168K, 100% used [0x00000000d5580000,0x00000000d5c80000,0x00000000d5c80000)
  from space 1024K, 84% used [0x00000000d5d00000,0x00000000d5dd8878,0x00000000d5e00000)
  to   space 1024K, 0% used [0x00000000d5e00000,0x00000000d5e00000,0x00000000d5f00000)
 ParOldGen       total 593408K, used 593167K [0x0000000080000000, 0x00000000a4380000, 0x00000000d5580000)
  object space 593408K, 99% used [0x0000000080000000,0x00000000a4343ff0,0x00000000a4380000)
 Metaspace       used 77682K, committed 79424K, reserved 1179648K
  class space    used 8022K, committed 8768K, reserved 1048576K
}
Event: 6279.125 GC heap after
{Heap after GC invocations=683 (full 3):
 PSYoungGen      total 7680K, used 420K [0x00000000d5580000, 0x00000000d5e80000, 0x0000000100000000)
  eden space 7168K, 0% used [0x00000000d5580000,0x00000000d5580000,0x00000000d5c80000)
  from space 512K, 82% used [0x00000000d5e00000,0x00000000d5e69268,0x00000000d5e80000)
  to   space 1024K, 0% used [0x00000000d5c80000,0x00000000d5c80000,0x00000000d5d80000)
 ParOldGen       total 593408K, used 593399K [0x0000000080000000, 0x00000000a4380000, 0x00000000d5580000)
  object space 593408K, 99% used [0x0000000080000000,0x00000000a437dff0,0x00000000a4380000)
 Metaspace       used 77682K, committed 79424K, reserved 1179648K
  class space    used 8022K, committed 8768K, reserved 1048576K
}
Event: 6279.343 GC heap before
{Heap before GC invocations=684 (full 3):
 PSYoungGen      total 7680K, used 7588K [0x00000000d5580000, 0x00000000d5e80000, 0x0000000100000000)
  eden space 7168K, 100% used [0x00000000d5580000,0x00000000d5c80000,0x00000000d5c80000)
  from space 512K, 82% used [0x00000000d5e00000,0x00000000d5e69268,0x00000000d5e80000)
  to   space 1024K, 0% used [0x00000000d5c80000,0x00000000d5c80000,0x00000000d5d80000)
 ParOldGen       total 593408K, used 593399K [0x0000000080000000, 0x00000000a4380000, 0x00000000d5580000)
  object space 593408K, 99% used [0x0000000080000000,0x00000000a437dff0,0x00000000a4380000)
 Metaspace       used 78157K, committed 79808K, reserved 1179648K
  class space    used 8057K, committed 8768K, reserved 1048576K
}
Event: 6279.346 GC heap after
{Heap after GC invocations=684 (full 3):
 PSYoungGen      total 8192K, used 1008K [0x00000000d5580000, 0x00000000d5f80000, 0x0000000100000000)
  eden space 7168K, 0% used [0x00000000d5580000,0x00000000d5580000,0x00000000d5c80000)
  from space 1024K, 98% used [0x00000000d5c80000,0x00000000d5d7c010,0x00000000d5d80000)
  to   space 1536K, 0% used [0x00000000d5e00000,0x00000000d5e00000,0x00000000d5f80000)
 ParOldGen       total 593920K, used 593599K [0x0000000080000000, 0x00000000a4400000, 0x00000000d5580000)
  object space 593920K, 99% used [0x0000000080000000,0x00000000a43afff0,0x00000000a4400000)
 Metaspace       used 78157K, committed 79808K, reserved 1179648K
  class space    used 8057K, committed 8768K, reserved 1048576K
}
Event: 6279.485 GC heap before
{Heap before GC invocations=685 (full 3):
 PSYoungGen      total 8192K, used 8175K [0x00000000d5580000, 0x00000000d5f80000, 0x0000000100000000)
  eden space 7168K, 99% used [0x00000000d5580000,0x00000000d5c7fe90,0x00000000d5c80000)
  from space 1024K, 98% used [0x00000000d5c80000,0x00000000d5d7c010,0x00000000d5d80000)
  to   space 1536K, 0% used [0x00000000d5e00000,0x00000000d5e00000,0x00000000d5f80000)
 ParOldGen       total 593920K, used 593599K [0x0000000080000000, 0x00000000a4400000, 0x00000000d5580000)
  object space 593920K, 99% used [0x0000000080000000,0x00000000a43afff0,0x00000000a4400000)
 Metaspace       used 78676K, committed 80384K, reserved 1179648K
  class space    used 8101K, committed 8832K, reserved 1048576K
}
Event: 6279.487 GC heap after
{Heap after GC invocations=685 (full 3):
 PSYoungGen      total 7680K, used 470K [0x00000000d5580000, 0x00000000d5e80000, 0x0000000100000000)
  eden space 7168K, 0% used [0x00000000d5580000,0x00000000d5580000,0x00000000d5c80000)
  from space 512K, 91% used [0x00000000d5e00000,0x00000000d5e758e0,0x00000000d5e80000)
  to   space 1024K, 0% used [0x00000000d5c80000,0x00000000d5c80000,0x00000000d5d80000)
 ParOldGen       total 594944K, used 594468K [0x0000000080000000, 0x00000000a4500000, 0x00000000d5580000)
  object space 594944K, 99% used [0x0000000080000000,0x00000000a44893b8,0x00000000a4500000)
 Metaspace       used 78676K, committed 80384K, reserved 1179648K
  class space    used 8101K, committed 8832K, reserved 1048576K
}
Event: 6283.235 GC heap before
{Heap before GC invocations=686 (full 3):
 PSYoungGen      total 7680K, used 7631K [0x00000000d5580000, 0x00000000d5e80000, 0x0000000100000000)
  eden space 7168K, 99% used [0x00000000d5580000,0x00000000d5c7e590,0x00000000d5c80000)
  from space 512K, 91% used [0x00000000d5e00000,0x00000000d5e758e0,0x00000000d5e80000)
  to   space 1024K, 0% used [0x00000000d5c80000,0x00000000d5c80000,0x00000000d5d80000)
 ParOldGen       total 594944K, used 594468K [0x0000000080000000, 0x00000000a4500000, 0x00000000d5580000)
  object space 594944K, 99% used [0x0000000080000000,0x00000000a44893b8,0x00000000a4500000)
 Metaspace       used 79018K, committed 80768K, reserved 1179648K
  class space    used 8149K, committed 8896K, reserved 1048576K
}
Event: 6283.240 GC heap after
{Heap after GC invocations=686 (full 3):
 PSYoungGen      total 8192K, used 416K [0x00000000d5580000, 0x00000000d5e80000, 0x0000000100000000)
  eden space 7168K, 0% used [0x00000000d5580000,0x00000000d5580000,0x00000000d5c80000)
  from space 1024K, 40% used [0x00000000d5c80000,0x00000000d5ce8000,0x00000000d5d80000)
  to   space 512K, 0% used [0x00000000d5e00000,0x00000000d5e00000,0x00000000d5e80000)
 ParOldGen       total 594944K, used 594756K [0x0000000080000000, 0x00000000a4500000, 0x00000000d5580000)
  object space 594944K, 99% used [0x0000000080000000,0x00000000a44d13c8,0x00000000a4500000)
 Metaspace       used 79018K, committed 80768K, reserved 1179648K
  class space    used 8149K, committed 8896K, reserved 1048576K
}
Event: 6283.609 GC heap before
{Heap before GC invocations=687 (full 3):
 PSYoungGen      total 8192K, used 7584K [0x00000000d5580000, 0x00000000d5e80000, 0x0000000100000000)
  eden space 7168K, 100% used [0x00000000d5580000,0x00000000d5c80000,0x00000000d5c80000)
  from space 1024K, 40% used [0x00000000d5c80000,0x00000000d5ce8000,0x00000000d5d80000)
  to   space 512K, 0% used [0x00000000d5e00000,0x00000000d5e00000,0x00000000d5e80000)
 ParOldGen       total 594944K, used 594756K [0x0000000080000000, 0x00000000a4500000, 0x00000000d5580000)
  object space 594944K, 99% used [0x0000000080000000,0x00000000a44d13c8,0x00000000a4500000)
 Metaspace       used 79072K, committed 80768K, reserved 1179648K
  class space    used 8149K, committed 8896K, reserved 1048576K
}
Event: 6283.619 GC heap after
{Heap after GC invocations=687 (full 3):
 PSYoungGen      total 7680K, used 503K [0x00000000d5580000, 0x00000000d5f80000, 0x0000000100000000)
  eden space 7168K, 0% used [0x00000000d5580000,0x00000000d5580000,0x00000000d5c80000)
  from space 512K, 98% used [0x00000000d5e00000,0x00000000d5e7deb8,0x00000000d5e80000)
  to   space 1536K, 0% used [0x00000000d5c80000,0x00000000d5c80000,0x00000000d5e00000)
 ParOldGen       total 595968K, used 595582K [0x0000000080000000, 0x00000000a4600000, 0x00000000d5580000)
  object space 595968K, 99% used [0x0000000080000000,0x00000000a459fa98,0x00000000a4600000)
 Metaspace       used 79072K, committed 80768K, reserved 1179648K
  class space    used 8149K, committed 8896K, reserved 1048576K
}
Event: 6284.200 GC heap before
{Heap before GC invocations=688 (full 3):
 PSYoungGen      total 7680K, used 7671K [0x00000000d5580000, 0x00000000d5f80000, 0x0000000100000000)
  eden space 7168K, 100% used [0x00000000d5580000,0x00000000d5c80000,0x00000000d5c80000)
  from space 512K, 98% used [0x00000000d5e00000,0x00000000d5e7deb8,0x00000000d5e80000)
  to   space 1536K, 0% used [0x00000000d5c80000,0x00000000d5c80000,0x00000000d5e00000)
 ParOldGen       total 595968K, used 595582K [0x0000000080000000, 0x00000000a4600000, 0x00000000d5580000)
  object space 595968K, 99% used [0x0000000080000000,0x00000000a459fa98,0x00000000a4600000)
 Metaspace       used 79127K, committed 80832K, reserved 1179648K
  class space    used 8150K, committed 8896K, reserved 1048576K
}
Event: 6284.207 GC heap after
{Heap after GC invocations=688 (full 3):
 PSYoungGen      total 8704K, used 1436K [0x00000000d5580000, 0x00000000d5f80000, 0x0000000100000000)
  eden space 7168K, 0% used [0x00000000d5580000,0x00000000d5580000,0x00000000d5c80000)
  from space 1536K, 93% used [0x00000000d5c80000,0x00000000d5de7218,0x00000000d5e00000)
  to   space 1536K, 0% used [0x00000000d5e00000,0x00000000d5e00000,0x00000000d5f80000)
 ParOldGen       total 596480K, used 596103K [0x0000000080000000, 0x00000000a4680000, 0x00000000d5580000)
  object space 596480K, 99% used [0x0000000080000000,0x00000000a4621df0,0x00000000a4680000)
 Metaspace       used 79127K, committed 80832K, reserved 1179648K
  class space    used 8150K, committed 8896K, reserved 1048576K
}
Event: 6284.305 GC heap before
{Heap before GC invocations=689 (full 3):
 PSYoungGen      total 8704K, used 8604K [0x00000000d5580000, 0x00000000d5f80000, 0x0000000100000000)
  eden space 7168K, 100% used [0x00000000d5580000,0x00000000d5c80000,0x00000000d5c80000)
  from space 1536K, 93% used [0x00000000d5c80000,0x00000000d5de7218,0x00000000d5e00000)
  to   space 1536K, 0% used [0x00000000d5e00000,0x00000000d5e00000,0x00000000d5f80000)
 ParOldGen       total 596480K, used 596103K [0x0000000080000000, 0x00000000a4680000, 0x00000000d5580000)
  object space 596480K, 99% used [0x0000000080000000,0x00000000a4621df0,0x00000000a4680000)
 Metaspace       used 79270K, committed 80960K, reserved 1179648K
  class space    used 8158K, committed 8896K, reserved 1048576K
}
Event: 6284.309 GC heap after
{Heap after GC invocations=689 (full 3):
 PSYoungGen      total 8704K, used 1351K [0x00000000d5580000, 0x00000000d5f80000, 0x0000000100000000)
  eden space 7168K, 0% used [0x00000000d5580000,0x00000000d5580000,0x00000000d5c80000)
  from space 1536K, 88% used [0x00000000d5e00000,0x00000000d5f51f88,0x00000000d5f80000)
  to   space 1536K, 0% used [0x00000000d5c80000,0x00000000d5c80000,0x00000000d5e00000)
 ParOldGen       total 599040K, used 598739K [0x0000000080000000, 0x00000000a4900000, 0x00000000d5580000)
  object space 599040K, 99% used [0x0000000080000000,0x00000000a48b4e08,0x00000000a4900000)
 Metaspace       used 79270K, committed 80960K, reserved 1179648K
  class space    used 8158K, committed 8896K, reserved 1048576K
}

