# JRE version: OpenJDK Runtime Environment Temurin-21.0.8+9 (21.0.8+9) (build 21.0.8+9-LTS)
# Java VM: OpenJDK 64-Bit Server VM Temurin-21.0.8+9 (21.0.8+9-LTS, mixed mode, sharing, tiered, compressed oops, compressed class ptrs, parallel gc, windows-amd64)
GC Precious Log:
 CardTable entry size: 512
 CPUs: 12 total, 12 available
 Memory: 5981M
 Large Page Support: Disabled
 NUMA Support: Disabled
 Compressed Oops: Enabled (32-bit)
 Alignments: Space 512K, Generation 512K, Heap 2M
 Heap Min Capacity: 100M
 Heap Initial Capacity: 100M
 Heap Max Capacity: 2G
 Pre-touch: Disabled
 Parallel Workers: 10
Heap:
 PSYoungGen      total 15872K, used 11751K [0x00000000d5580000, 0x00000000d6800000, 0x0000000100000000)
  eden space 14336K, 71% used [0x00000000d5580000,0x00000000d5f91f80,0x00000000d6380000)
  from space 1536K, 93% used [0x00000000d6680000,0x00000000d67e7d60,0x00000000d6800000)
  to   space 2048K, 0% used [0x00000000d6400000,0x00000000d6400000,0x00000000d6600000)
 ParOldGen       total 90112K, used 89931K [0x0000000080000000, 0x0000000085800000, 0x00000000d5580000)
  object space 90112K, 99% used [0x0000000080000000,0x00000000857d2d28,0x0000000085800000)
 Metaspace       used 71081K, committed 72704K, reserved 1179648K
  class space    used 7317K, committed 8000K, reserved 1048576K
GC Heap History (20 events):
Event: 14.013 GC heap before
{Heap before GC invocations=66 (full 3):
 PSYoungGen      total 15360K, used 15071K [0x00000000d5580000, 0x00000000d6600000, 0x0000000100000000)
  eden space 14336K, 100% used [0x00000000d5580000,0x00000000d6380000,0x00000000d6380000)
  from space 1024K, 71% used [0x00000000d6500000,0x00000000d65b7ed0,0x00000000d6600000)
  to   space 1024K, 0% used [0x00000000d6400000,0x00000000d6400000,0x00000000d6500000)
 ParOldGen       total 70144K, used 69696K [0x0000000080000000, 0x0000000084480000, 0x00000000d5580000)
  object space 70144K, 99% used [0x0000000080000000,0x00000000844100c8,0x0000000084480000)
 Metaspace       used 67341K, committed 68928K, reserved 1114112K
  class space    used 7062K, committed 7744K, reserved 1048576K
}
Event: 14.014 GC heap after
{Heap after GC invocations=66 (full 3):
 PSYoungGen      total 15360K, used 672K [0x00000000d5580000, 0x00000000d6580000, 0x0000000100000000)
  eden space 14336K, 0% used [0x00000000d5580000,0x00000000d5580000,0x00000000d6380000)
  from space 1024K, 65% used [0x00000000d6400000,0x00000000d64a8000,0x00000000d6500000)
  to   space 512K, 0% used [0x00000000d6500000,0x00000000d6500000,0x00000000d6580000)
 ParOldGen       total 70144K, used 70032K [0x0000000080000000, 0x0000000084480000, 0x00000000d5580000)
  object space 70144K, 99% used [0x0000000080000000,0x00000000844640e8,0x0000000084480000)
 Metaspace       used 67341K, committed 68928K, reserved 1114112K
  class space    used 7062K, committed 7744K, reserved 1048576K
}
Event: 14.284 GC heap before
{Heap before GC invocations=67 (full 3):
 PSYoungGen      total 15360K, used 15008K [0x00000000d5580000, 0x00000000d6580000, 0x0000000100000000)
  eden space 14336K, 100% used [0x00000000d5580000,0x00000000d6380000,0x00000000d6380000)
  from space 1024K, 65% used [0x00000000d6400000,0x00000000d64a8000,0x00000000d6500000)
  to   space 512K, 0% used [0x00000000d6500000,0x00000000d6500000,0x00000000d6580000)
 ParOldGen       total 70144K, used 70032K [0x0000000080000000, 0x0000000084480000, 0x00000000d5580000)
  object space 70144K, 99% used [0x0000000080000000,0x00000000844640e8,0x0000000084480000)
 Metaspace       used 67703K, committed 69376K, reserved 1114112K
  class space    used 7105K, committed 7808K, reserved 1048576K
}
Event: 14.286 GC heap after
{Heap after GC invocations=67 (full 3):
 PSYoungGen      total 14848K, used 496K [0x00000000d5580000, 0x00000000d6580000, 0x0000000100000000)
  eden space 14336K, 0% used [0x00000000d5580000,0x00000000d5580000,0x00000000d6380000)
  from space 512K, 96% used [0x00000000d6500000,0x00000000d657c010,0x00000000d6580000)
  to   space 1024K, 0% used [0x00000000d6380000,0x00000000d6380000,0x00000000d6480000)
 ParOldGen       total 70656K, used 70558K [0x0000000080000000, 0x0000000084500000, 0x00000000d5580000)
  object space 70656K, 99% used [0x0000000080000000,0x00000000844e7810,0x0000000084500000)
 Metaspace       used 67703K, committed 69376K, reserved 1114112K
  class space    used 7105K, committed 7808K, reserved 1048576K
}
Event: 14.531 GC heap before
{Heap before GC invocations=68 (full 3):
 PSYoungGen      total 14848K, used 14832K [0x00000000d5580000, 0x00000000d6580000, 0x0000000100000000)
  eden space 14336K, 100% used [0x00000000d5580000,0x00000000d6380000,0x00000000d6380000)
  from space 512K, 96% used [0x00000000d6500000,0x00000000d657c010,0x00000000d6580000)
  to   space 1024K, 0% used [0x00000000d6380000,0x00000000d6380000,0x00000000d6480000)
 ParOldGen       total 70656K, used 70558K [0x0000000080000000, 0x0000000084500000, 0x00000000d5580000)
  object space 70656K, 99% used [0x0000000080000000,0x00000000844e7810,0x0000000084500000)
 Metaspace       used 68419K, committed 70016K, reserved 1114112K
  class space    used 7170K, committed 7872K, reserved 1048576K
}
Event: 14.535 GC heap after
{Heap after GC invocations=68 (full 3):
 PSYoungGen      total 15360K, used 992K [0x00000000d5580000, 0x00000000d7180000, 0x0000000100000000)
  eden space 14336K, 0% used [0x00000000d5580000,0x00000000d5580000,0x00000000d6380000)
  from space 1024K, 96% used [0x00000000d6380000,0x00000000d6478020,0x00000000d6480000)
  to   space 7168K, 0% used [0x00000000d6a80000,0x00000000d6a80000,0x00000000d7180000)
 ParOldGen       total 75776K, used 75637K [0x0000000080000000, 0x0000000084a00000, 0x00000000d5580000)
  object space 75776K, 99% used [0x0000000080000000,0x00000000849dd758,0x0000000084a00000)
 Metaspace       used 68419K, committed 70016K, reserved 1114112K
  class space    used 7170K, committed 7872K, reserved 1048576K
}
Event: 14.675 GC heap before
{Heap before GC invocations=69 (full 3):
 PSYoungGen      total 15360K, used 15328K [0x00000000d5580000, 0x00000000d7180000, 0x0000000100000000)
  eden space 14336K, 100% used [0x00000000d5580000,0x00000000d6380000,0x00000000d6380000)
  from space 1024K, 96% used [0x00000000d6380000,0x00000000d6478020,0x00000000d6480000)
  to   space 7168K, 0% used [0x00000000d6a80000,0x00000000d6a80000,0x00000000d7180000)
 ParOldGen       total 75776K, used 75637K [0x0000000080000000, 0x0000000084a00000, 0x00000000d5580000)
  object space 75776K, 99% used [0x0000000080000000,0x00000000849dd758,0x0000000084a00000)
 Metaspace       used 68686K, committed 70272K, reserved 1114112K
  class space    used 7199K, committed 7872K, reserved 1048576K
}
Event: 14.678 GC heap after
{Heap after GC invocations=69 (full 3):
 PSYoungGen      total 18432K, used 3736K [0x00000000d5580000, 0x00000000d6e80000, 0x0000000100000000)
  eden space 14336K, 0% used [0x00000000d5580000,0x00000000d5580000,0x00000000d6380000)
  from space 4096K, 91% used [0x00000000d6a80000,0x00000000d6e26168,0x00000000d6e80000)
  to   space 4608K, 0% used [0x00000000d6580000,0x00000000d6580000,0x00000000d6a00000)
 ParOldGen       total 76800K, used 76613K [0x0000000080000000, 0x0000000084b00000, 0x00000000d5580000)
  object space 76800K, 99% used [0x0000000080000000,0x0000000084ad1778,0x0000000084b00000)
 Metaspace       used 68686K, committed 70272K, reserved 1114112K
  class space    used 7199K, committed 7872K, reserved 1048576K
}
Event: 14.897 GC heap before
{Heap before GC invocations=70 (full 3):
 PSYoungGen      total 18432K, used 18072K [0x00000000d5580000, 0x00000000d6e80000, 0x0000000100000000)
  eden space 14336K, 100% used [0x00000000d5580000,0x00000000d6380000,0x00000000d6380000)
  from space 4096K, 91% used [0x00000000d6a80000,0x00000000d6e26168,0x00000000d6e80000)
  to   space 4608K, 0% used [0x00000000d6580000,0x00000000d6580000,0x00000000d6a00000)
 ParOldGen       total 76800K, used 76613K [0x0000000080000000, 0x0000000084b00000, 0x00000000d5580000)
  object space 76800K, 99% used [0x0000000080000000,0x0000000084ad1778,0x0000000084b00000)
 Metaspace       used 69011K, committed 70592K, reserved 1114112K
  class space    used 7225K, committed 7872K, reserved 1048576K
}
Event: 14.902 GC heap after
{Heap after GC invocations=70 (full 3):
 PSYoungGen      total 17920K, used 3296K [0x00000000d5580000, 0x00000000d6b80000, 0x0000000100000000)
  eden space 14336K, 0% used [0x00000000d5580000,0x00000000d5580000,0x00000000d6380000)
  from space 3584K, 91% used [0x00000000d6580000,0x00000000d68b8120,0x00000000d6900000)
  to   space 2560K, 0% used [0x00000000d6900000,0x00000000d6900000,0x00000000d6b80000)
 ParOldGen       total 80384K, used 80117K [0x0000000080000000, 0x0000000084e80000, 0x00000000d5580000)
  object space 80384K, 99% used [0x0000000080000000,0x0000000084e3d678,0x0000000084e80000)
 Metaspace       used 69011K, committed 70592K, reserved 1114112K
  class space    used 7225K, committed 7872K, reserved 1048576K
}
Event: 15.165 GC heap before
{Heap before GC invocations=71 (full 3):
 PSYoungGen      total 17920K, used 17632K [0x00000000d5580000, 0x00000000d6b80000, 0x0000000100000000)
  eden space 14336K, 100% used [0x00000000d5580000,0x00000000d6380000,0x00000000d6380000)
  from space 3584K, 91% used [0x00000000d6580000,0x00000000d68b8120,0x00000000d6900000)
  to   space 2560K, 0% used [0x00000000d6900000,0x00000000d6900000,0x00000000d6b80000)
 ParOldGen       total 80384K, used 80117K [0x0000000080000000, 0x0000000084e80000, 0x00000000d5580000)
  object space 80384K, 99% used [0x0000000080000000,0x0000000084e3d678,0x0000000084e80000)
 Metaspace       used 69385K, committed 70976K, reserved 1114112K
  class space    used 7247K, committed 7936K, reserved 1048576K
}
Event: 15.170 GC heap after
{Heap after GC invocations=71 (full 3):
 PSYoungGen      total 16896K, used 2240K [0x00000000d5580000, 0x00000000d6b80000, 0x0000000100000000)
  eden space 14336K, 0% used [0x00000000d5580000,0x00000000d5580000,0x00000000d6380000)
  from space 2560K, 87% used [0x00000000d6900000,0x00000000d6b30020,0x00000000d6b80000)
  to   space 3072K, 0% used [0x00000000d6580000,0x00000000d6580000,0x00000000d6880000)
 ParOldGen       total 83456K, used 83285K [0x0000000080000000, 0x0000000085180000, 0x00000000d5580000)
  object space 83456K, 99% used [0x0000000080000000,0x00000000851554c0,0x0000000085180000)
 Metaspace       used 69385K, committed 70976K, reserved 1114112K
  class space    used 7247K, committed 7936K, reserved 1048576K
}
Event: 15.478 GC heap before
{Heap before GC invocations=72 (full 3):
 PSYoungGen      total 16896K, used 16576K [0x00000000d5580000, 0x00000000d6b80000, 0x0000000100000000)
  eden space 14336K, 100% used [0x00000000d5580000,0x00000000d6380000,0x00000000d6380000)
  from space 2560K, 87% used [0x00000000d6900000,0x00000000d6b30020,0x00000000d6b80000)
  to   space 3072K, 0% used [0x00000000d6580000,0x00000000d6580000,0x00000000d6880000)
 ParOldGen       total 83456K, used 83285K [0x0000000080000000, 0x0000000085180000, 0x00000000d5580000)
  object space 83456K, 99% used [0x0000000080000000,0x00000000851554c0,0x0000000085180000)
 Metaspace       used 69765K, committed 71360K, reserved 1114112K
  class space    used 7257K, committed 7936K, reserved 1048576K
}
Event: 15.482 GC heap after
{Heap after GC invocations=72 (full 3):
 PSYoungGen      total 16896K, used 2352K [0x00000000d5580000, 0x00000000d6980000, 0x0000000100000000)
  eden space 14336K, 0% used [0x00000000d5580000,0x00000000d5580000,0x00000000d6380000)
  from space 2560K, 91% used [0x00000000d6580000,0x00000000d67cc050,0x00000000d6800000)
  to   space 1536K, 0% used [0x00000000d6800000,0x00000000d6800000,0x00000000d6980000)
 ParOldGen       total 85504K, used 85361K [0x0000000080000000, 0x0000000085380000, 0x00000000d5580000)
  object space 85504K, 99% used [0x0000000080000000,0x000000008535c400,0x0000000085380000)
 Metaspace       used 69765K, committed 71360K, reserved 1114112K
  class space    used 7257K, committed 7936K, reserved 1048576K
}
Event: 15.758 GC heap before
{Heap before GC invocations=73 (full 3):
 PSYoungGen      total 16896K, used 16634K [0x00000000d5580000, 0x00000000d6980000, 0x0000000100000000)
  eden space 14336K, 99% used [0x00000000d5580000,0x00000000d6372ae0,0x00000000d6380000)
  from space 2560K, 91% used [0x00000000d6580000,0x00000000d67cc050,0x00000000d6800000)
  to   space 1536K, 0% used [0x00000000d6800000,0x00000000d6800000,0x00000000d6980000)
 ParOldGen       total 85504K, used 85361K [0x0000000080000000, 0x0000000085380000, 0x00000000d5580000)
  object space 85504K, 99% used [0x0000000080000000,0x000000008535c400,0x0000000085380000)
 Metaspace       used 70169K, committed 71680K, reserved 1114112K
  class space    used 7277K, committed 7936K, reserved 1048576K
}
Event: 15.763 GC heap after
{Heap after GC invocations=73 (full 3):
 PSYoungGen      total 15872K, used 1509K [0x00000000d5580000, 0x00000000d6c80000, 0x0000000100000000)
  eden space 14336K, 0% used [0x00000000d5580000,0x00000000d5580000,0x00000000d6380000)
  from space 1536K, 98% used [0x00000000d6800000,0x00000000d6979440,0x00000000d6980000)
  to   space 4608K, 0% used [0x00000000d6380000,0x00000000d6380000,0x00000000d6800000)
 ParOldGen       total 88576K, used 88108K [0x0000000080000000, 0x0000000085680000, 0x00000000d5580000)
  object space 88576K, 99% used [0x0000000080000000,0x000000008560b068,0x0000000085680000)
 Metaspace       used 70169K, committed 71680K, reserved 1114112K
  class space    used 7277K, committed 7936K, reserved 1048576K
}
Event: 17.580 GC heap before
{Heap before GC invocations=74 (full 3):
 PSYoungGen      total 15872K, used 15845K [0x00000000d5580000, 0x00000000d6c80000, 0x0000000100000000)
  eden space 14336K, 100% used [0x00000000d5580000,0x00000000d6380000,0x00000000d6380000)
  from space 1536K, 98% used [0x00000000d6800000,0x00000000d6979440,0x00000000d6980000)
  to   space 4608K, 0% used [0x00000000d6380000,0x00000000d6380000,0x00000000d6800000)
 ParOldGen       total 88576K, used 88108K [0x0000000080000000, 0x0000000085680000, 0x00000000d5580000)
  object space 88576K, 99% used [0x0000000080000000,0x000000008560b068,0x0000000085680000)
 Metaspace       used 70744K, committed 72320K, reserved 1114112K
  class space    used 7310K, committed 8000K, reserved 1048576K
}
Event: 17.583 GC heap after
{Heap after GC invocations=74 (full 3):
 PSYoungGen      total 16384K, used 2047K [0x00000000d5580000, 0x00000000d6980000, 0x0000000100000000)
  eden space 14336K, 0% used [0x00000000d5580000,0x00000000d5580000,0x00000000d6380000)
  from space 2048K, 99% used [0x00000000d6380000,0x00000000d657fd80,0x00000000d6580000)
  to   space 3072K, 0% used [0x00000000d6680000,0x00000000d6680000,0x00000000d6980000)
 ParOldGen       total 90112K, used 89600K [0x0000000080000000, 0x0000000085800000, 0x00000000d5580000)
  object space 90112K, 99% used [0x0000000080000000,0x00000000857803e8,0x0000000085800000)
 Metaspace       used 70744K, committed 72320K, reserved 1114112K
  class space    used 7310K, committed 8000K, reserved 1048576K
}
Event: 20.129 GC heap before
{Heap before GC invocations=75 (full 3):
 PSYoungGen      total 16384K, used 16383K [0x00000000d5580000, 0x00000000d6980000, 0x0000000100000000)
  eden space 14336K, 100% used [0x00000000d5580000,0x00000000d6380000,0x00000000d6380000)
  from space 2048K, 99% used [0x00000000d6380000,0x00000000d657fd80,0x00000000d6580000)
  to   space 3072K, 0% used [0x00000000d6680000,0x00000000d6680000,0x00000000d6980000)
 ParOldGen       total 90112K, used 89600K [0x0000000080000000, 0x0000000085800000, 0x00000000d5580000)
  object space 90112K, 99% used [0x0000000080000000,0x00000000857803e8,0x0000000085800000)
 Metaspace       used 70943K, committed 72576K, reserved 1114112K
  class space    used 7316K, committed 8000K, reserved 1048576K
}
Event: 20.131 GC heap after
{Heap after GC invocations=75 (full 3):
 PSYoungGen      total 15872K, used 1439K [0x00000000d5580000, 0x00000000d6800000, 0x0000000100000000)
  eden space 14336K, 0% used [0x00000000d5580000,0x00000000d5580000,0x00000000d6380000)
  from space 1536K, 93% used [0x00000000d6680000,0x00000000d67e7d60,0x00000000d6800000)
  to   space 2048K, 0% used [0x00000000d6400000,0x00000000d6400000,0x00000000d6600000)
 ParOldGen       total 90112K, used 89931K [0x0000000080000000, 0x0000000085800000, 0x00000000d5580000)
  object space 90112K, 99% used [0x0000000080000000,0x00000000857d2d28,0x0000000085800000)
 Metaspace       used 70943K, committed 72576K, reserved 1114112K
  class space    used 7316K, committed 8000K, reserved 1048576K
}

