# JRE version: OpenJDK Runtime Environment Temurin-21.0.8+9 (21.0.8+9) (build 21.0.8+9-LTS)
# Java VM: OpenJDK 64-Bit Server VM Temurin-21.0.8+9 (21.0.8+9-LTS, mixed mode, sharing, tiered, compressed oops, compressed class ptrs, parallel gc, windows-amd64)
GC Precious Log:
 CardTable entry size: 512
 CPUs: 12 total, 12 available
 Memory: 5981M
 Large Page Support: Disabled
 NUMA Support: Disabled
 Compressed Oops: Enabled (32-bit)
 Alignments: Space 512K, Generation 512K, Heap 2M
 Heap Min Capacity: 100M
 Heap Initial Capacity: 100M
 Heap Max Capacity: 2G
 Pre-touch: Disabled
 Parallel Workers: 10
Heap:
 PSYoungGen      total 2560K, used 675K [0x00000000d5580000, 0x00000000d5900000, 0x0000000100000000)
  eden space 2048K, 9% used [0x00000000d5580000,0x00000000d55b0fd8,0x00000000d5780000)
  from space 512K, 93% used [0x00000000d5800000,0x00000000d5878020,0x00000000d5880000)
  to   space 512K, 0% used [0x00000000d5880000,0x00000000d5880000,0x00000000d5900000)
 ParOldGen       total 808448K, used 613432K [0x0000000080000000, 0x00000000b1580000, 0x00000000d5580000)
  object space 808448K, 75% used [0x0000000080000000,0x00000000a570e1d0,0x00000000b1580000)
 Metaspace       used 85793K, committed 87744K, reserved 1179648K
  class space    used 8823K, committed 9728K, reserved 1048576K
GC Heap History (20 events):
Event: 2016.297 GC heap before
{Heap before GC invocations=1386 (full 4):
 PSYoungGen      total 3072K, used 2640K [0x00000000d5580000, 0x00000000d5980000, 0x0000000100000000)
  eden space 2048K, 100% used [0x00000000d5580000,0x00000000d5780000,0x00000000d5780000)
  from space 1024K, 57% used [0x00000000d5780000,0x00000000d5814010,0x00000000d5880000)
  to   space 1024K, 0% used [0x00000000d5880000,0x00000000d5880000,0x00000000d5980000)
 ParOldGen       total 808448K, used 610016K [0x0000000080000000, 0x00000000b1580000, 0x00000000d5580000)
  object space 808448K, 75% used [0x0000000080000000,0x00000000a53b81e0,0x00000000b1580000)
 Metaspace       used 85756K, committed 87680K, reserved 1179648K
  class space    used 8823K, committed 9728K, reserved 1048576K
}
Event: 2016.302 GC heap after
{Heap after GC invocations=1386 (full 4):
 PSYoungGen      total 2560K, used 416K [0x00000000d5580000, 0x00000000d5900000, 0x0000000100000000)
  eden space 2048K, 0% used [0x00000000d5580000,0x00000000d5580000,0x00000000d5780000)
  from space 512K, 81% used [0x00000000d5880000,0x00000000d58e8000,0x00000000d5900000)
  to   space 512K, 0% used [0x00000000d5800000,0x00000000d5800000,0x00000000d5880000)
 ParOldGen       total 808448K, used 610449K [0x0000000080000000, 0x00000000b1580000, 0x00000000d5580000)
  object space 808448K, 75% used [0x0000000080000000,0x00000000a5424688,0x00000000b1580000)
 Metaspace       used 85756K, committed 87680K, reserved 1179648K
  class space    used 8823K, committed 9728K, reserved 1048576K
}
Event: 2016.325 GC heap before
{Heap before GC invocations=1387 (full 4):
 PSYoungGen      total 2560K, used 2460K [0x00000000d5580000, 0x00000000d5900000, 0x0000000100000000)
  eden space 2048K, 99% used [0x00000000d5580000,0x00000000d577f250,0x00000000d5780000)
  from space 512K, 81% used [0x00000000d5880000,0x00000000d58e8000,0x00000000d5900000)
  to   space 512K, 0% used [0x00000000d5800000,0x00000000d5800000,0x00000000d5880000)
 ParOldGen       total 808448K, used 610449K [0x0000000080000000, 0x00000000b1580000, 0x00000000d5580000)
  object space 808448K, 75% used [0x0000000080000000,0x00000000a5424688,0x00000000b1580000)
 Metaspace       used 85758K, committed 87680K, reserved 1179648K
  class space    used 8823K, committed 9728K, reserved 1048576K
}
Event: 2016.330 GC heap after
{Heap after GC invocations=1387 (full 4):
 PSYoungGen      total 2560K, used 512K [0x00000000d5580000, 0x00000000d5980000, 0x0000000100000000)
  eden space 2048K, 0% used [0x00000000d5580000,0x00000000d5580000,0x00000000d5780000)
  from space 512K, 100% used [0x00000000d5800000,0x00000000d5880000,0x00000000d5880000)
  to   space 1024K, 0% used [0x00000000d5880000,0x00000000d5880000,0x00000000d5980000)
 ParOldGen       total 808448K, used 610778K [0x0000000080000000, 0x00000000b1580000, 0x00000000d5580000)
  object space 808448K, 75% used [0x0000000080000000,0x00000000a54768d8,0x00000000b1580000)
 Metaspace       used 85758K, committed 87680K, reserved 1179648K
  class space    used 8823K, committed 9728K, reserved 1048576K
}
Event: 2016.602 GC heap before
{Heap before GC invocations=1388 (full 4):
 PSYoungGen      total 2560K, used 2560K [0x00000000d5580000, 0x00000000d5980000, 0x0000000100000000)
  eden space 2048K, 100% used [0x00000000d5580000,0x00000000d5780000,0x00000000d5780000)
  from space 512K, 100% used [0x00000000d5800000,0x00000000d5880000,0x00000000d5880000)
  to   space 1024K, 0% used [0x00000000d5880000,0x00000000d5880000,0x00000000d5980000)
 ParOldGen       total 808448K, used 610778K [0x0000000080000000, 0x00000000b1580000, 0x00000000d5580000)
  object space 808448K, 75% used [0x0000000080000000,0x00000000a54768d8,0x00000000b1580000)
 Metaspace       used 85767K, committed 87680K, reserved 1179648K
  class space    used 8823K, committed 9728K, reserved 1048576K
}
Event: 2016.606 GC heap after
{Heap after GC invocations=1388 (full 4):
 PSYoungGen      total 2560K, used 272K [0x00000000d5580000, 0x00000000d5900000, 0x0000000100000000)
  eden space 2048K, 0% used [0x00000000d5580000,0x00000000d5580000,0x00000000d5780000)
  from space 512K, 53% used [0x00000000d5880000,0x00000000d58c4010,0x00000000d5900000)
  to   space 512K, 0% used [0x00000000d5800000,0x00000000d5800000,0x00000000d5880000)
 ParOldGen       total 808448K, used 611213K [0x0000000080000000, 0x00000000b1580000, 0x00000000d5580000)
  object space 808448K, 75% used [0x0000000080000000,0x00000000a54e37d8,0x00000000b1580000)
 Metaspace       used 85767K, committed 87680K, reserved 1179648K
  class space    used 8823K, committed 9728K, reserved 1048576K
}
Event: 2016.634 GC heap before
{Heap before GC invocations=1389 (full 4):
 PSYoungGen      total 2560K, used 2320K [0x00000000d5580000, 0x00000000d5900000, 0x0000000100000000)
  eden space 2048K, 100% used [0x00000000d5580000,0x00000000d5780000,0x00000000d5780000)
  from space 512K, 53% used [0x00000000d5880000,0x00000000d58c4010,0x00000000d5900000)
  to   space 512K, 0% used [0x00000000d5800000,0x00000000d5800000,0x00000000d5880000)
 ParOldGen       total 808448K, used 611213K [0x0000000080000000, 0x00000000b1580000, 0x00000000d5580000)
  object space 808448K, 75% used [0x0000000080000000,0x00000000a54e37d8,0x00000000b1580000)
 Metaspace       used 85776K, committed 87744K, reserved 1179648K
  class space    used 8823K, committed 9728K, reserved 1048576K
}
Event: 2016.638 GC heap after
{Heap after GC invocations=1389 (full 4):
 PSYoungGen      total 2560K, used 512K [0x00000000d5580000, 0x00000000d5980000, 0x0000000100000000)
  eden space 2048K, 0% used [0x00000000d5580000,0x00000000d5580000,0x00000000d5780000)
  from space 512K, 100% used [0x00000000d5800000,0x00000000d5880000,0x00000000d5880000)
  to   space 1024K, 0% used [0x00000000d5880000,0x00000000d5880000,0x00000000d5980000)
 ParOldGen       total 808448K, used 611444K [0x0000000080000000, 0x00000000b1580000, 0x00000000d5580000)
  object space 808448K, 75% used [0x0000000080000000,0x00000000a551d3b0,0x00000000b1580000)
 Metaspace       used 85776K, committed 87744K, reserved 1179648K
  class space    used 8823K, committed 9728K, reserved 1048576K
}
Event: 2016.649 GC heap before
{Heap before GC invocations=1390 (full 4):
 PSYoungGen      total 2560K, used 2560K [0x00000000d5580000, 0x00000000d5980000, 0x0000000100000000)
  eden space 2048K, 100% used [0x00000000d5580000,0x00000000d5780000,0x00000000d5780000)
  from space 512K, 100% used [0x00000000d5800000,0x00000000d5880000,0x00000000d5880000)
  to   space 1024K, 0% used [0x00000000d5880000,0x00000000d5880000,0x00000000d5980000)
 ParOldGen       total 808448K, used 611444K [0x0000000080000000, 0x00000000b1580000, 0x00000000d5580000)
  object space 808448K, 75% used [0x0000000080000000,0x00000000a551d3b0,0x00000000b1580000)
 Metaspace       used 85776K, committed 87744K, reserved 1179648K
  class space    used 8823K, committed 9728K, reserved 1048576K
}
Event: 2016.653 GC heap after
{Heap after GC invocations=1390 (full 4):
 PSYoungGen      total 3072K, used 384K [0x00000000d5580000, 0x00000000d5980000, 0x0000000100000000)
  eden space 2048K, 0% used [0x00000000d5580000,0x00000000d5580000,0x00000000d5780000)
  from space 1024K, 37% used [0x00000000d5880000,0x00000000d58e0000,0x00000000d5980000)
  to   space 1024K, 0% used [0x00000000d5780000,0x00000000d5780000,0x00000000d5880000)
 ParOldGen       total 808448K, used 611925K [0x0000000080000000, 0x00000000b1580000, 0x00000000d5580000)
  object space 808448K, 75% used [0x0000000080000000,0x00000000a55954e8,0x00000000b1580000)
 Metaspace       used 85776K, committed 87744K, reserved 1179648K
  class space    used 8823K, committed 9728K, reserved 1048576K
}
Event: 2019.249 GC heap before
{Heap before GC invocations=1391 (full 4):
 PSYoungGen      total 3072K, used 2432K [0x00000000d5580000, 0x00000000d5980000, 0x0000000100000000)
  eden space 2048K, 100% used [0x00000000d5580000,0x00000000d5780000,0x00000000d5780000)
  from space 1024K, 37% used [0x00000000d5880000,0x00000000d58e0000,0x00000000d5980000)
  to   space 1024K, 0% used [0x00000000d5780000,0x00000000d5780000,0x00000000d5880000)
 ParOldGen       total 808448K, used 611925K [0x0000000080000000, 0x00000000b1580000, 0x00000000d5580000)
  object space 808448K, 75% used [0x0000000080000000,0x00000000a55954e8,0x00000000b1580000)
 Metaspace       used 85776K, committed 87744K, reserved 1179648K
  class space    used 8823K, committed 9728K, reserved 1048576K
}
Event: 2019.253 GC heap after
{Heap after GC invocations=1391 (full 4):
 PSYoungGen      total 3072K, used 448K [0x00000000d5580000, 0x00000000d5900000, 0x0000000100000000)
  eden space 2048K, 0% used [0x00000000d5580000,0x00000000d5580000,0x00000000d5780000)
  from space 1024K, 43% used [0x00000000d5780000,0x00000000d57f0000,0x00000000d5880000)
  to   space 512K, 0% used [0x00000000d5880000,0x00000000d5880000,0x00000000d5900000)
 ParOldGen       total 808448K, used 612157K [0x0000000080000000, 0x00000000b1580000, 0x00000000d5580000)
  object space 808448K, 75% used [0x0000000080000000,0x00000000a55cf4e8,0x00000000b1580000)
 Metaspace       used 85776K, committed 87744K, reserved 1179648K
  class space    used 8823K, committed 9728K, reserved 1048576K
}
Event: 2019.266 GC heap before
{Heap before GC invocations=1392 (full 4):
 PSYoungGen      total 3072K, used 2496K [0x00000000d5580000, 0x00000000d5900000, 0x0000000100000000)
  eden space 2048K, 100% used [0x00000000d5580000,0x00000000d5780000,0x00000000d5780000)
  from space 1024K, 43% used [0x00000000d5780000,0x00000000d57f0000,0x00000000d5880000)
  to   space 512K, 0% used [0x00000000d5880000,0x00000000d5880000,0x00000000d5900000)
 ParOldGen       total 808448K, used 612157K [0x0000000080000000, 0x00000000b1580000, 0x00000000d5580000)
  object space 808448K, 75% used [0x0000000080000000,0x00000000a55cf4e8,0x00000000b1580000)
 Metaspace       used 85776K, committed 87744K, reserved 1179648K
  class space    used 8823K, committed 9728K, reserved 1048576K
}
Event: 2019.269 GC heap after
{Heap after GC invocations=1392 (full 4):
 PSYoungGen      total 2560K, used 256K [0x00000000d5580000, 0x00000000d5900000, 0x0000000100000000)
  eden space 2048K, 0% used [0x00000000d5580000,0x00000000d5580000,0x00000000d5780000)
  from space 512K, 50% used [0x00000000d5880000,0x00000000d58c0000,0x00000000d5900000)
  to   space 512K, 0% used [0x00000000d5800000,0x00000000d5800000,0x00000000d5880000)
 ParOldGen       total 808448K, used 612493K [0x0000000080000000, 0x00000000b1580000, 0x00000000d5580000)
  object space 808448K, 75% used [0x0000000080000000,0x00000000a5623670,0x00000000b1580000)
 Metaspace       used 85776K, committed 87744K, reserved 1179648K
  class space    used 8823K, committed 9728K, reserved 1048576K
}
Event: 2019.278 GC heap before
{Heap before GC invocations=1393 (full 4):
 PSYoungGen      total 2560K, used 2304K [0x00000000d5580000, 0x00000000d5900000, 0x0000000100000000)
  eden space 2048K, 100% used [0x00000000d5580000,0x00000000d5780000,0x00000000d5780000)
  from space 512K, 50% used [0x00000000d5880000,0x00000000d58c0000,0x00000000d5900000)
  to   space 512K, 0% used [0x00000000d5800000,0x00000000d5800000,0x00000000d5880000)
 ParOldGen       total 808448K, used 612493K [0x0000000080000000, 0x00000000b1580000, 0x00000000d5580000)
  object space 808448K, 75% used [0x0000000080000000,0x00000000a5623670,0x00000000b1580000)
 Metaspace       used 85776K, committed 87744K, reserved 1179648K
  class space    used 8823K, committed 9728K, reserved 1048576K
}
Event: 2019.280 GC heap after
{Heap after GC invocations=1393 (full 4):
 PSYoungGen      total 2560K, used 512K [0x00000000d5580000, 0x00000000d5980000, 0x0000000100000000)
  eden space 2048K, 0% used [0x00000000d5580000,0x00000000d5580000,0x00000000d5780000)
  from space 512K, 100% used [0x00000000d5800000,0x00000000d5880000,0x00000000d5880000)
  to   space 1024K, 0% used [0x00000000d5880000,0x00000000d5880000,0x00000000d5980000)
 ParOldGen       total 808448K, used 612663K [0x0000000080000000, 0x00000000b1580000, 0x00000000d5580000)
  object space 808448K, 75% used [0x0000000080000000,0x00000000a564df80,0x00000000b1580000)
 Metaspace       used 85776K, committed 87744K, reserved 1179648K
  class space    used 8823K, committed 9728K, reserved 1048576K
}
Event: 2019.292 GC heap before
{Heap before GC invocations=1394 (full 4):
 PSYoungGen      total 2560K, used 2560K [0x00000000d5580000, 0x00000000d5980000, 0x0000000100000000)
  eden space 2048K, 100% used [0x00000000d5580000,0x00000000d5780000,0x00000000d5780000)
  from space 512K, 100% used [0x00000000d5800000,0x00000000d5880000,0x00000000d5880000)
  to   space 1024K, 0% used [0x00000000d5880000,0x00000000d5880000,0x00000000d5980000)
 ParOldGen       total 808448K, used 612663K [0x0000000080000000, 0x00000000b1580000, 0x00000000d5580000)
  object space 808448K, 75% used [0x0000000080000000,0x00000000a564df80,0x00000000b1580000)
 Metaspace       used 85776K, committed 87744K, reserved 1179648K
  class space    used 8823K, committed 9728K, reserved 1048576K
}
Event: 2019.296 GC heap after
{Heap after GC invocations=1394 (full 4):
 PSYoungGen      total 2560K, used 416K [0x00000000d5580000, 0x00000000d5900000, 0x0000000100000000)
  eden space 2048K, 0% used [0x00000000d5580000,0x00000000d5580000,0x00000000d5780000)
  from space 512K, 81% used [0x00000000d5880000,0x00000000d58e8000,0x00000000d5900000)
  to   space 512K, 0% used [0x00000000d5800000,0x00000000d5800000,0x00000000d5880000)
 ParOldGen       total 808448K, used 613176K [0x0000000080000000, 0x00000000b1580000, 0x00000000d5580000)
  object space 808448K, 75% used [0x0000000080000000,0x00000000a56ce1d0,0x00000000b1580000)
 Metaspace       used 85776K, committed 87744K, reserved 1179648K
  class space    used 8823K, committed 9728K, reserved 1048576K
}
Event: 2020.016 GC heap before
{Heap before GC invocations=1395 (full 4):
 PSYoungGen      total 2560K, used 2464K [0x00000000d5580000, 0x00000000d5900000, 0x0000000100000000)
  eden space 2048K, 100% used [0x00000000d5580000,0x00000000d5780000,0x00000000d5780000)
  from space 512K, 81% used [0x00000000d5880000,0x00000000d58e8000,0x00000000d5900000)
  to   space 512K, 0% used [0x00000000d5800000,0x00000000d5800000,0x00000000d5880000)
 ParOldGen       total 808448K, used 613176K [0x0000000080000000, 0x00000000b1580000, 0x00000000d5580000)
  object space 808448K, 75% used [0x0000000080000000,0x00000000a56ce1d0,0x00000000b1580000)
 Metaspace       used 85791K, committed 87744K, reserved 1179648K
  class space    used 8823K, committed 9728K, reserved 1048576K
}
Event: 2020.019 GC heap after
{Heap after GC invocations=1395 (full 4):
 PSYoungGen      total 2560K, used 480K [0x00000000d5580000, 0x00000000d5900000, 0x0000000100000000)
  eden space 2048K, 0% used [0x00000000d5580000,0x00000000d5580000,0x00000000d5780000)
  from space 512K, 93% used [0x00000000d5800000,0x00000000d5878020,0x00000000d5880000)
  to   space 512K, 0% used [0x00000000d5880000,0x00000000d5880000,0x00000000d5900000)
 ParOldGen       total 808448K, used 613432K [0x0000000080000000, 0x00000000b1580000, 0x00000000d5580000)
  object space 808448K, 75% used [0x0000000080000000,0x00000000a570e1d0,0x00000000b1580000)
 Metaspace       used 85791K, committed 87744K, reserved 1179648K
  class space    used 8823K, committed 9728K, reserved 1048576K
}

